000 (1830716.000.000) 07/18 09:51:12 Job submitted from host: <188.185.125.71:9618?addrs=188.185.125.71-9618+[2001-1458-d00-4a--100-15e]-9618&alias=bigbird28.cern.ch&noUDP&sock=schedd_1933_74a8>
...
040 (1830716.000.000) 07/18 09:52:38 Started transferring input files
	Transferring to host: <188.184.162.171:9618?addrs=188.184.162.171-9618+[2001-1458-301-4a--100-a5]-9618&alias=b7s11p2868.cern.ch&noUDP&sock=slot1_34_122873_e4de_129199>
...
040 (1830716.000.000) 07/18 09:52:38 Finished transferring input files
...
001 (1830716.000.000) 07/18 09:52:39 Job executing on host: <188.184.162.171:9618?addrs=188.184.162.171-9618+[2001-1458-301-4a--100-a5]-9618&alias=b7s11p2868.cern.ch&noUDP&sock=startd_28605_3aad>
...
006 (1830716.000.000) 07/18 09:52:48 Image size of job updated: 175088
	2  -  MemoryUsage of job (MB)
	1036  -  ResidentSetSize of job (KB)
...
006 (1830716.000.000) 07/18 09:57:49 Image size of job updated: 1230640
	122  -  MemoryUsage of job (MB)
	124312  -  ResidentSetSize of job (KB)
...
006 (1830716.000.000) 07/18 10:02:50 Image size of job updated: 1230780
	122  -  MemoryUsage of job (MB)
	124560  -  ResidentSetSize of job (KB)
...
006 (1830716.000.000) 07/18 10:07:50 Image size of job updated: 1231424
	123  -  MemoryUsage of job (MB)
	125248  -  ResidentSetSize of job (KB)
...
006 (1830716.000.000) 07/18 10:12:50 Image size of job updated: 1231424
	123  -  MemoryUsage of job (MB)
	125276  -  ResidentSetSize of job (KB)
...
006 (1830716.000.000) 07/18 10:17:51 Image size of job updated: 1231424
	123  -  MemoryUsage of job (MB)
	125304  -  ResidentSetSize of job (KB)
...
006 (1830716.000.000) 07/18 10:22:51 Image size of job updated: 1231576
	123  -  MemoryUsage of job (MB)
	125448  -  ResidentSetSize of job (KB)
...
006 (1830716.000.000) 07/18 10:27:51 Image size of job updated: 1231576
	123  -  MemoryUsage of job (MB)
	125528  -  ResidentSetSize of job (KB)
...
006 (1830716.000.000) 07/18 10:32:52 Image size of job updated: 1231716
	123  -  MemoryUsage of job (MB)
	125648  -  ResidentSetSize of job (KB)
...
006 (1830716.000.000) 07/18 10:37:53 Image size of job updated: 1231716
	123  -  MemoryUsage of job (MB)
	125740  -  ResidentSetSize of job (KB)
...
006 (1830716.000.000) 07/18 10:42:53 Image size of job updated: 1231864
	123  -  MemoryUsage of job (MB)
	125796  -  ResidentSetSize of job (KB)
...
006 (1830716.000.000) 07/18 10:47:54 Image size of job updated: 1231864
	123  -  MemoryUsage of job (MB)
	125928  -  ResidentSetSize of job (KB)
...
006 (1830716.000.000) 07/18 10:52:55 Image size of job updated: 1232152
	124  -  MemoryUsage of job (MB)
	126208  -  ResidentSetSize of job (KB)
...
006 (1830716.000.000) 07/18 10:57:55 Image size of job updated: 1232308
	124  -  MemoryUsage of job (MB)
	126268  -  ResidentSetSize of job (KB)
...
006 (1830716.000.000) 07/18 11:02:55 Image size of job updated: 1232308
	124  -  MemoryUsage of job (MB)
	126276  -  ResidentSetSize of job (KB)
...
006 (1830716.000.000) 07/18 11:07:56 Image size of job updated: 1232308
	124  -  MemoryUsage of job (MB)
	126284  -  ResidentSetSize of job (KB)
...
006 (1830716.000.000) 07/18 11:12:56 Image size of job updated: 1232308
	124  -  MemoryUsage of job (MB)
	126288  -  ResidentSetSize of job (KB)
...
006 (1830716.000.000) 07/18 11:17:56 Image size of job updated: 1414184
	300  -  MemoryUsage of job (MB)
	306380  -  ResidentSetSize of job (KB)
...
006 (1830716.000.000) 07/18 11:22:57 Image size of job updated: 1414184
	300  -  MemoryUsage of job (MB)
	306428  -  ResidentSetSize of job (KB)
...
006 (1830716.000.000) 07/18 11:48:00 Image size of job updated: 1414184
	300  -  MemoryUsage of job (MB)
	306572  -  ResidentSetSize of job (KB)
...
006 (1830716.000.000) 07/18 11:58:01 Image size of job updated: 1414184
	300  -  MemoryUsage of job (MB)
	306624  -  ResidentSetSize of job (KB)
...
006 (1830716.000.000) 07/18 12:03:01 Image size of job updated: 1414712
	300  -  MemoryUsage of job (MB)
	307116  -  ResidentSetSize of job (KB)
...
006 (1830716.000.000) 07/18 12:08:01 Image size of job updated: 1414844
	301  -  MemoryUsage of job (MB)
	307212  -  ResidentSetSize of job (KB)
...
006 (1830716.000.000) 07/18 12:13:02 Image size of job updated: 1414844
	301  -  MemoryUsage of job (MB)
	307256  -  ResidentSetSize of job (KB)
...
006 (1830716.000.000) 07/18 12:18:03 Image size of job updated: 1415108
	301  -  MemoryUsage of job (MB)
	307480  -  ResidentSetSize of job (KB)
...
006 (1830716.000.000) 07/18 12:28:04 Image size of job updated: 1415108
	301  -  MemoryUsage of job (MB)
	307484  -  ResidentSetSize of job (KB)
...
006 (1830716.000.000) 07/18 12:33:05 Image size of job updated: 1415108
	301  -  MemoryUsage of job (MB)
	307532  -  ResidentSetSize of job (KB)
...
006 (1830716.000.000) 07/18 12:38:05 Image size of job updated: 1415108
	301  -  MemoryUsage of job (MB)
	307540  -  ResidentSetSize of job (KB)
...
006 (1830716.000.000) 07/18 12:43:06 Image size of job updated: 1415108
	301  -  MemoryUsage of job (MB)
	307576  -  ResidentSetSize of job (KB)
...
006 (1830716.000.000) 07/18 12:48:07 Image size of job updated: 1415240
	301  -  MemoryUsage of job (MB)
	307624  -  ResidentSetSize of job (KB)
...
006 (1830716.000.000) 07/18 12:53:07 Image size of job updated: 1588792
	470  -  MemoryUsage of job (MB)
	481248  -  ResidentSetSize of job (KB)
...
006 (1830716.000.000) 07/18 12:58:07 Image size of job updated: 1588792
	470  -  MemoryUsage of job (MB)
	481268  -  ResidentSetSize of job (KB)
...
006 (1830716.000.000) 07/18 14:38:19 Image size of job updated: 1589268
	471  -  MemoryUsage of job (MB)
	481536  -  ResidentSetSize of job (KB)
...
006 (1830716.000.000) 07/18 15:08:21 Image size of job updated: 1589268
	471  -  MemoryUsage of job (MB)
	481552  -  ResidentSetSize of job (KB)
...
006 (1830716.000.000) 07/18 15:13:22 Image size of job updated: 1589268
	471  -  MemoryUsage of job (MB)
	481564  -  ResidentSetSize of job (KB)
...
006 (1830716.000.000) 07/18 15:18:22 Image size of job updated: 1589268
	471  -  MemoryUsage of job (MB)
	481580  -  ResidentSetSize of job (KB)
...
006 (1830716.000.000) 07/18 15:23:23 Image size of job updated: 1589268
	471  -  MemoryUsage of job (MB)
	481584  -  ResidentSetSize of job (KB)
...
006 (1830716.000.000) 07/18 15:38:24 Image size of job updated: 1589268
	471  -  MemoryUsage of job (MB)
	481588  -  ResidentSetSize of job (KB)
...
006 (1830716.000.000) 07/18 15:43:25 Image size of job updated: 1589268
	471  -  MemoryUsage of job (MB)
	481608  -  ResidentSetSize of job (KB)
...
006 (1830716.000.000) 07/18 16:13:27 Image size of job updated: 1589640
	471  -  MemoryUsage of job (MB)
	481872  -  ResidentSetSize of job (KB)
...
006 (1830716.000.000) 07/18 16:48:30 Image size of job updated: 1589640
	471  -  MemoryUsage of job (MB)
	481880  -  ResidentSetSize of job (KB)
...
006 (1830716.000.000) 07/18 16:53:31 Image size of job updated: 1589640
	471  -  MemoryUsage of job (MB)
	481884  -  ResidentSetSize of job (KB)
...
006 (1830716.000.000) 07/18 16:58:31 Image size of job updated: 1589640
	471  -  MemoryUsage of job (MB)
	481908  -  ResidentSetSize of job (KB)
...
006 (1830716.000.000) 07/18 17:03:32 Image size of job updated: 1589640
	471  -  MemoryUsage of job (MB)
	481940  -  ResidentSetSize of job (KB)
...
006 (1830716.000.000) 07/18 17:13:33 Image size of job updated: 1589640
	471  -  MemoryUsage of job (MB)
	481944  -  ResidentSetSize of job (KB)
...
006 (1830716.000.000) 07/18 17:23:34 Image size of job updated: 1589640
	471  -  MemoryUsage of job (MB)
	481948  -  ResidentSetSize of job (KB)
...
006 (1830716.000.000) 07/18 17:28:34 Image size of job updated: 1589640
	471  -  MemoryUsage of job (MB)
	481968  -  ResidentSetSize of job (KB)
...
006 (1830716.000.000) 07/18 17:33:34 Image size of job updated: 1589640
	471  -  MemoryUsage of job (MB)
	481972  -  ResidentSetSize of job (KB)
...
006 (1830716.000.000) 07/18 17:38:35 Image size of job updated: 1589640
	471  -  MemoryUsage of job (MB)
	481976  -  ResidentSetSize of job (KB)
...
006 (1830716.000.000) 07/18 17:53:37 Image size of job updated: 1589640
	471  -  MemoryUsage of job (MB)
	481984  -  ResidentSetSize of job (KB)
...
006 (1830716.000.000) 07/18 18:13:39 Image size of job updated: 1589640
	471  -  MemoryUsage of job (MB)
	481988  -  ResidentSetSize of job (KB)
...
006 (1830716.000.000) 07/18 20:33:52 Image size of job updated: 1589640
	471  -  MemoryUsage of job (MB)
	481992  -  ResidentSetSize of job (KB)
...
040 (1830716.000.000) 07/18 20:37:39 Started transferring output files
...
040 (1830716.000.000) 07/18 20:37:50 Finished transferring output files
...
005 (1830716.000.000) 07/18 20:37:50 Job terminated.
	(1) Normal termination (return value 0)
		Usr 0 10:43:17, Sys 0 00:00:20  -  Run Remote Usage
		Usr 0 00:00:00, Sys 0 00:00:00  -  Run Local Usage
		Usr 0 10:43:17, Sys 0 00:00:20  -  Total Remote Usage
		Usr 0 00:00:00, Sys 0 00:00:00  -  Total Local Usage
	199856976  -  Run Bytes Sent By Job
	5176  -  Run Bytes Received By Job
	199856976  -  Total Bytes Sent By Job
	5176  -  Total Bytes Received By Job
	Partitionable Resources :     Usage  Request Allocated 
	   Cpus                 :      1.00        1         1 
	   Disk (KB)            : 195199           7   2948059 
	   Memory (MB)          :    471        2048      2100 

	Job terminated of its own accord at 2023-07-18T18:37:39Z.
...
