 -- Error ! Trying to access layer 1 outside of range. nLayers = 1
*** Error in `/afs/cern.ch/user/y/yumiao/public/HGCAL_Raw_Data_Handling/CommonModeTB_submission_version/PFCal/PFCalEE/userlib/bin/digitizer': free(): invalid pointer: 0x0000000004501030 ***
======= Backtrace: =========
/lib64/libc.so.6(+0x81329)[0x2b50fe252329]
/cvmfs/sft.cern.ch/lcg/views/LCG_97/x86_64-centos7-gcc8-opt/lib/libCore.so(_ZN7TStringaSERKS_+0x23)[0x2b50eb49e773]
/cvmfs/sft.cern.ch/lcg/views/LCG_97/x86_64-centos7-gcc8-opt/lib/libCore.so(_ZN7TSystem12GetLibrariesEPKcS1_b+0x5f2)[0x2b50eb4b3412]
/cvmfs/sft.cern.ch/lcg/views/LCG_97/x86_64-centos7-gcc8-opt/lib/libCore.so(_ZN7TSystem4LoadEPKcS1_b+0x4b)[0x2b50eb4b6bab]
/cvmfs/sft.cern.ch/lcg/views/LCG_97/x86_64-centos7-gcc8-opt/lib/libCore.so(_ZN5TROOT9LoadClassEPKcS1_b+0x73)[0x2b50eb444f93]
/cvmfs/sft.cern.ch/lcg/views/LCG_97/x86_64-centos7-gcc8-opt/lib/libCling.so(+0x420a6a)[0x2b5102637a6a]
/cvmfs/sft.cern.ch/lcg/views/LCG_97/x86_64-centos7-gcc8-opt/lib/libCling.so(+0x421019)[0x2b5102638019]
/cvmfs/sft.cern.ch/lcg/views/LCG_97/x86_64-centos7-gcc8-opt/lib/libCore.so(_ZNK6TClass13LoadClassInfoEv+0x15e)[0x2b50eb52986e]
/cvmfs/sft.cern.ch/lcg/views/LCG_97/x86_64-centos7-gcc8-opt/lib/libCling.so(+0x40f4c0)[0x2b51026264c0]
/cvmfs/sft.cern.ch/lcg/views/LCG_97/x86_64-centos7-gcc8-opt/lib/libCore.so(_ZN6TClass14GetListOfBasesEv+0x199)[0x2b50eb529a99]
/cvmfs/sft.cern.ch/lcg/views/LCG_97/x86_64-centos7-gcc8-opt/lib/libCore.so(_ZN6TClass12GetBaseClassEPKS_+0x28)[0x2b50eb529b78]
/cvmfs/sft.cern.ch/lcg/views/LCG_97/x86_64-centos7-gcc8-opt/lib/libCore.so(_ZNK6TClass12InheritsFromEPKS_+0x34)[0x2b50eb529c34]
/cvmfs/sft.cern.ch/lcg/views/LCG_97/x86_64-centos7-gcc8-opt/lib/libRIO.so(_ZN14TDirectoryFile4SaveEv+0x14d)[0x2b50ebcfca7d]
/cvmfs/sft.cern.ch/lcg/views/LCG_97/x86_64-centos7-gcc8-opt/lib/libRIO.so(_ZN14TDirectoryFile5CloseEPKc+0x2c)[0x2b50ebcfc85c]
/cvmfs/sft.cern.ch/lcg/views/LCG_97/x86_64-centos7-gcc8-opt/lib/libRIO.so(_ZN5TFile5CloseEPKc+0x146)[0x2b50ebd19396]
/cvmfs/sft.cern.ch/lcg/views/LCG_97/x86_64-centos7-gcc8-opt/lib/libCore.so(+0x19c051)[0x2b50eb442051]
/cvmfs/sft.cern.ch/lcg/views/LCG_97/x86_64-centos7-gcc8-opt/lib/libCore.so(_ZN5TROOT10CloseFilesEv+0x44)[0x2b50eb4429f4]
/lib64/libc.so.6(__cxa_finalize+0x9a)[0x2b50fe20b05a]
/cvmfs/sft.cern.ch/lcg/views/LCG_97/x86_64-centos7-gcc8-opt/lib/libCore.so(+0x19b253)[0x2b50eb441253]
======= Memory map: ========
00400000-00431000 r-xp 00000000 00:29 209596630                          /afs/cern.ch/user/y/yumiao/public/HGCAL_Raw_Data_Handling/CommonModeTB_submission_version/PFCal/PFCalEE/userlib/bin/digitizer
00631000-00632000 r--p 00031000 00:29 209596630                          /afs/cern.ch/user/y/yumiao/public/HGCAL_Raw_Data_Handling/CommonModeTB_submission_version/PFCal/PFCalEE/userlib/bin/digitizer
00632000-00633000 rw-p 00032000 00:29 209596630                          /afs/cern.ch/user/y/yumiao/public/HGCAL_Raw_Data_Handling/CommonModeTB_submission_version/PFCal/PFCalEE/userlib/bin/digitizer
02131000-076f5000 rw-p 00000000 00:00 0                                  [heap]
2b50eb082000-2b50eb0a4000 r-xp 00000000 103:00 6383012                   /usr/lib64/ld-2.17.so
2b50eb0a4000-2b50eb0ac000 rw-p 00000000 00:00 0 
2b50eb0ac000-2b50eb0b9000 r--p 00000000 00:45 56899462                   /cvmfs/sft.cern.ch/lcg/releases/ROOT/v6.20.02-10e75/x86_64-centos7-gcc8-opt/lib/xlocale.h.pcm
2b50eb0b9000-2b50eb0c6000 r--p 00000000 00:45 56899548                   /cvmfs/sft.cern.ch/lcg/releases/ROOT/v6.20.02-10e75/x86_64-centos7-gcc8-opt/lib/_Builtin_stddef_max_align_t.pcm
2b50eb0c6000-2b50eb0c8000 r-xp 00000000 00:00 0 
2b50eb0c8000-2b50eb0ca000 rw-p 00000000 00:00 0 
2b50eb0ca000-2b50eb0cc000 r-xp 00000000 00:00 0 
2b50eb0cc000-2b50eb126000 rw-p 00000000 00:00 0 
2b50eb126000-2b50eb13a000 r-xp 00000000 00:00 0 
2b50eb13a000-2b50eb13b000 rw-p 00000000 00:00 0 
2b50eb157000-2b50eb1b3000 rw-p 00000000 00:00 0 
2b50eb1b3000-2b50eb1d0000 r--p 00000000 00:45 56898677                   /cvmfs/sft.cern.ch/lcg/releases/ROOT/v6.20.02-10e75/x86_64-centos7-gcc8-opt/lib/Cling_Runtime.pcm
2b50eb1d0000-2b50eb1fb000 r--p 00000000 00:45 56898686                   /cvmfs/sft.cern.ch/lcg/releases/ROOT/v6.20.02-10e75/x86_64-centos7-gcc8-opt/lib/Cling_Runtime_Extra.pcm
2b50eb1fb000-2b50eb243000 r--p 00000000 00:45 56899556                   /cvmfs/sft.cern.ch/lcg/releases/ROOT/v6.20.02-10e75/x86_64-centos7-gcc8-opt/lib/ROOT_Foundation_C.pcm
2b50eb243000-2b50eb25c000 r--p 00000000 00:45 56899206                   /cvmfs/sft.cern.ch/lcg/releases/ROOT/v6.20.02-10e75/x86_64-centos7-gcc8-opt/lib/ROOT_Rtypes.pcm
2b50eb25c000-2b50eb27a000 r--p 00000000 00:45 56899592                   /cvmfs/sft.cern.ch/lcg/releases/ROOT/v6.20.02-10e75/x86_64-centos7-gcc8-opt/lib/ROOT_Config.pcm
2b50eb2a3000-2b50eb2a4000 r--p 00021000 103:00 6383012                   /usr/lib64/ld-2.17.so
2b50eb2a4000-2b50eb2a5000 rw-p 00022000 103:00 6383012                   /usr/lib64/ld-2.17.so
2b50eb2a5000-2b50eb2a6000 rw-p 00000000 00:00 0 
2b50eb2a6000-2b50eb778000 r-xp 00000000 00:45 56899484                   /cvmfs/sft.cern.ch/lcg/releases/ROOT/v6.20.02-10e75/x86_64-centos7-gcc8-opt/lib/libCore.so
2b50eb778000-2b50eb977000 ---p 004d2000 00:45 56899484                   /cvmfs/sft.cern.ch/lcg/releases/ROOT/v6.20.02-10e75/x86_64-centos7-gcc8-opt/lib/libCore.so
2b50eb977000-2b50eb9a1000 r--p 004d1000 00:45 56899484                   /cvmfs/sft.cern.ch/lcg/releases/ROOT/v6.20.02-10e75/x86_64-centos7-gcc8-opt/lib/libCore.so
2b50eb9a1000-2b50eb9a7000 rw-p 004fb000 00:45 56899484                   /cvmfs/sft.cern.ch/lcg/releases/ROOT/v6.20.02-10e75/x86_64-centos7-gcc8-opt/lib/libCore.so
2b50eb9a7000-2b50eb9db000 rw-p 00000000 00:00 0 
2b50eb9db000-2b50eb9e9000 r-xp 00000000 00:45 56898767                   /cvmfs/sft.cern.ch/lcg/releases/ROOT/v6.20.02-10e75/x86_64-centos7-gcc8-opt/lib/libImt.so
2b50eb9e9000-2b50ebbe8000 ---p 0000e000 00:45 56898767                   /cvmfs/sft.cern.ch/lcg/releases/ROOT/v6.20.02-10e75/x86_64-centos7-gcc8-opt/lib/libImt.so
2b50ebbe8000-2b50ebbe9000 r--p 0000d000 00:45 56898767                   /cvmfs/sft.cern.ch/lcg/releases/ROOT/v6.20.02-10e75/x86_64-centos7-gcc8-opt/lib/libImt.so
2b50ebbe9000-2b50ebbea000 rw-p 0000e000 00:45 56898767                   /cvmfs/sft.cern.ch/lcg/releases/ROOT/v6.20.02-10e75/x86_64-centos7-gcc8-opt/lib/libImt.so
2b50ebbea000-2b50ebf7f000 r-xp 00000000 00:45 56898803                   /cvmfs/sft.cern.ch/lcg/releases/ROOT/v6.20.02-10e75/x86_64-centos7-gcc8-opt/lib/libRIO.so
2b50ebf7f000-2b50ec17f000 ---p 00395000 00:45 56898803                   /cvmfs/sft.cern.ch/lcg/releases/ROOT/v6.20.02-10e75/x86_64-centos7-gcc8-opt/lib/libRIO.so
2b50ec17f000-2b50ec18c000 r--p 00395000 00:45 56898803                   /cvmfs/sft.cern.ch/lcg/releases/ROOT/v6.20.02-10e75/x86_64-centos7-gcc8-opt/lib/libRIO.so
2b50ec18c000-2b50ec18f000 rw-p 003a2000 00:45 56898803                   /cvmfs/sft.cern.ch/lcg/releases/ROOT/v6.20.02-10e75/x86_64-centos7-gcc8-opt/lib/libRIO.so
2b50ec18f000-2b50ec192000 rw-p 00000000 00:00 0 
2b50ec192000-2b50ec25d000 r-xp 00000000 00:45 56898799                   /cvmfs/sft.cern.ch/lcg/releases/ROOT/v6.20.02-10e75/x86_64-centos7-gcc8-opt/lib/libNet.so
2b50ec25d000-2b50ec45c000 ---p 000cb000 00:45 56898799                   /cvmfs/sft.cern.ch/lcg/releases/ROOT/v6.20.02-10e75/x86_64-centos7-gcc8-opt/lib/libNet.so
2b50ec45c000-2b50ec468000 r--p 000ca000 00:45 56898799                   /cvmfs/sft.cern.ch/lcg/releases/ROOT/v6.20.02-10e75/x86_64-centos7-gcc8-opt/lib/libNet.so
2b50ec468000-2b50ec46a000 rw-p 000d6000 00:45 56898799                   /cvmfs/sft.cern.ch/lcg/releases/ROOT/v6.20.02-10e75/x86_64-centos7-gcc8-opt/lib/libNet.so
2b50ec46a000-2b50ec471000 rw-p 00000000 00:00 0 
2b50ec471000-2b50ec82c000 r-xp 00000000 00:45 56899544                   /cvmfs/sft.cern.ch/lcg/releases/ROOT/v6.20.02-10e75/x86_64-centos7-gcc8-opt/lib/libHist.so
2b50ec82c000-2b50eca2c000 ---p 003bb000 00:45 56899544                   /cvmfs/sft.cern.ch/lcg/releases/ROOT/v6.20.02-10e75/x86_64-centos7-gcc8-opt/lib/libHist.so
2b50eca2c000-2b50eca56000 r--p 003bb000 00:45 56899544                   /cvmfs/sft.cern.ch/lcg/releases/ROOT/v6.20.02-10e75/x86_64-centos7-gcc8-opt/lib/libHist.so
2b50eca56000-2b50eca5a000 rw-p 003e5000 00:45 56899544                   /cvmfs/sft.cern.ch/lcg/releases/ROOT/v6.20.02-10e75/x86_64-centos7-gcc8-opt/lib/libHist.so
2b50eca5a000-2b50eca65000 rw-p 00000000 00:00 0 
2b50eca65000-2b50ecbaf000 r-xp 00000000 00:45 56899472                   /cvmfs/sft.cern.ch/lcg/releases/ROOT/v6.20.02-10e75/x86_64-centos7-gcc8-opt/lib/libGraf.so
2b50ecbaf000-2b50ecdae000 ---p 0014a000 00:45 56899472                   /cvmfs/sft.cern.ch/lcg/releases/ROOT/v6.20.02-10e75/x86_64-centos7-gcc8-opt/lib/libGraf.so
2b50ecdae000-2b50ecdbc000 r--p 00149000 00:45 56899472                   /cvmfs/sft.cern.ch/lcg/releases/ROOT/v6.20.02-10e75/x86_64-centos7-gcc8-opt/lib/libGraf.so
2b50ecdbc000-2b50ecdc0000 rw-p 00157000 00:45 56899472                   /cvmfs/sft.cern.ch/lcg/releases/ROOT/v6.20.02-10e75/x86_64-centos7-gcc8-opt/lib/libGraf.so
2b50ecdc0000-2b50ecdce000 rw-p 00000000 00:00 0 
2b50ecdce000-2b50ece6d000 r-xp 00000000 00:45 56898837                   /cvmfs/sft.cern.ch/lcg/releases/ROOT/v6.20.02-10e75/x86_64-centos7-gcc8-opt/lib/libGraf3d.so
2b50ece6d000-2b50ed06c000 ---p 0009f000 00:45 56898837                   /cvmfs/sft.cern.ch/lcg/releases/ROOT/v6.20.02-10e75/x86_64-centos7-gcc8-opt/lib/libGraf3d.so
2b50ed06c000-2b50ed076000 r--p 0009e000 00:45 56898837                   /cvmfs/sft.cern.ch/lcg/releases/ROOT/v6.20.02-10e75/x86_64-centos7-gcc8-opt/lib/libGraf3d.so
2b50ed076000-2b50ed077000 rw-p 000a8000 00:45 56898837                   /cvmfs/sft.cern.ch/lcg/releases/ROOT/v6.20.02-10e75/x86_64-centos7-gcc8-opt/lib/libGraf3d.so
2b50ed077000-2b50ed07b000 rw-p 00000000 00:00 0 
2b50ed07b000-2b50ed156000 r-xp 00000000 00:45 56898706                   /cvmfs/sft.cern.ch/lcg/releases/ROOT/v6.20.02-10e75/x86_64-centos7-gcc8-opt/lib/libGpad.so
2b50ed156000-2b50ed355000 ---p 000db000 00:45 56898706                   /cvmfs/sft.cern.ch/lcg/releases/ROOT/v6.20.02-10e75/x86_64-centos7-gcc8-opt/lib/libGpad.so
2b50ed355000-2b50ed35f000 r--p 000da000 00:45 56898706                   /cvmfs/sft.cern.ch/lcg/releases/ROOT/v6.20.02-10e75/x86_64-centos7-gcc8-opt/lib/libGpad.so
2b50ed35f000-2b50ed361000 rw-p 000e4000 00:45 56898706                   /cvmfs/sft.cern.ch/lcg/releases/ROOT/v6.20.02-10e75/x86_64-centos7-gcc8-opt/lib/libGpad.so
2b50ed361000-2b50ed362000 rw-p 00000000 00:00 0 
2b50ed362000-2b50ed436000 r-xp 00000000 00:45 56899420                   /cvmfs/sft.cern.ch/lcg/releases/ROOT/v6.20.02-10e75/x86_64-centos7-gcc8-opt/lib/libROOTVecOps.so
2b50ed436000-2b50ed635000 ---p 000d4000 00:45 56899420                   /cvmfs/sft.cern.ch/lcg/releases/ROOT/v6.20.02-10e75/x86_64-centos7-gcc8-opt/lib/libROOTVecOps.so
2b50ed635000-2b50ed637000 r--p 000d3000 00:45 56899420                   /cvmfs/sft.cern.ch/lcg/releases/ROOT/v6.20.02-10e75/x86_64-centos7-gcc8-opt/lib/libROOTVecOps.so
2b50ed637000-2b50ed638000 rw-p 000d5000 00:45 56899420                   /cvmfs/sft.cern.ch/lcg/releases/ROOT/v6.20.02-10e75/x86_64-centos7-gcc8-opt/lib/libROOTVecOps.so
2b50ed638000-2b50ed63a000 rw-p 00000000 00:00 0 
2b50ed63a000-2b50ed7a4000 r-xp 00000000 00:45 56898787                   /cvmfs/sft.cern.ch/lcg/releases/ROOT/v6.20.02-10e75/x86_64-centos7-gcc8-opt/lib/libTree.so
2b50ed7a4000-2b50ed9a3000 ---p 0016a000 00:45 56898787                   /cvmfs/sft.cern.ch/lcg/releases/ROOT/v6.20.02-10e75/x86_64-centos7-gcc8-opt/lib/libTree.so
2b50ed9a3000-2b50ed9b3000 r--p 00169000 00:45 56898787                   /cvmfs/sft.cern.ch/lcg/releases/ROOT/v6.20.02-10e75/x86_64-centos7-gcc8-opt/lib/libTree.so
2b50ed9b3000-2b50ed9b6000 rw-p 00179000 00:45 56898787                   /cvmfs/sft.cern.ch/lcg/releases/ROOT/v6.20.02-10e75/x86_64-centos7-gcc8-opt/lib/libTree.so
2b50ed9b6000-2b50ed9ba000 rw-p 00000000 00:00 0 
2b50ed9ba000-2b50edb2b000 r-xp 00000000 00:45 56899424                   /cvmfs/sft.cern.ch/lcg/releases/ROOT/v6.20.02-10e75/x86_64-centos7-gcc8-opt/lib/libTreePlayer.so
2b50edb2b000-2b50edd2b000 ---p 00171000 00:45 56899424                   /cvmfs/sft.cern.ch/lcg/releases/ROOT/v6.20.02-10e75/x86_64-centos7-gcc8-opt/lib/libTreePlayer.so
2b50edd2b000-2b50edd36000 r--p 00171000 00:45 56899424                   /cvmfs/sft.cern.ch/lcg/releases/ROOT/v6.20.02-10e75/x86_64-centos7-gcc8-opt/lib/libTreePlayer.so
2b50edd36000-2b50edd38000 rw-p 0017c000 00:45 56899424                   /cvmfs/sft.cern.ch/lcg/releases/ROOT/v6.20.02-10e75/x86_64-centos7-gcc8-opt/lib/libTreePlayer.so
2b50edd38000-2b50edd3f000 rw-p 00000000 00:00 0 
2b50edd3f000-2b50edd66000 r-xp 00000000 00:45 56901879                   /cvmfs/sft.cern.ch/lcg/releases/ROOT/v6.20.02-10e75/x86_64-centos7-gcc8-opt/lib/libRint.so
2b50edd66000-2b50edf65000 ---p 00027000 00:45 56901879                   /cvmfs/sft.cern.ch/lcg/releases/ROOT/v6.20.02-10e75/x86_64-centos7-gcc8-opt/lib/libRint.so
2b50edf65000-2b50edf67000 r--p 00026000 00:45 56901879                   /cvmfs/sft.cern.ch/lcg/releases/ROOT/v6.20.02-10e75/x86_64-centos7-gcc8-opt/lib/libRint.so
2b50edf67000-2b50edf68000 rw-p 00028000 00:45 56901879                   /cvmfs/sft.cern.ch/lcg/releases/ROOT/v6.20.02-10e75/x86_64-centos7-gcc8-opt/lib/libRint.so
2b50edf68000-2b50edfd7000 r-xp 00000000 00:45 56899634                   /cvmfs/sft.cern.ch/lcg/releases/ROOT/v6.20.02-10e75/x86_64-centos7-gcc8-opt/lib/libPostscript.so
2b50edfd7000-2b50ee1d7000 ---p 0006f000 00:45 56899634                   /cvmfs/sft.cern.ch/lcg/releases/ROOT/v6.20.02-10e75/x86_64-centos7-gcc8-opt/lib/libPostscript.so
2b50ee1d7000-2b50ee1de000 r--p 0006f000 00:45 56899634                   /cvmfs/sft.cern.ch/lcg/releases/ROOT/v6.20.02-10e75/x86_64-centos7-gcc8-opt/lib/libPostscript.so
2b50ee1de000-2b50ee1df000 rw-p 00076000 00:45 56899634                   /cvmfs/sft.cern.ch/lcg/releases/ROOT/v6.20.02-10e75/x86_64-centos7-gcc8-opt/lib/libPostscript.so
2b50ee1df000-2b50ee1e0000 rw-p 00000000 00:00 0 
2b50ee1e0000-2b50ee34b000 r-xp 00000000 00:45 56899748                   /cvmfs/sft.cern.ch/lcg/releases/ROOT/v6.20.02-10e75/x86_64-centos7-gcc8-opt/lib/libMatrix.so
2b50ee34b000-2b50ee54a000 ---p 0016b000 00:45 56899748                   /cvmfs/sft.cern.ch/lcg/releases/ROOT/v6.20.02-10e75/x86_64-centos7-gcc8-opt/lib/libMatrix.so
2b50ee54a000-2b50ee552000 r--p 0016a000 00:45 56899748                   /cvmfs/sft.cern.ch/lcg/releases/ROOT/v6.20.02-10e75/x86_64-centos7-gcc8-opt/lib/libMatrix.so
2b50ee552000-2b50ee554000 rw-p 00172000 00:45 56899748                   /cvmfs/sft.cern.ch/lcg/releases/ROOT/v6.20.02-10e75/x86_64-centos7-gcc8-opt/lib/libMatrix.so
2b50ee554000-2b50ee558000 rw-p 00000000 00:00 0 
2b50ee558000-2b50ee5a0000 r-xp 00000000 00:45 56899458                   /cvmfs/sft.cern.ch/lcg/releases/ROOT/v6.20.02-10e75/x86_64-centos7-gcc8-opt/lib/libPhysics.so
2b50ee5a0000-2b50ee7a0000 ---p 00048000 00:45 56899458                   /cvmfs/sft.cern.ch/lcg/releases/ROOT/v6.20.02-10e75/x86_64-centos7-gcc8-opt/lib/libPhysics.so
2b50ee7a0000-2b50ee7a3000 r--p 00048000 00:45 56899458                   /cvmfs/sft.cern.ch/lcg/releases/ROOT/v6.20.02-10e75/x86_64-centos7-gcc8-opt/lib/libPhysics.so
2b50ee7a3000-2b50ee7a4000 rw-p 0004b000 00:45 56899458                   /cvmfs/sft.cern.ch/lcg/releases/ROOT/v6.20.02-10e75/x86_64-centos7-gcc8-opt/lib/libPhysics.so
2b50ee7a4000-2b50ee7a5000 rw-p 00000000 00:00 0 
2b50ee7a5000-2b50ee9a0000 r-xp 00000000 00:45 56898632                   /cvmfs/sft.cern.ch/lcg/releases/ROOT/v6.20.02-10e75/x86_64-centos7-gcc8-opt/lib/libMathCore.so
2b50ee9a0000-2b50eeba0000 ---p 001fb000 00:45 56898632                   /cvmfs/sft.cern.ch/lcg/releases/ROOT/v6.20.02-10e75/x86_64-centos7-gcc8-opt/lib/libMathCore.so
2b50eeba0000-2b50eebaa000 r--p 001fb000 00:45 56898632                   /cvmfs/sft.cern.ch/lcg/releases/ROOT/v6.20.02-10e75/x86_64-centos7-gcc8-opt/lib/libMathCore.so
2b50eebaa000-2b50eebad000 rw-p 00205000 00:45 56898632                   /cvmfs/sft.cern.ch/lcg/releases/ROOT/v6.20.02-10e75/x86_64-centos7-gcc8-opt/lib/libMathCore.so
2b50eebad000-2b50eebb6000 rw-p 00000000 00:00 0 
2b50eebb6000-2b50eec05000 r-xp 00000000 00:45 56898719                   /cvmfs/sft.cern.ch/lcg/releases/ROOT/v6.20.02-10e75/x86_64-centos7-gcc8-opt/lib/libThread.so
2b50eec05000-2b50eee04000 ---p 0004f000 00:45 56898719                   /cvmfs/sft.cern.ch/lcg/releases/ROOT/v6.20.02-10e75/x86_64-centos7-gcc8-opt/lib/libThread.so
2b50eee04000-2b50eee08000 r--p 0004e000 00:45 56898719                   /cvmfs/sft.cern.ch/lcg/releases/ROOT/v6.20.02-10e75/x86_64-centos7-gcc8-opt/lib/libThread.so
2b50eee08000-2b50eee09000 rw-p 00052000 00:45 56898719                   /cvmfs/sft.cern.ch/lcg/releases/ROOT/v6.20.02-10e75/x86_64-centos7-gcc8-opt/lib/libThread.so
2b50eee09000-2b50eee0b000 rw-p 00000000 00:00 0 
2b50eee0b000-2b50eee17000 r-xp 00000000 00:45 56898721                   /cvmfs/sft.cern.ch/lcg/releases/ROOT/v6.20.02-10e75/x86_64-centos7-gcc8-opt/lib/libMultiProc.so
2b50eee17000-2b50ef016000 ---p 0000c000 00:45 56898721                   /cvmfs/sft.cern.ch/lcg/releases/ROOT/v6.20.02-10e75/x86_64-centos7-gcc8-opt/lib/libMultiProc.so
2b50ef016000-2b50ef017000 r--p 0000b000 00:45 56898721                   /cvmfs/sft.cern.ch/lcg/releases/ROOT/v6.20.02-10e75/x86_64-centos7-gcc8-opt/lib/libMultiProc.so
2b50ef017000-2b50ef018000 rw-p 0000c000 00:45 56898721                   /cvmfs/sft.cern.ch/lcg/releases/ROOT/v6.20.02-10e75/x86_64-centos7-gcc8-opt/lib/libMultiProc.so
2b50ef018000-2b50ef0ca000 r-xp 00000000 00:45 56898715                   /cvmfs/sft.cern.ch/lcg/releases/ROOT/v6.20.02-10e75/x86_64-centos7-gcc8-opt/lib/libROOTDataFrame.so
2b50ef0ca000-2b50ef2ca000 ---p 000b2000 00:45 56898715                   /cvmfs/sft.cern.ch/lcg/releases/ROOT/v6.20.02-10e75/x86_64-centos7-gcc8-opt/lib/libROOTDataFrame.so
2b50ef2ca000-2b50ef2cd000 r--p 000b2000 00:45 56898715                   /cvmfs/sft.cern.ch/lcg/releases/ROOT/v6.20.02-10e75/x86_64-centos7-gcc8-opt/lib/libROOTDataFrame.so
2b50ef2cd000-2b50ef2cf000 rw-p 000b5000 00:45 56898715                   /cvmfs/sft.cern.ch/lcg/releases/ROOT/v6.20.02-10e75/x86_64-centos7-gcc8-opt/lib/libROOTDataFrame.so
2b50ef2cf000-2b50ef2d2000 rw-p 00000000 00:00 0 
2b50ef2d2000-2b50ef2d4000 r-xp 00000000 103:00 6383025                   /usr/lib64/libdl-2.17.so
2b50ef2d4000-2b50ef4d4000 ---p 00002000 103:00 6383025                   /usr/lib64/libdl-2.17.so
2b50ef4d4000-2b50ef4d5000 r--p 00002000 103:00 6383025                   /usr/lib64/libdl-2.17.so
2b50ef4d5000-2b50ef4d6000 rw-p 00003000 103:00 6383025                   /usr/lib64/libdl-2.17.so
2b50ef4d6000-2b50ef935000 r-xp 00000000 00:45 56899262                   /cvmfs/sft.cern.ch/lcg/releases/ROOT/v6.20.02-10e75/x86_64-centos7-gcc8-opt/lib/libGui.so
2b50ef935000-2b50efb35000 ---p 0045f000 00:45 56899262                   /cvmfs/sft.cern.ch/lcg/releases/ROOT/v6.20.02-10e75/x86_64-centos7-gcc8-opt/lib/libGui.so
2b50efb35000-2b50efb81000 r--p 0045f000 00:45 56899262                   /cvmfs/sft.cern.ch/lcg/releases/ROOT/v6.20.02-10e75/x86_64-centos7-gcc8-opt/lib/libGui.so
2b50efb81000-2b50efb86000 rw-p 004ab000 00:45 56899262                   /cvmfs/sft.cern.ch/lcg/releases/ROOT/v6.20.02-10e75/x86_64-centos7-gcc8-opt/lib/libGui.so
2b50efb86000-2b50efb97000 rw-p 00000000 00:00 0 
2b50efb97000-2b50efc98000 r-xp 00000000 103:00 6383027                   /usr/lib64/libm-2.17.so
2b50efc98000-2b50efe97000 ---p 00101000 103:00 6383027                   /usr/lib64/libm-2.17.so
2b50efe97000-2b50efe98000 r--p 00100000 103:00 6383027                   /usr/lib64/libm-2.17.so
2b50efe98000-2b50efe99000 rw-p 00101000 103:00 6383027                   /usr/lib64/libm-2.17.so
2b50efe99000-2b50eff0d000 r-xp 00000000 00:45 56899199                   /cvmfs/sft.cern.ch/lcg/releases/ROOT/v6.20.02-10e75/x86_64-centos7-gcc8-opt/lib/libGenVector.so
2b50eff0d000-2b50f010c000 ---p 00074000 00:45 56899199                   /cvmfs/sft.cern.ch/lcg/releases/ROOT/v6.20.02-10e75/x86_64-centos7-gcc8-opt/lib/libGenVector.so
2b50f010c000-2b50f010e000 r--p 00073000 00:45 56899199                   /cvmfs/sft.cern.ch/lcg/releases/ROOT/v6.20.02-10e75/x86_64-centos7-gcc8-opt/lib/libGenVector.so
2b50f010e000-2b50f010f000 rw-p 00075000 00:45 56899199                   /cvmfs/sft.cern.ch/lcg/releases/ROOT/v6.20.02-10e75/x86_64-centos7-gcc8-opt/lib/libGenVector.so
2b50f010f000-2b50f0117000 rw-p 00000000 00:00 0 
2b50f0117000-2b50f015b000 r-xp 00000000 00:45 56990719                   /cvmfs/sft.cern.ch/lcg/releases/fastjet/3.3.2-c962b/x86_64-centos7-gcc8-opt/lib/libfastjettools.so.0.0.0
2b50f015b000-2b50f035a000 ---p 00044000 00:45 56990719                   /cvmfs/sft.cern.ch/lcg/releases/fastjet/3.3.2-c962b/x86_64-centos7-gcc8-opt/lib/libfastjettools.so.0.0.0
2b50f035a000-2b50f035c000 r--p 00043000 00:45 56990719                   /cvmfs/sft.cern.ch/lcg/releases/fastjet/3.3.2-c962b/x86_64-centos7-gcc8-opt/lib/libfastjettools.so.0.0.0
2b50f035c000-2b50f035d000 rw-p 00045000 00:45 56990719                   /cvmfs/sft.cern.ch/lcg/releases/fastjet/3.3.2-c962b/x86_64-centos7-gcc8-opt/lib/libfastjettools.so.0.0.0
2b50f035d000-2b50f03ea000 r-xp 00000000 00:45 56990740                   /cvmfs/sft.cern.ch/lcg/releases/fastjet/3.3.2-c962b/x86_64-centos7-gcc8-opt/lib/libfastjet.so.0.0.0
2b50f03ea000-2b50f05e9000 ---p 0008d000 00:45 56990740                   /cvmfs/sft.cern.ch/lcg/releases/fastjet/3.3.2-c962b/x86_64-centos7-gcc8-opt/lib/libfastjet.so.0.0.0
2b50f05e9000-2b50f05ed000 r--p 0008c000 00:45 56990740                   /cvmfs/sft.cern.ch/lcg/releases/fastjet/3.3.2-c962b/x86_64-centos7-gcc8-opt/lib/libfastjet.so.0.0.0
2b50f05ed000-2b50f05ee000 rw-p 00090000 00:45 56990740                   /cvmfs/sft.cern.ch/lcg/releases/fastjet/3.3.2-c962b/x86_64-centos7-gcc8-opt/lib/libfastjet.so.0.0.0
2b50f05ee000-2b50f065f000 r-xp 00000000 00:45 56990720                   /cvmfs/sft.cern.ch/lcg/releases/fastjet/3.3.2-c962b/x86_64-centos7-gcc8-opt/lib/libfastjetplugins.so.0.0.0
2b50f065f000-2b50f085e000 ---p 00071000 00:45 56990720                   /cvmfs/sft.cern.ch/lcg/releases/fastjet/3.3.2-c962b/x86_64-centos7-gcc8-opt/lib/libfastjetplugins.so.0.0.0
2b50f085e000-2b50f0860000 r--p 00070000 00:45 56990720                   /cvmfs/sft.cern.ch/lcg/releases/fastjet/3.3.2-c962b/x86_64-centos7-gcc8-opt/lib/libfastjetplugins.so.0.0.0
2b50f0860000-2b50f0862000 rw-p 00072000 00:45 56990720                   /cvmfs/sft.cern.ch/lcg/releases/fastjet/3.3.2-c962b/x86_64-centos7-gcc8-opt/lib/libfastjetplugins.so.0.0.0
2b50f0862000-2b50fc7c4000 rw-p 00000000 00:00 0 
2b50fc7c4000-2b50fc7df000 r-xp 00000000 00:45 56990711                   /cvmfs/sft.cern.ch/lcg/releases/fastjet/3.3.2-c962b/x86_64-centos7-gcc8-opt/lib/libsiscone_spherical.so.0.0.0
2b50fc7df000-2b50fc9de000 ---p 0001b000 00:45 56990711                   /cvmfs/sft.cern.ch/lcg/releases/fastjet/3.3.2-c962b/x86_64-centos7-gcc8-opt/lib/libsiscone_spherical.so.0.0.0
2b50fc9de000-2b50fc9df000 r--p 0001a000 00:45 56990711                   /cvmfs/sft.cern.ch/lcg/releases/fastjet/3.3.2-c962b/x86_64-centos7-gcc8-opt/lib/libsiscone_spherical.so.0.0.0
2b50fc9df000-2b50fc9e0000 rw-p 0001b000 00:45 56990711                   /cvmfs/sft.cern.ch/lcg/releases/fastjet/3.3.2-c962b/x86_64-centos7-gcc8-opt/lib/libsiscone_spherical.so.0.0.0
2b50fc9e0000-2b50fc9fc000 r-xp 00000000 00:45 56990721                   /cvmfs/sft.cern.ch/lcg/releases/fastjet/3.3.2-c962b/x86_64-centos7-gcc8-opt/lib/libsiscone.so.0.0.0
2b50fc9fc000-2b50fcbfb000 ---p 0001c000 00:45 56990721                   /cvmfs/sft.cern.ch/lcg/releases/fastjet/3.3.2-c962b/x86_64-centos7-gcc8-opt/lib/libsiscone.so.0.0.0
2b50fcbfb000-2b50fcbfc000 r--p 0001b000 00:45 56990721                   /cvmfs/sft.cern.ch/lcg/releases/fastjet/3.3.2-c962b/x86_64-centos7-gcc8-opt/lib/libsiscone.so.0.0.0
2b50fcbfc000-2b50fcbfd000 rw-p 0001c000 00:45 56990721                   /cvmfs/sft.cern.ch/lcg/releases/fastjet/3.3.2-c962b/x86_64-centos7-gcc8-opt/lib/libsiscone.so.0.0.0
2b50fcbfd000-2b50fce69000 r-xp 00000000 00:45 26766332                   /cvmfs/sft.cern.ch/lcg/releases/gcc/8.3.0-cebb0/x86_64-centos7/lib64/libgfortran.so.5.0.0
2b50fce69000-2b50fd069000 ---p 0026c000 00:45 26766332                   /cvmfs/sft.cern.ch/lcg/releases/gcc/8.3.0-cebb0/x86_64-centos7/lib64/libgfortran.so.5.0.0
2b50fd069000-2b50fd06a000 r--p 0026c000 00:45 26766332                   /cvmfs/sft.cern.ch/lcg/releases/gcc/8.3.0-cebb0/x86_64-centos7/lib64/libgfortran.so.5.0.0
2b50fd06a000-2b50fd06c000 rw-p 0026d000 00:45 26766332                   /cvmfs/sft.cern.ch/lcg/releases/gcc/8.3.0-cebb0/x86_64-centos7/lib64/libgfortran.so.5.0.0
2b50fd06c000-2b50fd122000 r-xp 00000000 00:45 56335318                   /cvmfs/sft.cern.ch/lcg/releases/Boost/1.72.0-d1982/x86_64-centos7-gcc8-opt/lib/libboost_regex.so.1.72.0
2b50fd122000-2b50fd322000 ---p 000b6000 00:45 56335318                   /cvmfs/sft.cern.ch/lcg/releases/Boost/1.72.0-d1982/x86_64-centos7-gcc8-opt/lib/libboost_regex.so.1.72.0
2b50fd322000-2b50fd326000 r--p 000b6000 00:45 56335318                   /cvmfs/sft.cern.ch/lcg/releases/Boost/1.72.0-d1982/x86_64-centos7-gcc8-opt/lib/libboost_regex.so.1.72.0
2b50fd326000-2b50fd327000 rw-p 000ba000 00:45 56335318                   /cvmfs/sft.cern.ch/lcg/releases/Boost/1.72.0-d1982/x86_64-centos7-gcc8-opt/lib/libboost_regex.so.1.72.0
2b50fd327000-2b50fd328000 rw-p 00000000 00:00 0 
2b50fd328000-2b50fd3a3000 r-xp 00000000 00:45 56333954                   /cvmfs/sft.cern.ch/lcg/releases/Boost/1.72.0-d1982/x86_64-centos7-gcc8-opt/lib/libboost_program_options.so.1.72.0
2b50fd3a3000-2b50fd5a2000 ---p 0007b000 00:45 56333954                   /cvmfs/sft.cern.ch/lcg/releases/Boost/1.72.0-d1982/x86_64-centos7-gcc8-opt/lib/libboost_program_options.so.1.72.0
2b50fd5a2000-2b50fd5a7000 r--p 0007a000 00:45 56333954                   /cvmfs/sft.cern.ch/lcg/releases/Boost/1.72.0-d1982/x86_64-centos7-gcc8-opt/lib/libboost_program_options.so.1.72.0
2b50fd5a7000-2b50fd5a8000 rw-p 0007f000 00:45 56333954                   /cvmfs/sft.cern.ch/lcg/releases/Boost/1.72.0-d1982/x86_64-centos7-gcc8-opt/lib/libboost_program_options.so.1.72.0
2b50fd5a8000-2b50fd5c3000 r-xp 00000000 00:45 56333710                   /cvmfs/sft.cern.ch/lcg/releases/Boost/1.72.0-d1982/x86_64-centos7-gcc8-opt/lib/libboost_filesystem.so.1.72.0
2b50fd5c3000-2b50fd7c3000 ---p 0001b000 00:45 56333710                   /cvmfs/sft.cern.ch/lcg/releases/Boost/1.72.0-d1982/x86_64-centos7-gcc8-opt/lib/libboost_filesystem.so.1.72.0
2b50fd7c3000-2b50fd7c4000 r--p 0001b000 00:45 56333710                   /cvmfs/sft.cern.ch/lcg/releases/Boost/1.72.0-d1982/x86_64-centos7-gcc8-opt/lib/libboost_filesystem.so.1.72.0
2b50fd7c4000-2b50fd7c5000 rw-p 0001c000 00:45 56333710                   /cvmfs/sft.cern.ch/lcg/releases/Boost/1.72.0-d1982/x86_64-centos7-gcc8-opt/lib/libboost_filesystem.so.1.72.0
2b50fd7c5000-2b50fd80e000 r-xp 00000000 00:29 209596614                  /afs/cern.ch/user/y/yumiao/public/HGCAL_Raw_Data_Handling/CommonModeTB_submission_version/PFCal/PFCalEE/userlib/lib/libPFCalEEuserlib.so
2b50fd80e000-2b50fda0e000 ---p 00049000 00:29 209596614                  /afs/cern.ch/user/y/yumiao/public/HGCAL_Raw_Data_Handling/CommonModeTB_submission_version/PFCal/PFCalEE/userlib/lib/libPFCalEEuserlib.so
2b50fda0e000-2b50fda10000 r--p 00049000 00:29 209596614                  /afs/cern.ch/user/y/yumiao/public/HGCAL_Raw_Data_Handling/CommonModeTB_submission_version/PFCal/PFCalEE/userlib/lib/libPFCalEEuserlib.so
2b50fda10000-2b50fda11000 rw-p 0004b000 00:29 209596614                  /afs/cern.ch/user/y/yumiao/public/HGCAL_Raw_Data_Handling/CommonModeTB_submission_version/PFCal/PFCalEE/userlib/lib/libPFCalEEuserlib.so
2b50fda11000-2b50fda14000 rw-p 00000000 00:00 0 
2b50fda14000-2b50fdb8d000 r-xp 00000000 00:45 533872                     /cvmfs/sft.cern.ch/lcg/releases/gcc/8.3.0-cebb0/x86_64-centos7/lib64/libstdc++.so.6.0.25
2b50fdb8d000-2b50fdd8d000 ---p 00179000 00:45 533872                     /cvmfs/sft.cern.ch/lcg/releases/gcc/8.3.0-cebb0/x86_64-centos7/lib64/libstdc++.so.6.0.25
2b50fdd8d000-2b50fdd97000 r--p 00179000 00:45 533872                     /cvmfs/sft.cern.ch/lcg/releases/gcc/8.3.0-cebb0/x86_64-centos7/lib64/libstdc++.so.6.0.25
2b50fdd97000-2b50fdd99000 rw-p 00183000 00:45 533872                     /cvmfs/sft.cern.ch/lcg/releases/gcc/8.3.0-cebb0/x86_64-centos7/lib64/libstdc++.so.6.0.25
2b50fdd99000-2b50fdd9d000 rw-p 00000000 00:00 0 
2b50fdd9d000-2b50fddb4000 r-xp 00000000 00:45 533698                     /cvmfs/sft.cern.ch/lcg/releases/gcc/8.3.0-cebb0/x86_64-centos7/lib64/libgcc_s.so.1
2b50fddb4000-2b50fdfb3000 ---p 00017000 00:45 533698                     /cvmfs/sft.cern.ch/lcg/releases/gcc/8.3.0-cebb0/x86_64-centos7/lib64/libgcc_s.so.1
2b50fdfb3000-2b50fdfb4000 r--p 00016000 00:45 533698                     /cvmfs/sft.cern.ch/lcg/releases/gcc/8.3.0-cebb0/x86_64-centos7/lib64/libgcc_s.so.1
2b50fdfb4000-2b50fdfb5000 rw-p 00017000 00:45 533698                     /cvmfs/sft.cern.ch/lcg/releases/gcc/8.3.0-cebb0/x86_64-centos7/lib64/libgcc_s.so.1
2b50fdfb5000-2b50fdfcc000 r-xp 00000000 103:00 6383045                   /usr/lib64/libpthread-2.17.so
2b50fdfcc000-2b50fe1cb000 ---p 00017000 103:00 6383045                   /usr/lib64/libpthread-2.17.so
2b50fe1cb000-2b50fe1cc000 r--p 00016000 103:00 6383045                   /usr/lib64/libpthread-2.17.so
2b50fe1cc000-2b50fe1cd000 rw-p 00017000 103:00 6383045                   /usr/lib64/libpthread-2.17.so
2b50fe1cd000-2b50fe1d1000 rw-p 00000000 00:00 0 
2b50fe1d1000-2b50fe395000 r-xp 00000000 103:00 6383019                   /usr/lib64/libc-2.17.so
2b50fe395000-2b50fe594000 ---p 001c4000 103:00 6383019                   /usr/lib64/libc-2.17.so
2b50fe594000-2b50fe598000 r--p 001c3000 103:00 6383019                   /usr/lib64/libc-2.17.so
2b50fe598000-2b50fe59a000 rw-p 001c7000 103:00 6383019                   /usr/lib64/libc-2.17.so
2b50fe59a000-2b50fe59f000 rw-p 00000000 00:00 0 
2b50fe59f000-2b50fe5c4000 r-xp 00000000 103:00 6383261                   /usr/lib64/liblzma.so.5.2.2
2b50fe5c4000-2b50fe7c3000 ---p 00025000 103:00 6383261                   /usr/lib64/liblzma.so.5.2.2
2b50fe7c3000-2b50fe7c4000 r--p 00024000 103:00 6383261                   /usr/lib64/liblzma.so.5.2.2
2b50fe7c4000-2b50fe7c5000 rw-p 00025000 103:00 6383261                   /usr/lib64/liblzma.so.5.2.2
2b50fe7c5000-2b50fe7de000 r-xp 00000000 00:45 214512                     /cvmfs/sft.cern.ch/lcg/releases/zlib/1.2.11-da225/x86_64-centos7-gcc8-opt/lib/libz.so.1.2.11
2b50fe7de000-2b50fe9dd000 ---p 00019000 00:45 214512                     /cvmfs/sft.cern.ch/lcg/releases/zlib/1.2.11-da225/x86_64-centos7-gcc8-opt/lib/libz.so.1.2.11
2b50fe9dd000-2b50fe9de000 r--p 00018000 00:45 214512                     /cvmfs/sft.cern.ch/lcg/releases/zlib/1.2.11-da225/x86_64-centos7-gcc8-opt/lib/libz.so.1.2.11
2b50fe9de000-2b50fe9df000 rw-p 00019000 00:45 214512                     /cvmfs/sft.cern.ch/lcg/releases/zlib/1.2.11-da225/x86_64-centos7-gcc8-opt/lib/libz.so.1.2.11
2b50fe9df000-2b50fea1d000 r-xp 00000000 00:45 58359060                   /cvmfs/sft.cern.ch/lcg/releases/tbb/2020_U1-bbcac/x86_64-centos7-gcc8-opt/lib/libtbb.so.2
2b50fea1d000-2b50fec1c000 ---p 0003e000 00:45 58359060                   /cvmfs/sft.cern.ch/lcg/releases/tbb/2020_U1-bbcac/x86_64-centos7-gcc8-opt/lib/libtbb.so.2
2b50fec1c000-2b50fec1e000 r--p 0003d000 00:45 58359060                   /cvmfs/sft.cern.ch/lcg/releases/tbb/2020_U1-bbcac/x86_64-centos7-gcc8-opt/lib/libtbb.so.2
2b50fec1e000-2b50fec21000 rw-p 0003f000 00:45 58359060                   /cvmfs/sft.cern.ch/lcg/releases/tbb/2020_U1-bbcac/x86_64-centos7-gcc8-opt/lib/libtbb.so.2
2b50fec21000-2b50fec23000 rw-p 00000000 00:00 0 
2b50fec23000-2b50fec8a000 r-xp 00000000 103:00 6383221                   /usr/lib64/libssl.so.1.0.2k
2b50fec8a000-2b50fee8a000 ---p 00067000 103:00 6383221                   /usr/lib64/libssl.so.1.0.2k
2b50fee8a000-2b50fee8e000 r--p 00067000 103:00 6383221                   /usr/lib64/libssl.so.1.0.2k
2b50fee8e000-2b50fee95000 rw-p 0006b000 103:00 6383221                   /usr/lib64/libssl.so.1.0.2k
2b50fee95000-2b50ff0cc000 r-xp 00000000 103:00 6383219                   /usr/lib64/libcrypto.so.1.0.2k
2b50ff0cc000-2b50ff2cb000 ---p 00237000 103:00 6383219                   /usr/lib64/libcrypto.so.1.0.2k
2b50ff2cb000-2b50ff2e7000 r--p 00236000 103:00 6383219                   /usr/lib64/libcrypto.so.1.0.2k
2b50ff2e7000-2b50ff2f4000 rw-p 00252000 103:00 6383219                   /usr/lib64/libcrypto.so.1.0.2k
2b50ff2f4000-2b50ff2f8000 rw-p 00000000 00:00 0 
2b50ff2f8000-2b50ff392000 r-xp 00000000 00:45 57000458                   /cvmfs/sft.cern.ch/lcg/releases/freetype/2.10.0-e0596/x86_64-centos7-gcc8-opt/lib/libfreetype.so.6.17.0
2b50ff392000-2b50ff591000 ---p 0009a000 00:45 57000458                   /cvmfs/sft.cern.ch/lcg/releases/freetype/2.10.0-e0596/x86_64-centos7-gcc8-opt/lib/libfreetype.so.6.17.0
2b50ff591000-2b50ff598000 r--p 00099000 00:45 57000458                   /cvmfs/sft.cern.ch/lcg/releases/freetype/2.10.0-e0596/x86_64-centos7-gcc8-opt/lib/libfreetype.so.6.17.0
2b50ff598000-2b50ff599000 rw-p 000a0000 00:45 57000458                   /cvmfs/sft.cern.ch/lcg/releases/freetype/2.10.0-e0596/x86_64-centos7-gcc8-opt/lib/libfreetype.so.6.17.0
2b50ff599000-2b50ff5a4000 r-xp 00000000 00:45 835579                     /cvmfs/sft.cern.ch/lcg/releases/vdt/0.4.3-992df/x86_64-centos7-gcc8-opt/lib/libvdt.so
2b50ff5a4000-2b50ff7a4000 ---p 0000b000 00:45 835579                     /cvmfs/sft.cern.ch/lcg/releases/vdt/0.4.3-992df/x86_64-centos7-gcc8-opt/lib/libvdt.so
2b50ff7a4000-2b50ff7a5000 r--p 0000b000 00:45 835579                     /cvmfs/sft.cern.ch/lcg/releases/vdt/0.4.3-992df/x86_64-centos7-gcc8-opt/lib/libvdt.so
2b50ff7a5000-2b50ff7a6000 rw-p 0000c000 00:45 835579                     /cvmfs/sft.cern.ch/lcg/releases/vdt/0.4.3-992df/x86_64-centos7-gcc8-opt/lib/libvdt.so
2b50ff7a6000-2b50ff801000 r-xp 00000000 00:45 56899456                   /cvmfs/sft.cern.ch/lcg/releases/ROOT/v6.20.02-10e75/x86_64-centos7-gcc8-opt/lib/libROOTNTuple.so
2b50ff801000-2b50ffa01000 ---p 0005b000 00:45 56899456                   /cvmfs/sft.cern.ch/lcg/releases/ROOT/v6.20.02-10e75/x86_64-centos7-gcc8-opt/lib/libROOTNTuple.so
2b50ffa01000-2b50ffa03000 r--p 0005b000 00:45 56899456                   /cvmfs/sft.cern.ch/lcg/releases/ROOT/v6.20.02-10e75/x86_64-centos7-gcc8-opt/lib/libROOTNTuple.so
2b50ffa03000-2b50ffa04000 rw-p 0005d000 00:45 56899456                   /cvmfs/sft.cern.ch/lcg/releases/ROOT/v6.20.02-10e75/x86_64-centos7-gcc8-opt/lib/libROOTNTuple.so
2b50ffa04000-2b50ffa05000 rw-p 00000000 00:00 0 
2b50ffa05000-2b50ffb0f000 r-xp 00000000 00:45 58296012                   /cvmfs/sft.cern.ch/lcg/releases/sqlite/3280000-472f2/x86_64-centos7-gcc8-opt/lib/libsqlite3.so.0.8.6
2b50ffb0f000-2b50ffd0e000 ---p 0010a000 00:45 58296012                   /cvmfs/sft.cern.ch/lcg/releases/sqlite/3280000-472f2/x86_64-centos7-gcc8-opt/lib/libsqlite3.so.0.8.6
2b50ffd0e000-2b50ffd11000 r--p 00109000 00:45 58296012                   /cvmfs/sft.cern.ch/lcg/releases/sqlite/3280000-472f2/x86_64-centos7-gcc8-opt/lib/libsqlite3.so.0.8.6
2b50ffd11000-2b50ffd14000 rw-p 0010c000 00:45 58296012                   /cvmfs/sft.cern.ch/lcg/releases/sqlite/3280000-472f2/x86_64-centos7-gcc8-opt/lib/libsqlite3.so.0.8.6
2b50ffd14000-2b50ffd15000 rw-p 00000000 00:00 0 
2b50ffd15000-2b50ffd54000 r-xp 00000000 00:45 26766631                   /cvmfs/sft.cern.ch/lcg/releases/gcc/8.3.0-cebb0/x86_64-centos7/lib64/libquadmath.so.0.0.0
2b50ffd54000-2b50fff53000 ---p 0003f000 00:45 26766631                   /cvmfs/sft.cern.ch/lcg/releases/gcc/8.3.0-cebb0/x86_64-centos7/lib64/libquadmath.so.0.0.0
2b50fff53000-2b50fff54000 r--p 0003e000 00:45 26766631                   /cvmfs/sft.cern.ch/lcg/releases/gcc/8.3.0-cebb0/x86_64-centos7/lib64/libquadmath.so.0.0.0
2b50fff54000-2b50fff55000 rw-p 0003f000 00:45 26766631                   /cvmfs/sft.cern.ch/lcg/releases/gcc/8.3.0-cebb0/x86_64-centos7/lib64/libquadmath.so.0.0.0
2b50fff55000-2b50fff5c000 r-xp 00000000 103:00 6383049                   /usr/lib64/librt-2.17.so
2b50fff5c000-2b510015b000 ---p 00007000 103:00 6383049                   /usr/lib64/librt-2.17.so
2b510015b000-2b510015c000 r--p 00006000 103:00 6383049                   /usr/lib64/librt-2.17.so
2b510015c000-2b510015d000 rw-p 00007000 103:00 6383049                   /usr/lib64/librt-2.17.so
2b510015d000-2b51001a7000 r-xp 00000000 103:00 6383192                   /usr/lib64/libgssapi_krb5.so.2.2
2b51001a7000-2b51003a7000 ---p 0004a000 103:00 6383192                   /usr/lib64/libgssapi_krb5.so.2.2
2b51003a7000-2b51003a8000 r--p 0004a000 103:00 6383192                   /usr/lib64/libgssapi_krb5.so.2.2
2b51003a8000-2b51003aa000 rw-p 0004b000 103:00 6383192                   /usr/lib64/libgssapi_krb5.so.2.2
2b51003aa000-2b5100483000 r-xp 00000000 103:00 6383202                   /usr/lib64/libkrb5.so.3.3
2b5100483000-2b5100682000 ---p 000d9000 103:00 6383202                   /usr/lib64/libkrb5.so.3.3
2b5100682000-2b5100690000 r--p 000d8000 103:00 6383202                   /usr/lib64/libkrb5.so.3.3
2b5100690000-2b5100693000 rw-p 000e6000 103:00 6383202                   /usr/lib64/libkrb5.so.3.3
2b5100693000-2b5100696000 r-xp 00000000 103:00 6383066                   /usr/lib64/libcom_err.so.2.1
2b5100696000-2b5100895000 ---p 00003000 103:00 6383066                   /usr/lib64/libcom_err.so.2.1
2b5100895000-2b5100896000 r--p 00002000 103:00 6383066                   /usr/lib64/libcom_err.so.2.1
2b5100896000-2b5100897000 rw-p 00003000 103:00 6383066                   /usr/lib64/libcom_err.so.2.1
2b5100897000-2b51008c8000 r-xp 00000000 103:00 6383196                   /usr/lib64/libk5crypto.so.3.1
2b51008c8000-2b5100ac7000 ---p 00031000 103:00 6383196                   /usr/lib64/libk5crypto.so.3.1
2b5100ac7000-2b5100ac9000 r--p 00030000 103:00 6383196                   /usr/lib64/libk5crypto.so.3.1
2b5100ac9000-2b5100aca000 rw-p 00032000 103:00 6383196                   /usr/lib64/libk5crypto.so.3.1
2b5100aca000-2b5100ad8000 r-xp 00000000 103:00 6383204                   /usr/lib64/libkrb5support.so.0.1
2b5100ad8000-2b5100cd8000 ---p 0000e000 103:00 6383204                   /usr/lib64/libkrb5support.so.0.1
2b5100cd8000-2b5100cd9000 r--p 0000e000 103:00 6383204                   /usr/lib64/libkrb5support.so.0.1
2b5100cd9000-2b5100cda000 rw-p 0000f000 103:00 6383204                   /usr/lib64/libkrb5support.so.0.1
2b5100cda000-2b5100cdd000 r-xp 00000000 103:00 6383126                   /usr/lib64/libkeyutils.so.1.5
2b5100cdd000-2b5100edc000 ---p 00003000 103:00 6383126                   /usr/lib64/libkeyutils.so.1.5
2b5100edc000-2b5100edd000 r--p 00002000 103:00 6383126                   /usr/lib64/libkeyutils.so.1.5
2b5100edd000-2b5100ede000 rw-p 00003000 103:00 6383126                   /usr/lib64/libkeyutils.so.1.5
2b5100ede000-2b5100ef4000 r-xp 00000000 103:00 6383047                   /usr/lib64/libresolv-2.17.so
2b5100ef4000-2b51010f4000 ---p 00016000 103:00 6383047                   /usr/lib64/libresolv-2.17.so
2b51010f4000-2b51010f5000 r--p 00016000 103:00 6383047                   /usr/lib64/libresolv-2.17.so
2b51010f5000-2b51010f6000 rw-p 00017000 103:00 6383047                   /usr/lib64/libresolv-2.17.so
2b51010f6000-2b51010f8000 rw-p 00000000 00:00 0 
2b51010f8000-2b510111c000 r-xp 00000000 103:00 6383146                   /usr/lib64/libselinux.so.1
2b510111c000-2b510131b000 ---p 00024000 103:00 6383146                   /usr/lib64/libselinux.so.1
2b510131b000-2b510131c000 r--p 00023000 103:00 6383146                   /usr/lib64/libselinux.so.1
2b510131c000-2b510131d000 rw-p 00024000 103:00 6383146                   /usr/lib64/libselinux.so.1
2b510131d000-2b510131f000 rw-p 00000000 00:00 0 
2b510131f000-2b510138e000 r-xp 00000000 00:45 713145                     /cvmfs/sft.cern.ch/lcg/releases/pcre/8.43-5c0c1/x86_64-centos7-gcc8-opt/lib/libpcre.so.1.2.11
2b510138e000-2b510158e000 ---p 0006f000 00:45 713145                     /cvmfs/sft.cern.ch/lcg/releases/pcre/8.43-5c0c1/x86_64-centos7-gcc8-opt/lib/libpcre.so.1.2.11
2b510158e000-2b510158f000 r--p 0006f000 00:45 713145                     /cvmfs/sft.cern.ch/lcg/releases/pcre/8.43-5c0c1/x86_64-centos7-gcc8-opt/lib/libpcre.so.1.2.11
2b510158f000-2b5101590000 rw-p 00070000 00:45 713145                     /cvmfs/sft.cern.ch/lcg/releases/pcre/8.43-5c0c1/x86_64-centos7-gcc8-opt/lib/libpcre.so.1.2.11
2b5101590000-2b510159c000 r-xp 00000000 103:00 6383037                   /usr/lib64/libnss_files-2.17.so
2b510159c000-2b510179b000 ---p 0000c000 103:00 6383037                   /usr/lib64/libnss_files-2.17.so
2b510179b000-2b510179c000 r--p 0000b000 103:00 6383037                   /usr/lib64/libnss_files-2.17.so
2b510179c000-2b510179d000 rw-p 0000c000 103:00 6383037                   /usr/lib64/libnss_files-2.17.so
2b510179d000-2b51017a3000 rw-p 00000000 00:00 0 
2b51017a3000-2b51017ab000 r-xp 00000000 103:00 6890391                   /usr/lib64/libnss_sss.so.2
2b51017ab000-2b51019aa000 ---p 00008000 103:00 6890391                   /usr/lib64/libnss_sss.so.2
2b51019aa000-2b51019ab000 r--p 00007000 103:00 6890391                   /usr/lib64/libnss_sss.so.2
2b51019ab000-2b51019ac000 rw-p 00008000 103:00 6890391                   /usr/lib64/libnss_sss.so.2
2b51019ac000-2b5102217000 r--s 00000000 103:00 207711079                 /var/lib/sss/mc/passwd
2b5102217000-2b51050fe000 r-xp 00000000 00:45 56898977                   /cvmfs/sft.cern.ch/lcg/releases/ROOT/v6.20.02-10e75/x86_64-centos7-gcc8-opt/lib/libCling.so
2b51050fe000-2b51052fe000 ---p 02ee7000 00:45 56898977                   /cvmfs/sft.cern.ch/lcg/releases/ROOT/v6.20.02-10e75/x86_64-centos7-gcc8-opt/lib/libCling.so
2b51052fe000-2b5105510000 r--p 02ee7000 00:45 56898977                   /cvmfs/sft.cern.ch/lcg/releases/ROOT/v6.20.02-10e75/x86_64-centos7-gcc8-opt/lib/libCling.so
2b5105510000-2b510551b000 rw-p 030f9000 00:45 56898977                   /cvmfs/sft.cern.ch/lcg/releases/ROOT/v6.20.02-10e75/x86_64-centos7-gcc8-opt/lib/libCling.so
2b510551b000-2b5105548000 rw-p 00000000 00:00 0 
2b5105548000-2b510556d000 r-xp 00000000 103:00 6383102                   /usr/lib64/libtinfo.so.5.9
2b510556d000-2b510576d000 ---p 00025000 103:00 6383102                   /usr/lib64/libtinfo.so.5.9
2b510576d000-2b5105771000 r--p 00025000 103:00 6383102                   /usr/lib64/libtinfo.so.5.9
2b5105771000-2b5105772000 rw-p 00029000 103:00 6383102                   /usr/lib64/libtinfo.so.5.9
2b5105772000-2b5106aa6000 r--p 00000000 00:45 56899505                   /cvmfs/sft.cern.ch/lcg/releases/ROOT/v6.20.02-10e75/x86_64-centos7-gcc8-opt/lib/std.pcm
2b5106aa6000-2b5106be6000 r--p 00000000 00:45 56898667                   /cvmfs/sft.cern.ch/lcg/releases/ROOT/v6.20.02-10e75/x86_64-centos7-gcc8-opt/lib/libc.pcm
2b5106be6000-2b5106c7c000 r--p 00000000 00:45 56899499                   /cvmfs/sft.cern.ch/lcg/releases/ROOT/v6.20.02-10e75/x86_64-centos7-gcc8-opt/lib/RDAVIX.pcm
2b5106c7c000-2b5106cf5000 r--p 00000000 00:45 56899554                   /cvmfs/sft.cern.ch/lcg/releases/ROOT/v6.20.02-10e75/x86_64-centos7-gcc8-opt/lib/Genetic.pcm
2b5106cfa000-2b5106d86000 r--p 00000000 00:45 56898679                   /cvmfs/sft.cern.ch/lcg/releases/ROOT/v6.20.02-10e75/x86_64-centos7-gcc8-opt/lib/Unfold.pcm
2b5106d86000-2b5106df1000 r--p 00000000 00:45 56898656                   /cvmfs/sft.cern.ch/lcg/releases/ROOT/v6.20.02-10e75/x86_64-centos7-gcc8-opt/lib/RHTTPSniff.pcm
2b5106dfa000-2b51071ee000 r--p 00000000 00:45 56898733                   /cvmfs/sft.cern.ch/lcg/releases/ROOT/v6.20.02-10e75/x86_64-centos7-gcc8-opt/lib/_Builtin_intrinsics.pcm
2b51071ee000-2b510729f000 r--p 00000000 00:45 56901778                   /cvmfs/sft.cern.ch/lcg/releases/ROOT/v6.20.02-10e75/x86_64-centos7-gcc8-opt/lib/ROOT_Foundation_Stage1_NoRTTI.pcm
2b510729f000-2b5107bc6000 r--p 00000000 00:45 56898688                   /cvmfs/sft.cern.ch/lcg/releases/ROOT/v6.20.02-10e75/x86_64-centos7-gcc8-opt/lib/Core.pcm
2b5107bc6000-2b5107c49000 r--p 00000000 00:45 56899476                   /cvmfs/sft.cern.ch/lcg/releases/ROOT/v6.20.02-10e75/x86_64-centos7-gcc8-opt/lib/GeomPainter.pcm
2b5107c49000-2b5107cf8000 r--p 00000000 00:45 56899283                   /cvmfs/sft.cern.ch/lcg/releases/ROOT/v6.20.02-10e75/x86_64-centos7-gcc8-opt/lib/TreeViewer.pcm
2b5107cf8000-2b5107d79000 r--p 00000000 00:45 56898793                   /cvmfs/sft.cern.ch/lcg/releases/ROOT/v6.20.02-10e75/x86_64-centos7-gcc8-opt/lib/Foam.pcm
2b5107d79000-2b5107e09000 r--p 00000000 00:45 56898994                   /cvmfs/sft.cern.ch/lcg/releases/ROOT/v6.20.02-10e75/x86_64-centos7-gcc8-opt/lib/Spectrum.pcm
2b5107e6a000-2b510814a000 r--p 00000000 00:45 56899432                   /cvmfs/sft.cern.ch/lcg/releases/ROOT/v6.20.02-10e75/x86_64-centos7-gcc8-opt/lib/RIO.pcm
2b510814a000-2b51082da000 r--p 00000000 00:45 56898765                   /cvmfs/sft.cern.ch/lcg/releases/ROOT/v6.20.02-10e75/x86_64-centos7-gcc8-opt/lib/Thread.pcm
2b51082da000-2b510871d000 r--p 00000000 00:45 56899429                   /cvmfs/sft.cern.ch/lcg/releases/ROOT/v6.20.02-10e75/x86_64-centos7-gcc8-opt/lib/Hist.pcm
2b510871d000-2b5108f0d000 r--p 00000000 00:45 56899658                   /cvmfs/sft.cern.ch/lcg/releases/ROOT/v6.20.02-10e75/x86_64-centos7-gcc8-opt/lib/MathCore.pcm
2b5108f0d000-2b5108fd2000 r--p 00000000 00:45 56898918                   /cvmfs/sft.cern.ch/lcg/releases/ROOT/v6.20.02-10e75/x86_64-centos7-gcc8-opt/lib/Imt.pcm
2b5108fd2000-2b510914d000 r--p 00000000 00:45 56898833                   /cvmfs/sft.cern.ch/lcg/releases/ROOT/v6.20.02-10e75/x86_64-centos7-gcc8-opt/lib/Matrix.pcm
2b510914d000-2b51091c3000 r--p 00000000 00:45 56899270                   /cvmfs/sft.cern.ch/lcg/releases/ROOT/v6.20.02-10e75/x86_64-centos7-gcc8-opt/lib/XMLParser.pcm
2b51091c3000-2b51092f0000 r--p 00000000 00:45 56899497                   /cvmfs/sft.cern.ch/lcg/releases/ROOT/v6.20.02-10e75/x86_64-centos7-gcc8-opt/lib/RHTTP.pcm
2b51092f0000-2b510937b000 r--p 00000000 00:45 56899478                   /cvmfs/sft.cern.ch/lcg/releases/ROOT/v6.20.02-10e75/x86_64-centos7-gcc8-opt/lib/HistPainter.pcm
2b510937b000-2b5109476000 r--p 00000000 00:45 56899190                   /cvmfs/sft.cern.ch/lcg/releases/ROOT/v6.20.02-10e75/x86_64-centos7-gcc8-opt/lib/Graf.pcm
2b5109476000-2b5109505000 r--p 00000000 00:45 56899379                   /cvmfs/sft.cern.ch/lcg/releases/ROOT/v6.20.02-10e75/x86_64-centos7-gcc8-opt/lib/PyMVA.pcm
2b5109505000-2b510a4e6000 r--p 00000000 00:45 56898639                   /cvmfs/sft.cern.ch/lcg/releases/ROOT/v6.20.02-10e75/x86_64-centos7-gcc8-opt/lib/TMVA.pcm
2b510a4e6000-2b510a748000 r--p 00000000 00:45 56899749                   /cvmfs/sft.cern.ch/lcg/releases/ROOT/v6.20.02-10e75/x86_64-centos7-gcc8-opt/lib/Tree.pcm
2b510a748000-2b510a853000 r--p 00000000 00:45 56899501                   /cvmfs/sft.cern.ch/lcg/releases/ROOT/v6.20.02-10e75/x86_64-centos7-gcc8-opt/lib/Net.pcm
2b510a853000-2b510a964000 r--p 00000000 00:45 56898739                   /cvmfs/sft.cern.ch/lcg/releases/ROOT/v6.20.02-10e75/x86_64-centos7-gcc8-opt/lib/MultiProc.pcm
2b510a964000-2b510aa59000 r--p 00000000 00:45 56899363                   /cvmfs/sft.cern.ch/lcg/releases/ROOT/v6.20.02-10e75/x86_64-centos7-gcc8-opt/lib/XMLIO.pcm
2b510aa59000-2b510ade0000 r--p 00000000 00:45 56898665                   /cvmfs/sft.cern.ch/lcg/releases/ROOT/v6.20.02-10e75/x86_64-centos7-gcc8-opt/lib/TreePlayer.pcm
2b510ade0000-2b510aeb1000 r--p 00000000 00:45 56898924                   /cvmfs/sft.cern.ch/lcg/releases/ROOT/v6.20.02-10e75/x86_64-centos7-gcc8-opt/lib/Gpad.pcm
2b510aeb1000-2b510af3c000 r--p 00000000 00:45 56899428                   /cvmfs/sft.cern.ch/lcg/releases/ROOT/v6.20.02-10e75/x86_64-centos7-gcc8-opt/lib/Minuit.pcm
2b510af3c000-2b510baa0000 r--p 00000000 00:45 56899216                   /cvmfs/sft.cern.ch/lcg/releases/ROOT/v6.20.02-10e75/x86_64-centos7-gcc8-opt/lib/ROOTDataFrame.pcm
2b510baa0000-2b510bd39000 r--p 00000000 00:45 56898805                   /cvmfs/sft.cern.ch/lcg/releases/ROOT/v6.20.02-10e75/x86_64-centos7-gcc8-opt/lib/ROOTVecOps.pcm
2b510bd39000-2b510bdc6000 r--p 00000000 00:45 56898785                   /cvmfs/sft.cern.ch/lcg/releases/ROOT/v6.20.02-10e75/x86_64-centos7-gcc8-opt/lib/Recorder.pcm
2b510bddc000-2b510bedd000 rw-p 00000000 00:00 0 
2b510bedd000-2b510bf81000 r--p 00000000 00:45 56898663                   /cvmfs/sft.cern.ch/lcg/releases/ROOT/v6.20.02-10e75/x86_64-centos7-gcc8-opt/lib/FitPanel.pcm
2b510bf81000-2b510c2ae000 r--p 00000000 00:45 56899511                   /cvmfs/sft.cern.ch/lcg/releases/ROOT/v6.20.02-10e75/x86_64-centos7-gcc8-opt/lib/Gui.pcm
2b510c2ae000-2b510c37b000 r--p 00000000 00:45 56899704                   /cvmfs/sft.cern.ch/lcg/releases/ROOT/v6.20.02-10e75/x86_64-centos7-gcc8-opt/lib/ProofDraw.pcm
2b510c37b000-2b510c466000 r--p 00000000 00:45 56899570                   /cvmfs/sft.cern.ch/lcg/releases/ROOT/v6.20.02-10e75/x86_64-centos7-gcc8-opt/lib/RMySQL.pcm
2b510c466000-2b510c512000 r--p 00000000 00:45 56899401                   /cvmfs/sft.cern.ch/lcg/releases/ROOT/v6.20.02-10e75/x86_64-centos7-gcc8-opt/lib/Unuran.pcm
2b510c512000-2b510c5a9000 r--p 00000000 00:45 56899467                   /cvmfs/sft.cern.ch/lcg/releases/ROOT/v6.20.02-10e75/x86_64-centos7-gcc8-opt/lib/Quadp.pcm
2b510c5a9000-2b510cc31000 r--p 00000000 00:45 56899426                   /cvmfs/sft.cern.ch/lcg/releases/ROOT/v6.20.02-10e75/x86_64-centos7-gcc8-opt/lib/ROOTNTuple.pcm
2b510cc31000-2b510d148000 r--p 00000000 00:45 56899677                   /cvmfs/sft.cern.ch/lcg/releases/ROOT/v6.20.02-10e75/x86_64-centos7-gcc8-opt/lib/Eve.pcm
2b510d148000-2b510d237000 r--p 00000000 00:45 56899790                   /cvmfs/sft.cern.ch/lcg/releases/ROOT/v6.20.02-10e75/x86_64-centos7-gcc8-opt/lib/Ged.pcm
2b510d237000-2b510d717000 r--p 00000000 00:45 56898731                   /cvmfs/sft.cern.ch/lcg/releases/ROOT/v6.20.02-10e75/x86_64-centos7-gcc8-opt/lib/RGL.pcm
2b510d717000-2b510d77f000 r--p 00000000 00:45 56898969                   /cvmfs/sft.cern.ch/lcg/releases/ROOT/v6.20.02-10e75/x86_64-centos7-gcc8-opt/lib/RCsg.pcm
2b510d77f000-2b510d836000 r--p 00000000 00:45 56898801                   /cvmfs/sft.cern.ch/lcg/releases/ROOT/v6.20.02-10e75/x86_64-centos7-gcc8-opt/lib/Physics.pcm
2b510d836000-2b510d8c9000 r--p 00000000 00:45 56899430                   /cvmfs/sft.cern.ch/lcg/releases/ROOT/v6.20.02-10e75/x86_64-centos7-gcc8-opt/lib/EG.pcm
2b510d8c9000-2b510d99b000 r--p 00000000 00:45 56899444                   /cvmfs/sft.cern.ch/lcg/releases/ROOT/v6.20.02-10e75/x86_64-centos7-gcc8-opt/lib/Graf3d.pcm
2b510d99b000-2b510dc8d000 r--p 00000000 00:45 56898650                   /cvmfs/sft.cern.ch/lcg/releases/ROOT/v6.20.02-10e75/x86_64-centos7-gcc8-opt/lib/Geom.pcm
2b510dc8d000-2b510e1d4000 rw-p 00000000 00:00 0 
2b510e1d4000-2b510e4d0000 r--p 00000000 00:45 56898713                   /cvmfs/sft.cern.ch/lcg/releases/ROOT/v6.20.02-10e75/x86_64-centos7-gcc8-opt/lib/HistFactory.pcm
2b510e4d0000-2b510f373000 r--p 00000000 00:45 56899562                   /cvmfs/sft.cern.ch/lcg/releases/ROOT/v6.20.02-10e75/x86_64-centos7-gcc8-opt/lib/RooFitCore.pcm
2b510f373000-2b510f51e000 r--p 00000000 00:45 56899519                   /cvmfs/sft.cern.ch/lcg/releases/ROOT/v6.20.02-10e75/x86_64-centos7-gcc8-opt/lib/Html.pcm
2b510f51e000-2b510f592000 r--p 00000000 00:45 56898717                   /cvmfs/sft.cern.ch/lcg/releases/ROOT/v6.20.02-10e75/x86_64-centos7-gcc8-opt/lib/DCache.pcm
2b510f592000-2b510f62a000 r--p 00000000 00:45 56899578                   /cvmfs/sft.cern.ch/lcg/releases/ROOT/v6.20.02-10e75/x86_64-centos7-gcc8-opt/lib/GuiHtml.pcm
2b510f62a000-2b510f6c1000 r--p 00000000 00:45 56898760                   /cvmfs/sft.cern.ch/lcg/releases/ROOT/v6.20.02-10e75/x86_64-centos7-gcc8-opt/lib/TMVAGui.pcm
2b510f6c1000-2b510f74a000 r--p 00000000 00:45 56899645                   /cvmfs/sft.cern.ch/lcg/releases/ROOT/v6.20.02-10e75/x86_64-centos7-gcc8-opt/lib/Postscript.pcm
2b510f74a000-2b510fc6e000 r--p 00000000 00:45 56899265                   /cvmfs/sft.cern.ch/lcg/releases/ROOT/v6.20.02-10e75/x86_64-centos7-gcc8-opt/lib/ROOTEve.pcm
2b510fc6e000-2b510fdfa000 r--p 00000000 00:45 56898661                   /cvmfs/sft.cern.ch/lcg/releases/ROOT/v6.20.02-10e75/x86_64-centos7-gcc8-opt/lib/ROOTWebDisplay.pcm
2b510fdfa000-2b510fe6e000 r--p 00000000 00:45 56899415                   /cvmfs/sft.cern.ch/lcg/releases/ROOT/v6.20.02-10e75/x86_64-centos7-gcc8-opt/lib/Fumili.pcm
2b510fe6e000-2b510feed000 r--p 00000000 00:45 56898795                   /cvmfs/sft.cern.ch/lcg/releases/ROOT/v6.20.02-10e75/x86_64-centos7-gcc8-opt/lib/RooFitMore.pcm
2b510feed000-2b5110448000 r--p 00000000 00:45 56899774                   /cvmfs/sft.cern.ch/lcg/releases/ROOT/v6.20.02-10e75/x86_64-centos7-gcc8-opt/lib/ROOTGpadv7.pcm
2b5110448000-2b51104ba000 r--p 00000000 00:45 56899437                   /cvmfs/sft.cern.ch/lcg/releases/ROOT/v6.20.02-10e75/x86_64-centos7-gcc8-opt/lib/X3d.pcm
2b51104ba000-2b5110527000 r--p 00000000 00:45 56899513                   /cvmfs/sft.cern.ch/lcg/releases/ROOT/v6.20.02-10e75/x86_64-centos7-gcc8-opt/lib/SPlot.pcm
2b5110527000-2b5110599000 r--p 00000000 00:45 56898737                   /cvmfs/sft.cern.ch/lcg/releases/ROOT/v6.20.02-10e75/x86_64-centos7-gcc8-opt/lib/Hbook.pcm
2b5110599000-2b51112f4000 r--p 00000000 00:45 56899422                   /cvmfs/sft.cern.ch/lcg/releases/ROOT/v6.20.02-10e75/x86_64-centos7-gcc8-opt/lib/RooFit.pcm
2b51112f4000-2b51117ae000 r--p 00000000 00:45 56899328                   /cvmfs/sft.cern.ch/lcg/releases/ROOT/v6.20.02-10e75/x86_64-centos7-gcc8-opt/lib/Oracle.pcm
2b51117ae000-2b511181b000 r--p 00000000 00:45 56898613                   /cvmfs/sft.cern.ch/lcg/releases/ROOT/v6.20.02-10e75/x86_64-centos7-gcc8-opt/lib/GFAL.pcm
2b511181b000-2b511188c000 r--p 00000000 00:45 56898603                   /cvmfs/sft.cern.ch/lcg/releases/ROOT/v6.20.02-10e75/x86_64-centos7-gcc8-opt/lib/Rint.pcm
2b511188c000-2b5111bd8000 r--p 00000000 00:45 56898512                   /cvmfs/sft.cern.ch/lcg/releases/ROOT/v6.20.02-10e75/x86_64-centos7-gcc8-opt/lib/RooStats.pcm
2b5111bd8000-2b5111cb1000 r--p 00000000 00:45 56899450                   /cvmfs/sft.cern.ch/lcg/releases/ROOT/v6.20.02-10e75/x86_64-centos7-gcc8-opt/lib/GeomBuilder.pcm
2b5111cb1000-2b5111df5000 rw-p 00000000 00:00 0 
2b5111df5000-2b5111f6f000 r--p 00000000 00:45 56899417                   /cvmfs/sft.cern.ch/lcg/releases/ROOT/v6.20.02-10e75/x86_64-centos7-gcc8-opt/lib/Proof.pcm
2b5111f6f000-2b5111fe4000 r--p 00000000 00:45 56899442                   /cvmfs/sft.cern.ch/lcg/releases/ROOT/v6.20.02-10e75/x86_64-centos7-gcc8-opt/lib/FFTW.pcm
2b5111fe4000-2b5112071000 r--p 00000000 00:45 56898407                   /cvmfs/sft.cern.ch/lcg/releases/ROOT/v6.20.02-10e75/x86_64-centos7-gcc8-opt/lib/GuiBld.pcm
2b5112071000-2b5112111000 r--p 00000000 00:45 56899085                   /cvmfs/sft.cern.ch/lcg/releases/ROOT/v6.20.02-10e75/x86_64-centos7-gcc8-opt/lib/SQLIO.pcm
2b5112111000-2b511248d000 r--p 00000000 00:45 56899560                   /cvmfs/sft.cern.ch/lcg/releases/ROOT/v6.20.02-10e75/x86_64-centos7-gcc8-opt/lib/ROOTHistDraw.pcm
2b511248d000-2b5112723000 r--p 00000000 00:45 56898437                   /cvmfs/sft.cern.ch/lcg/releases/ROOT/v6.20.02-10e75/x86_64-centos7-gcc8-opt/lib/ROOTHist.pcm
2b5112723000-2b5112791000 r--p 00000000 00:45 56898952                   /cvmfs/sft.cern.ch/lcg/releases/ROOT/v6.20.02-10e75/x86_64-centos7-gcc8-opt/lib/GX11TTF.pcm
2b5112791000-2b5112808000 r--p 00000000 00:45 56899565                   /cvmfs/sft.cern.ch/lcg/releases/ROOT/v6.20.02-10e75/x86_64-centos7-gcc8-opt/lib/GX11.pcm
2b5112808000-2b51128c9000 r--p 00000000 00:45 56898654                   /cvmfs/sft.cern.ch/lcg/releases/ROOT/v6.20.02-10e75/x86_64-centos7-gcc8-opt/lib/ProofPlayer.pcm
2b51128c9000-2b5112944000 r--p 00000000 00:45 56899411                   /cvmfs/sft.cern.ch/lcg/releases/ROOT/v6.20.02-10e75/x86_64-centos7-gcc8-opt/lib/ASImage.pcm
2b5112944000-2b5112a74000 r--p 00000000 00:45 56898797                   /cvmfs/sft.cern.ch/lcg/releases/ROOT/v6.20.02-10e75/x86_64-centos7-gcc8-opt/lib/MathMore.pcm
2b5112a74000-2b5112b1b000 r--p 00000000 00:45 56898649                   /cvmfs/sft.cern.ch/lcg/releases/ROOT/v6.20.02-10e75/x86_64-centos7-gcc8-opt/lib/Proofx.pcm
2b5112b1b000-2b5112b8e000 r--p 00000000 00:45 56899369                   /cvmfs/sft.cern.ch/lcg/releases/ROOT/v6.20.02-10e75/x86_64-centos7-gcc8-opt/lib/Netx.pcm
2b5112b8e000-2b5112bff000 r--p 00000000 00:45 56899564                   /cvmfs/sft.cern.ch/lcg/releases/ROOT/v6.20.02-10e75/x86_64-centos7-gcc8-opt/lib/SpectrumPainter.pcm
2b5112bff000-2b5112ea2000 r--p 00000000 00:45 56898675                   /cvmfs/sft.cern.ch/lcg/releases/ROOT/v6.20.02-10e75/x86_64-centos7-gcc8-opt/lib/Minuit2.pcm
2b5112ea2000-2b5112f1c000 r--p 00000000 00:45 56898876                   /cvmfs/sft.cern.ch/lcg/releases/ROOT/v6.20.02-10e75/x86_64-centos7-gcc8-opt/lib/MLP.pcm
2b5112f1c000-2b51131c0000 r--p 00000000 00:45 56899529                   /cvmfs/sft.cern.ch/lcg/releases/ROOT/v6.20.02-10e75/x86_64-centos7-gcc8-opt/lib/GenVector.pcm
2b51131c0000-2b511324a000 r--p 00000000 00:45 56899399                   /cvmfs/sft.cern.ch/lcg/releases/ROOT/v6.20.02-10e75/x86_64-centos7-gcc8-opt/lib/NetxNG.pcm
2b511324a000-2b51133f0000 r--p 00000000 00:45 56899660                   /cvmfs/sft.cern.ch/lcg/releases/ROOT/v6.20.02-10e75/x86_64-centos7-gcc8-opt/lib/ROOTBrowserv7.pcm
2b51133f0000-2b511346b000 r--p 00000000 00:45 56898772                   /cvmfs/sft.cern.ch/lcg/releases/ROOT/v6.20.02-10e75/x86_64-centos7-gcc8-opt/lib/RootAuth.pcm
2b511346b000-2b51134dc000 r--p 00000000 00:45 56898638                   /cvmfs/sft.cern.ch/lcg/releases/ROOT/v6.20.02-10e75/x86_64-centos7-gcc8-opt/lib/ASImageGui.pcm
2b51134dc000-2b5113604000 r--p 00000000 00:45 56898938                   /cvmfs/sft.cern.ch/lcg/releases/ROOT/v6.20.02-10e75/x86_64-centos7-gcc8-opt/lib/Gdml.pcm
2b5113604000-2b5113692000 r--p 00000000 00:45 56898680                   /cvmfs/sft.cern.ch/lcg/releases/ROOT/v6.20.02-10e75/x86_64-centos7-gcc8-opt/lib/ProofBench.pcm
2b5113692000-2b5113714000 r--p 00000000 00:45 56898783                   /cvmfs/sft.cern.ch/lcg/releases/ROOT/v6.20.02-10e75/x86_64-centos7-gcc8-opt/lib/Gviz3d.pcm
2b5113714000-2b5113871000 r--p 00000000 00:45 56899375                   /cvmfs/sft.cern.ch/lcg/releases/ROOT/v6.20.02-10e75/x86_64-centos7-gcc8-opt/lib/WebGui6.pcm
2b5113871000-2b5113907000 r--p 00000000 00:45 56899387                   /cvmfs/sft.cern.ch/lcg/releases/ROOT/v6.20.02-10e75/x86_64-centos7-gcc8-opt/lib/ROOTGraphicsPrimitives.pcm
2b5113907000-2b5113a19000 r--p 00000000 00:45 56899515                   /cvmfs/sft.cern.ch/lcg/releases/ROOT/v6.20.02-10e75/x86_64-centos7-gcc8-opt/lib/ROOTFitPanelv7.pcm
2b5113a19000-2b5113cd0000 r--p 00000000 00:45 56899525                   /cvmfs/sft.cern.ch/lcg/releases/ROOT/v6.20.02-10e75/x86_64-centos7-gcc8-opt/lib/Smatrix.pcm
2b5113cd0000-2b5113d54000 r--p 00000000 00:45 56898707                   /cvmfs/sft.cern.ch/lcg/releases/ROOT/v6.20.02-10e75/x86_64-centos7-gcc8-opt/lib/PyROOT.pcm
2b5113d54000-2b5113dfb000 r--p 00000000 00:45 56898727                   /cvmfs/sft.cern.ch/lcg/releases/ROOT/v6.20.02-10e75/x86_64-centos7-gcc8-opt/lib/SessionViewer.pcm
2b5113dfb000-2b5113e1d000 r-xp 00000000 103:00 6383012                   /usr/lib64/ld-2.17.so
2b5113e1d000-2b511401c000 ---p 00022000 103:00 6383012                   /usr/lib64/ld-2.17.so
2b511401c000-2b511401d000 r--p 00021000 103:00 6383012                   /usr/lib64/ld-2.17.so
2b511401d000-2b511401e000 rw-p 00022000 103:00 6383012                   /usr/lib64/ld-2.17.so
2b511401e000-2b512be85000 rw-p 00000000 00:00 0 
2b512c000000-2b512c021000 rw-p 00000000 00:00 0 
2b512c021000-2b5130000000 ---p 00000000 00:00 0 
7ffff2177000-7ffff219b000 rw-p 00000000 00:00 0                          [stack]
7ffff21e5000-7ffff21e7000 r-xp 00000000 00:00 0                          [vdso]
ffffffffff600000-ffffffffff601000 r-xp 00000000 00:00 0                  [vsyscall]
condor_exec.exe: line 48:   407 Aborted                 (core dumped) /afs/cern.ch/user/y/yumiao/public/HGCAL_Raw_Data_Handling/CommonModeTB_submission_version/PFCal/PFCalEE/userlib/bin/digitizer -c /afs/cern.ch/user/y/yumiao/public/HGCAL_Raw_Data_Handling/CommonModeTB_submission_version/PFCal/PFCalEE/userlib/DigiConfig.cfg -n 0 -i /afs/cern.ch/user/y/yumiao/public/HGCAL_Raw_Data_Handling/CommonModeTB_submission_version/PFCal/PFCalEE/git2022Sep10_c2c1571/version_120/model_0/e-/BOFF/200u/HGcal_version120_model0_BOFF_en${ENERGY}_eta${ETA}_run${Step}.root -o $localdir/ --granulStr=0-1:1 --noiseStr=0-1:0.15 --threshStr=0-1:5 --interCalib=${IC} --nSiLayers=3 --nPU=${NPUVTX} --puPath=root://eoscms//eos/cms/store/cmst3/group/hgcal/Standalone/V12/MinBias/ -a false
error: unable to create directory (errc=1) (Operation not permitted)
[eos-cp] copied 1/1 files and 804 B in 0.06 seconds with 13.29 kB/s
Unable to stat /afs/cern.ch/user/y/yumiao/public/HGCAL_Raw_Data_Handling/CommonModeTB_submission_version/PFCal/PFCalEE/git2022Sep10_c2c1571/version_120/model_0/e-/BOFF/200u/Digi_300uversion120_model0_BOFF_npuvtx0_ic3_en150_eta500_run4.root; No such file or directory (errc=2) (No such file or directory)
condor_exec.exe: line 61: [: !=: unary operator expected
