000 (1847123.001.000) 07/20 07:41:33 Job submitted from host: <188.185.125.71:9618?addrs=188.185.125.71-9618+[2001-1458-d00-4a--100-15e]-9618&alias=bigbird28.cern.ch&noUDP&sock=schedd_1933_74a8>
...
040 (1847123.001.000) 07/20 07:44:42 Started transferring input files
	Transferring to host: <128.142.192.211:9618?addrs=128.142.192.211-9618+[2001-1458-301-56--100-4f]-9618&alias=b7g18p0425.cern.ch&noUDP&sock=slot1_18_3704_8d90_30452>
...
040 (1847123.001.000) 07/20 07:44:42 Finished transferring input files
...
001 (1847123.001.000) 07/20 07:44:43 Job executing on host: <128.142.192.211:9618?addrs=128.142.192.211-9618+[2001-1458-301-56--100-4f]-9618&alias=b7g18p0425.cern.ch&noUDP&sock=startd_3048_40c1>
...
006 (1847123.001.000) 07/20 07:44:51 Image size of job updated: 291208
	4  -  MemoryUsage of job (MB)
	3144  -  ResidentSetSize of job (KB)
...
006 (1847123.001.000) 07/20 07:45:16 Image size of job updated: 474040
	4  -  MemoryUsage of job (MB)
	3144  -  ResidentSetSize of job (KB)
...
040 (1847123.001.000) 07/20 07:45:16 Started transferring output files
...
040 (1847123.001.000) 07/20 07:45:16 Finished transferring output files
...
005 (1847123.001.000) 07/20 07:45:16 Job terminated.
	(1) Normal termination (return value 0)
		Usr 0 00:00:01, Sys 0 00:00:01  -  Run Remote Usage
		Usr 0 00:00:00, Sys 0 00:00:00  -  Run Local Usage
		Usr 0 00:00:01, Sys 0 00:00:01  -  Total Remote Usage
		Usr 0 00:00:00, Sys 0 00:00:00  -  Total Local Usage
	10267  -  Run Bytes Sent By Job
	2606  -  Run Bytes Received By Job
	10267  -  Total Bytes Sent By Job
	2606  -  Total Bytes Received By Job
	Partitionable Resources :    Usage  Request Allocated 
	   Cpus                 :                 1         1 
	   Disk (KB)            :       26        3   3018195 
	   Memory (MB)          :        4     2000      2000 

	Job terminated of its own accord at 2023-07-20T05:45:16Z.
...
000 (2357628.001.000) 08/30 15:46:13 Job submitted from host: <188.185.125.71:9618?addrs=188.185.125.71-9618+[2001-1458-d00-4a--100-15e]-9618&alias=bigbird28.cern.ch&noUDP&sock=schedd_1933_74a8>
...
040 (2357628.001.000) 08/30 15:48:43 Started transferring input files
	Transferring to host: <188.184.163.108:9618?addrs=188.184.163.108-9618+[2001-1458-301-4d--100-66]-9618&alias=b7s12p8299.cern.ch&noUDP&sock=slot1_6_84457_58c3_90898>
...
040 (2357628.001.000) 08/30 15:48:43 Finished transferring input files
...
001 (2357628.001.000) 08/30 15:48:44 Job executing on host: <188.184.163.108:9618?addrs=188.184.163.108-9618+[2001-1458-301-4d--100-66]-9618&alias=b7s12p8299.cern.ch&noUDP&sock=startd_84416_eedc>
...
006 (2357628.001.000) 08/30 15:48:53 Image size of job updated: 728144
	64  -  MemoryUsage of job (MB)
	65228  -  ResidentSetSize of job (KB)
...
040 (2357628.001.000) 08/30 15:48:56 Started transferring output files
...
040 (2357628.001.000) 08/30 15:48:56 Finished transferring output files
...
005 (2357628.001.000) 08/30 15:48:56 Job terminated.
	(1) Normal termination (return value 0)
		Usr 0 00:00:04, Sys 0 00:00:02  -  Run Remote Usage
		Usr 0 00:00:00, Sys 0 00:00:00  -  Run Local Usage
		Usr 0 00:00:04, Sys 0 00:00:02  -  Total Remote Usage
		Usr 0 00:00:00, Sys 0 00:00:00  -  Total Local Usage
	12796  -  Run Bytes Sent By Job
	2978  -  Run Bytes Received By Job
	12796  -  Total Bytes Sent By Job
	2978  -  Total Bytes Received By Job
	Partitionable Resources :    Usage  Request Allocated 
	   Cpus                 :                 1         1 
	   Disk (KB)            :       29        3   2977671 
	   Memory (MB)          :       64     2000      2000 

	Job terminated of its own accord at 2023-08-30T13:48:56Z.
...
