000 (1847123.003.000) 07/20 07:41:33 Job submitted from host: <188.185.125.71:9618?addrs=188.185.125.71-9618+[2001-1458-d00-4a--100-15e]-9618&alias=bigbird28.cern.ch&noUDP&sock=schedd_1933_74a8>
...
040 (1847123.003.000) 07/20 07:44:43 Started transferring input files
	Transferring to host: <128.142.192.176:9618?addrs=128.142.192.176-9618+[2001-1458-301-56--100-2c]-9618&alias=b7g18p0140.cern.ch&noUDP&sock=slot1_5_48871_ca5c_30607>
...
040 (1847123.003.000) 07/20 07:44:43 Finished transferring input files
...
001 (1847123.003.000) 07/20 07:44:44 Job executing on host: <128.142.192.176:9618?addrs=128.142.192.176-9618+[2001-1458-301-56--100-2c]-9618&alias=b7g18p0140.cern.ch&noUDP&sock=startd_48833_f468>
...
006 (1847123.003.000) 07/20 07:44:52 Image size of job updated: 291208
	4  -  MemoryUsage of job (MB)
	3152  -  ResidentSetSize of job (KB)
...
006 (1847123.003.000) 07/20 07:45:15 Image size of job updated: 507556
	4  -  MemoryUsage of job (MB)
	3152  -  ResidentSetSize of job (KB)
...
040 (1847123.003.000) 07/20 07:45:16 Started transferring output files
...
040 (1847123.003.000) 07/20 07:45:16 Finished transferring output files
...
005 (1847123.003.000) 07/20 07:45:16 Job terminated.
	(1) Normal termination (return value 0)
		Usr 0 00:00:02, Sys 0 00:00:02  -  Run Remote Usage
		Usr 0 00:00:00, Sys 0 00:00:00  -  Run Local Usage
		Usr 0 00:00:02, Sys 0 00:00:02  -  Total Remote Usage
		Usr 0 00:00:00, Sys 0 00:00:00  -  Total Local Usage
	10270  -  Run Bytes Sent By Job
	2606  -  Run Bytes Received By Job
	10270  -  Total Bytes Sent By Job
	2606  -  Total Bytes Received By Job
	Partitionable Resources :    Usage  Request Allocated 
	   Cpus                 :                 1         1 
	   Disk (KB)            :       26        3   2915188 
	   Memory (MB)          :        4     2000      2000 

	Job terminated of its own accord at 2023-07-20T05:45:15Z.
...
000 (2357628.003.000) 08/30 15:46:13 Job submitted from host: <188.185.125.71:9618?addrs=188.185.125.71-9618+[2001-1458-d00-4a--100-15e]-9618&alias=bigbird28.cern.ch&noUDP&sock=schedd_1933_74a8>
...
040 (2357628.003.000) 08/30 15:49:04 Started transferring input files
	Transferring to host: <128.142.61.151:9618?addrs=128.142.61.151-9618+[2001-1458-301-23--100-96]-9618&alias=b7s06p7731.cern.ch&noUDP&sock=slot1_2_6252_d977_240941>
...
040 (2357628.003.000) 08/30 15:49:04 Finished transferring input files
...
001 (2357628.003.000) 08/30 15:49:05 Job executing on host: <128.142.61.151:9618?addrs=128.142.61.151-9618+[2001-1458-301-23--100-96]-9618&alias=b7s06p7731.cern.ch&noUDP&sock=startd_5080_0933>
...
006 (2357628.003.000) 08/30 15:49:14 Image size of job updated: 291208
	18  -  MemoryUsage of job (MB)
	17628  -  ResidentSetSize of job (KB)
...
040 (2357628.003.000) 08/30 15:49:24 Started transferring output files
...
040 (2357628.003.000) 08/30 15:49:24 Finished transferring output files
...
005 (2357628.003.000) 08/30 15:49:24 Job terminated.
	(1) Normal termination (return value 0)
		Usr 0 00:00:02, Sys 0 00:00:01  -  Run Remote Usage
		Usr 0 00:00:00, Sys 0 00:00:00  -  Run Local Usage
		Usr 0 00:00:02, Sys 0 00:00:01  -  Total Remote Usage
		Usr 0 00:00:00, Sys 0 00:00:00  -  Total Local Usage
	74050  -  Run Bytes Sent By Job
	2978  -  Run Bytes Received By Job
	74050  -  Total Bytes Sent By Job
	2978  -  Total Bytes Received By Job
	Partitionable Resources :    Usage  Request Allocated 
	   Cpus                 :                 1         1 
	   Disk (KB)            :       89        3   1281891 
	   Memory (MB)          :       18     2000      2000 

	Job terminated of its own accord at 2023-08-30T13:49:24Z.
...
