000 (1847123.000.000) 07/20 07:41:33 Job submitted from host: <188.185.125.71:9618?addrs=188.185.125.71-9618+[2001-1458-d00-4a--100-15e]-9618&alias=bigbird28.cern.ch&noUDP&sock=schedd_1933_74a8>
...
040 (1847123.000.000) 07/20 07:44:42 Started transferring input files
	Transferring to host: <188.184.163.184:9618?addrs=188.184.163.184-9618&alias=b7s12p7289.cern.ch&noUDP&sock=slot1_7_41325_f36a_40070>
...
040 (1847123.000.000) 07/20 07:44:42 Finished transferring input files
...
001 (1847123.000.000) 07/20 07:44:43 Job executing on host: <188.184.163.184:9618?addrs=188.184.163.184-9618&alias=b7s12p7289.cern.ch&noUDP&sock=startd_2977_8d88>
...
006 (1847123.000.000) 07/20 07:44:51 Image size of job updated: 4224
	4  -  MemoryUsage of job (MB)
	3160  -  ResidentSetSize of job (KB)
...
006 (1847123.000.000) 07/20 07:45:04 Image size of job updated: 291200
	4  -  MemoryUsage of job (MB)
	3160  -  ResidentSetSize of job (KB)
...
040 (1847123.000.000) 07/20 07:45:04 Started transferring output files
...
040 (1847123.000.000) 07/20 07:45:04 Finished transferring output files
...
005 (1847123.000.000) 07/20 07:45:04 Job terminated.
	(1) Normal termination (return value 0)
		Usr 0 00:00:01, Sys 0 00:00:01  -  Run Remote Usage
		Usr 0 00:00:00, Sys 0 00:00:00  -  Run Local Usage
		Usr 0 00:00:01, Sys 0 00:00:01  -  Total Remote Usage
		Usr 0 00:00:00, Sys 0 00:00:00  -  Total Local Usage
	10273  -  Run Bytes Sent By Job
	2606  -  Run Bytes Received By Job
	10273  -  Total Bytes Sent By Job
	2606  -  Total Bytes Received By Job
	Partitionable Resources :    Usage  Request Allocated 
	   Cpus                 :                 1         1 
	   Disk (KB)            :       26        3   2874198 
	   Memory (MB)          :        4     2000      2000 

	Job terminated of its own accord at 2023-07-20T05:45:04Z.
...
000 (2357628.000.000) 08/30 15:46:13 Job submitted from host: <188.185.125.71:9618?addrs=188.185.125.71-9618+[2001-1458-d00-4a--100-15e]-9618&alias=bigbird28.cern.ch&noUDP&sock=schedd_1933_74a8>
...
022 (2357628.000.000) 08/30 15:49:03 Job disconnected, attempting to reconnect
    Socket between submit and execute hosts closed unexpectedly
    Trying to reconnect to slot1_3@b7s06p7999.cern.ch <128.142.61.67:9618?addrs=128.142.61.67-9618+[2001-1458-301-23--100-42]-9618&alias=b7s06p7999.cern.ch&noUDP&sock=startd_57713_e567>
...
024 (2357628.000.000) 08/30 15:49:03 Job reconnection failed
    Job not found at execution machine
    Can not reconnect to slot1_3@b7s06p7999.cern.ch, rescheduling job
...
040 (2357628.000.000) 08/30 15:49:25 Started transferring input files
	Transferring to host: <128.142.61.52:9618?addrs=128.142.61.52-9618+[2001-1458-301-23--100-33]-9618&alias=b7s06p8124.cern.ch&noUDP&sock=slot1_1_4563_cbd3_237878>
...
040 (2357628.000.000) 08/30 15:49:25 Finished transferring input files
...
001 (2357628.000.000) 08/30 15:49:26 Job executing on host: <128.142.61.52:9618?addrs=128.142.61.52-9618+[2001-1458-301-23--100-33]-9618&alias=b7s06p8124.cern.ch&noUDP&sock=startd_3097_dce5>
...
006 (2357628.000.000) 08/30 15:49:31 Image size of job updated: 3
	0  -  MemoryUsage of job (MB)
	0  -  ResidentSetSize of job (KB)
...
040 (2357628.000.000) 08/30 15:49:31 Started transferring output files
...
040 (2357628.000.000) 08/30 15:49:31 Finished transferring output files
...
005 (2357628.000.000) 08/30 15:49:31 Job terminated.
	(1) Normal termination (return value 0)
		Usr 0 00:00:02, Sys 0 00:00:01  -  Run Remote Usage
		Usr 0 00:00:00, Sys 0 00:00:00  -  Run Local Usage
		Usr 0 00:00:02, Sys 0 00:00:01  -  Total Remote Usage
		Usr 0 00:00:00, Sys 0 00:00:00  -  Total Local Usage
	12792  -  Run Bytes Sent By Job
	2978  -  Run Bytes Received By Job
	12792  -  Total Bytes Sent By Job
	2978  -  Total Bytes Received By Job
	Partitionable Resources :    Usage  Request Allocated 
	   Cpus                 :                 1         1 
	   Disk (KB)            :       30        3   1183610 
	   Memory (MB)          :        0     2000      2000 

	Job terminated of its own accord at 2023-08-30T13:49:31Z.
...
