energy: 150
eta: 500
run: 4
ic: 3
npuvtx: 0
/cvmfs/sft.cern.ch/lcg/views/LCG_97/x86_64-centos7-gcc8-opt/scripts:/cvmfs/sft.cern.ch/lcg/views/LCG_97/x86_64-centos7-gcc8-opt/bin:/cvmfs/sft.cern.ch/lcg/releases/gcc/8.3.0-cebb0/x86_64-centos7/bin:/cvmfs/sft.cern.ch/lcg/releases/binutils/2.30-e5b21/x86_64-centos7/bin:/afs/cern.ch/cms/caf/scripts:/cvmfs/cms.cern.ch/common:/usr/sue/bin:/usr/condabin:/usr/local/bin:/usr/bin:/usr/local/sbin:/usr/sbin:/opt/puppetlabs/bin:/cvmfs/sft.cern.ch/lcg/views/LCG_97/x86_64-centos7-gcc8-opt//bin:/afs/cern.ch/user/y/yumiao/public/HGCAL_Raw_Data_Handling/CommonModeTB_submission_version/PFCal/PFCalEE/g4build
 ----------------------------------------
 -- Input parameters: 
 -- Input file path: /afs/cern.ch/user/y/yumiao/public/HGCAL_Raw_Data_Handling/CommonModeTB_submission_version/PFCal/PFCalEE/git2022Sep10_c2c1571/version_120/model_0/e-/BOFF/200u/HGcal_version120_model0_BOFF_en150_eta500_run4.root
 -- Output file path: /pool/condor/dir_247121/
 -- Processing all events.
 -- Granularities: 0-1:1
 -- noise: 0-1:0.15
 -- thresholds: 0-1:5
 -- intercalibration factor (in %): 3
 -- number of Si layers: 3
 -- number of PU: 0
 -- pu file path: root://eoscms//eos/cms/store/cmst3/group/hgcal/Standalone/V12/MinBias/
 -- Random seed will be set to : 0
 ----------------------------------------
Opening input file /afs/cern.ch/user/y/yumiao/public/HGCAL_Raw_Data_Handling/CommonModeTB_submission_version/PFCal/PFCalEE/git2022Sep10_c2c1571/version_120/model_0/e-/BOFF/200u/HGcal_version120_model0_BOFF_en150_eta500_run4.root...Done.
Getting HGCSSTree...Done.
 -- Number of Si layers: 3
 -- Created detector static object.
 -- Calor size XY = 200, version number = 120, model = 0, cellSize = 4.76, shape = 1
 -------------------------- 
 -- Detector information -- 
 -------------------------- 
 - nSections = 1
 - nLayers = 1
 - detNames =  BECAL
 -------------------------- 
 -- Initialising HoneyComb with parameters: 
 ---- (xstart,ystart) = (-111.86,-98.9347), side = 4.76, nx = 29, ny=25
 -- Check geomMap: size = 711
 -- Initialising eta-phi squareMap with parameters: 
 ---- xmin = 1.3, ymin = -3.14159 side = 0.0174533, nx = 97, ny=360
 -- Check geomMap: size = 34920
 -- Initialising eta-phi squareMap with parameters: 
 ---- xmin = 1.3, ymin = -3.14159 side = 0.0218166, nx = 77, ny=288
 -- Check geomMap: size = 22176
====================================
=== INIT DIGITISATION PARAMETERS ===
====================================
 = Random seed: 2434440650
 = Nphoto-electrons: 11
 = cross-talk: 0.25
 = Npixels total: 1156
 = sigmaPixel: 3
 = MIPtoADC conversions: ECAL 10, FHCAL 10
 = Time cut: ECAL 25, FHCAL 25, BHCAL 25
 = Intercalibration: ECAL 0.02, FHCAL 0.02, BHCAL 0.02
====================================
 -- Intercalibration factor set to (%): 3
 -- WARNING! Input parameter has more layers: 1 than detector : 1. Ignoring additional layer #1... PLEASE CHECK SETTINGS ARE CORRECT FOR EXISTING LAYERS!!
 -- WARNING! Input parameter has more layers: 1 than detector : 1. Ignoring additional layer #1... PLEASE CHECK SETTINGS ARE CORRECT FOR EXISTING LAYERS!!
 -- WARNING! Input parameter has more layers: 1 than detector : 1. Ignoring additional layer #1... PLEASE CHECK SETTINGS ARE CORRECT FOR EXISTING LAYERS!!
 -- Granularities and noise are setup like this:
Layer  0 : 1, 0.15 mips, 5 adc - 
 -- Random3 seed = 3963446889
 ----------------------------------------
 -- File will be saved as /pool/condor/dir_247121//DigiPFcal.root
- Processing = 5000 events out of 5000
... Processing event: 0
--Local directory is  /pool/condor/dir_247121
home=/afs/cern.ch/user/y/yumiao
path=/cvmfs/sft.cern.ch/lcg/views/LCG_97/x86_64-centos7-gcc8-opt/scripts:/cvmfs/sft.cern.ch/lcg/views/LCG_97/x86_64-centos7-gcc8-opt/bin:/cvmfs/sft.cern.ch/lcg/releases/gcc/8.3.0-cebb0/x86_64-centos7/bin:/cvmfs/sft.cern.ch/lcg/releases/binutils/2.30-e5b21/x86_64-centos7/bin:/afs/cern.ch/cms/caf/scripts:/cvmfs/cms.cern.ch/common:/usr/sue/bin:/usr/condabin:/usr/local/bin:/usr/bin:/usr/local/sbin:/usr/sbin:/opt/puppetlabs/bin:/cvmfs/sft.cern.ch/lcg/views/LCG_97/x86_64-centos7-gcc8-opt//bin:/afs/cern.ch/user/y/yumiao/public/HGCAL_Raw_Data_Handling/CommonModeTB_submission_version/PFCal/PFCalEE/g4build
ldlibpath=/cvmfs/sft.cern.ch/lcg/views/LCG_97/x86_64-centos7-gcc8-opt/lib/python2.7/site-packages/torch/lib:/cvmfs/sft.cern.ch/lcg/views/LCG_97/x86_64-centos7-gcc8-opt/lib/python2.7/site-packages/tensorflow:/cvmfs/sft.cern.ch/lcg/views/LCG_97/x86_64-centos7-gcc8-opt/lib/python2.7/site-packages/tensorflow/contrib/tensor_forest:/cvmfs/sft.cern.ch/lcg/views/LCG_97/x86_64-centos7-gcc8-opt/lib/python2.7/site-packages/tensorflow/python/framework:/cvmfs/sft.cern.ch/lcg/releases/LCG_97/./java/8u222/x86_64-centos7-gcc8-opt/jre/lib/amd64:/cvmfs/sft.cern.ch/lcg/views/LCG_97/x86_64-centos7-gcc8-opt/lib64:/cvmfs/sft.cern.ch/lcg/views/LCG_97/x86_64-centos7-gcc8-opt/lib:/cvmfs/sft.cern.ch/lcg/releases/gcc/8.3.0-cebb0/x86_64-centos7/lib:/cvmfs/sft.cern.ch/lcg/releases/gcc/8.3.0-cebb0/x86_64-centos7/lib64:/cvmfs/sft.cern.ch/lcg/releases/binutils/2.30-e5b21/x86_64-centos7/lib:/cvmfs/sft.cern.ch/lcg/releases/R/3.5.3-5c668/x86_64-centos7-gcc8-opt/lib64/R/library/readr/rcon:/cvmfs/sft.cern.ch/lcg/views/LCG_97/x86_64-centos7-gcc8-opt//lib64:/cvmfs/sft.cern.ch/lcg/releases/HepMC/2.06.10-1a364/x86_64-centos7-gcc8-opt//lib:/afs/cern.ch/user/y/yumiao/public/HGCAL_Raw_Data_Handling/CommonModeTB_submission_version/PFCal/PFCalEE/userlib/lib:/afs/cern.ch/user/y/yumiao/public/HGCAL_Raw_Data_Handling/CommonModeTB_submission_version/PFCal/PFCalEE/analysis/lib
condor_exec.exe
_condor_stderr
_condor_stdout
core.248769
DigiPFcal.root
yumiao.cc

srv:

tmp:
mjf-yumiao

var:
tmp
 --- Size check done: Localsize = 804, eossize = 
 --- File DigiPFcal.root successfully copied to EOS: /afs/cern.ch/user/y/yumiao/public/HGCAL_Raw_Data_Handling/CommonModeTB_submission_version/PFCal/PFCalEE/git2022Sep10_c2c1571/version_120/model_0/e-/BOFF/200u/Digi_300uversion120_model0_BOFF_npuvtx0_ic3_en150_eta500_run4.root
