000 (1847123.002.000) 07/20 07:41:33 Job submitted from host: <188.185.125.71:9618?addrs=188.185.125.71-9618+[2001-1458-d00-4a--100-15e]-9618&alias=bigbird28.cern.ch&noUDP&sock=schedd_1933_74a8>
...
040 (1847123.002.000) 07/20 07:44:42 Started transferring input files
	Transferring to host: <128.142.192.211:9618?addrs=128.142.192.211-9618+[2001-1458-301-56--100-4f]-9618&alias=b7g18p0425.cern.ch&noUDP&sock=slot1_28_3704_8d90_30453>
...
040 (1847123.002.000) 07/20 07:44:42 Finished transferring input files
...
001 (1847123.002.000) 07/20 07:44:43 Job executing on host: <128.142.192.211:9618?addrs=128.142.192.211-9618+[2001-1458-301-56--100-4f]-9618&alias=b7g18p0425.cern.ch&noUDP&sock=startd_3048_40c1>
...
006 (1847123.002.000) 07/20 07:44:51 Image size of job updated: 291208
	4  -  MemoryUsage of job (MB)
	3152  -  ResidentSetSize of job (KB)
...
006 (1847123.002.000) 07/20 07:45:16 Image size of job updated: 461760
	4  -  MemoryUsage of job (MB)
	3152  -  ResidentSetSize of job (KB)
...
040 (1847123.002.000) 07/20 07:45:16 Started transferring output files
...
040 (1847123.002.000) 07/20 07:45:16 Finished transferring output files
...
005 (1847123.002.000) 07/20 07:45:16 Job terminated.
	(1) Normal termination (return value 0)
		Usr 0 00:00:01, Sys 0 00:00:01  -  Run Remote Usage
		Usr 0 00:00:00, Sys 0 00:00:00  -  Run Local Usage
		Usr 0 00:00:01, Sys 0 00:00:01  -  Total Remote Usage
		Usr 0 00:00:00, Sys 0 00:00:00  -  Total Local Usage
	10270  -  Run Bytes Sent By Job
	2606  -  Run Bytes Received By Job
	10270  -  Total Bytes Sent By Job
	2606  -  Total Bytes Received By Job
	Partitionable Resources :    Usage  Request Allocated 
	   Cpus                 :                 1         1 
	   Disk (KB)            :       26        3   3018203 
	   Memory (MB)          :        4     2000      2000 

	Job terminated of its own accord at 2023-07-20T05:45:16Z.
...
000 (2357628.002.000) 08/30 15:46:13 Job submitted from host: <188.185.125.71:9618?addrs=188.185.125.71-9618+[2001-1458-d00-4a--100-15e]-9618&alias=bigbird28.cern.ch&noUDP&sock=schedd_1933_74a8>
...
040 (2357628.002.000) 08/30 15:49:03 Started transferring input files
	Transferring to host: <128.142.61.52:9618?addrs=128.142.61.52-9618+[2001-1458-301-23--100-33]-9618&alias=b7s06p8124.cern.ch&noUDP&sock=slot1_1_4563_cbd3_237876>
...
040 (2357628.002.000) 08/30 15:49:03 Finished transferring input files
...
001 (2357628.002.000) 08/30 15:49:04 Job executing on host: <128.142.61.52:9618?addrs=128.142.61.52-9618+[2001-1458-301-23--100-33]-9618&alias=b7s06p8124.cern.ch&noUDP&sock=startd_3097_dce5>
...
006 (2357628.002.000) 08/30 15:49:13 Image size of job updated: 24568
	7  -  MemoryUsage of job (MB)
	6536  -  ResidentSetSize of job (KB)
...
006 (2357628.002.000) 08/30 15:49:24 Image size of job updated: 693916
	7  -  MemoryUsage of job (MB)
	6536  -  ResidentSetSize of job (KB)
...
040 (2357628.002.000) 08/30 15:49:24 Started transferring output files
...
040 (2357628.002.000) 08/30 15:49:24 Finished transferring output files
...
005 (2357628.002.000) 08/30 15:49:24 Job terminated.
	(1) Normal termination (return value 0)
		Usr 0 00:00:02, Sys 0 00:00:01  -  Run Remote Usage
		Usr 0 00:00:00, Sys 0 00:00:00  -  Run Local Usage
		Usr 0 00:00:02, Sys 0 00:00:01  -  Total Remote Usage
		Usr 0 00:00:00, Sys 0 00:00:00  -  Total Local Usage
	12795  -  Run Bytes Sent By Job
	2978  -  Run Bytes Received By Job
	12795  -  Total Bytes Sent By Job
	2978  -  Total Bytes Received By Job
	Partitionable Resources :    Usage  Request Allocated 
	   Cpus                 :                 1         1 
	   Disk (KB)            :       29        3   1184253 
	   Memory (MB)          :        7     2000      2000 

	Job terminated of its own accord at 2023-08-30T13:49:24Z.
...
