 -- Error ! Trying to access layer 1 outside of range. nLayers = 1
*** Error in `/afs/cern.ch/user/y/yumiao/public/HGCAL_Raw_Data_Handling/CommonModeTB_submission_version/PFCal/PFCalEE/userlib/bin/digitizer': double free or corruption (out): 0x0000000002af8de0 ***
======= Backtrace: =========
/lib64/libc.so.6(+0x81329)[0x2b513d488329]
/cvmfs/sft.cern.ch/lcg/views/LCG_97/x86_64-centos7-gcc8-opt/lib/libCore.so(_ZN7TStringaSERKS_+0x23)[0x2b512a6d4773]
/cvmfs/sft.cern.ch/lcg/views/LCG_97/x86_64-centos7-gcc8-opt/lib/libCore.so(_ZN7TSystem12GetLibrariesEPKcS1_b+0x5f2)[0x2b512a6e9412]
/cvmfs/sft.cern.ch/lcg/views/LCG_97/x86_64-centos7-gcc8-opt/lib/libCore.so(_ZN7TSystem4LoadEPKcS1_b+0x4b)[0x2b512a6ecbab]
/cvmfs/sft.cern.ch/lcg/views/LCG_97/x86_64-centos7-gcc8-opt/lib/libCore.so(_ZN5TROOT9LoadClassEPKcS1_b+0x73)[0x2b512a67af93]
/cvmfs/sft.cern.ch/lcg/views/LCG_97/x86_64-centos7-gcc8-opt/lib/libCling.so(+0x420a6a)[0x2b514186da6a]
/cvmfs/sft.cern.ch/lcg/views/LCG_97/x86_64-centos7-gcc8-opt/lib/libCling.so(+0x421019)[0x2b514186e019]
/cvmfs/sft.cern.ch/lcg/views/LCG_97/x86_64-centos7-gcc8-opt/lib/libCore.so(_ZNK6TClass13LoadClassInfoEv+0x15e)[0x2b512a75f86e]
/cvmfs/sft.cern.ch/lcg/views/LCG_97/x86_64-centos7-gcc8-opt/lib/libCling.so(+0x40f4c0)[0x2b514185c4c0]
/cvmfs/sft.cern.ch/lcg/views/LCG_97/x86_64-centos7-gcc8-opt/lib/libCore.so(_ZN6TClass14GetListOfBasesEv+0x199)[0x2b512a75fa99]
/cvmfs/sft.cern.ch/lcg/views/LCG_97/x86_64-centos7-gcc8-opt/lib/libCore.so(_ZN6TClass12GetBaseClassEPKS_+0x28)[0x2b512a75fb78]
/cvmfs/sft.cern.ch/lcg/views/LCG_97/x86_64-centos7-gcc8-opt/lib/libCore.so(_ZNK6TClass12InheritsFromEPKS_+0x34)[0x2b512a75fc34]
/cvmfs/sft.cern.ch/lcg/views/LCG_97/x86_64-centos7-gcc8-opt/lib/libRIO.so(_ZN14TDirectoryFile4SaveEv+0x14d)[0x2b512af32a7d]
/cvmfs/sft.cern.ch/lcg/views/LCG_97/x86_64-centos7-gcc8-opt/lib/libRIO.so(_ZN14TDirectoryFile5CloseEPKc+0x2c)[0x2b512af3285c]
/cvmfs/sft.cern.ch/lcg/views/LCG_97/x86_64-centos7-gcc8-opt/lib/libRIO.so(_ZN5TFile5CloseEPKc+0x146)[0x2b512af4f396]
/cvmfs/sft.cern.ch/lcg/views/LCG_97/x86_64-centos7-gcc8-opt/lib/libCore.so(+0x19c051)[0x2b512a678051]
/cvmfs/sft.cern.ch/lcg/views/LCG_97/x86_64-centos7-gcc8-opt/lib/libCore.so(_ZN5TROOT10CloseFilesEv+0x44)[0x2b512a6789f4]
/lib64/libc.so.6(__cxa_finalize+0x9a)[0x2b513d44105a]
/cvmfs/sft.cern.ch/lcg/views/LCG_97/x86_64-centos7-gcc8-opt/lib/libCore.so(+0x19b253)[0x2b512a677253]
======= Memory map: ========
00400000-00431000 r-xp 00000000 00:2a 209596630                          /afs/cern.ch/user/y/yumiao/public/HGCAL_Raw_Data_Handling/CommonModeTB_submission_version/PFCal/PFCalEE/userlib/bin/digitizer
00631000-00632000 r--p 00031000 00:2a 209596630                          /afs/cern.ch/user/y/yumiao/public/HGCAL_Raw_Data_Handling/CommonModeTB_submission_version/PFCal/PFCalEE/userlib/bin/digitizer
00632000-00633000 rw-p 00032000 00:2a 209596630                          /afs/cern.ch/user/y/yumiao/public/HGCAL_Raw_Data_Handling/CommonModeTB_submission_version/PFCal/PFCalEE/userlib/bin/digitizer
00729000-05ce1000 rw-p 00000000 00:00 0                                  [heap]
2b512a2b8000-2b512a2da000 r-xp 00000000 103:02 6381195                   /usr/lib64/ld-2.17.so
2b512a2da000-2b512a2e2000 rw-p 00000000 00:00 0 
2b512a2e2000-2b512a2ef000 r--p 00000000 00:3d 136611829                  /cvmfs/sft.cern.ch/lcg/releases/ROOT/v6.20.02-10e75/x86_64-centos7-gcc8-opt/lib/xlocale.h.pcm
2b512a2ef000-2b512a2fc000 r--p 00000000 00:3d 136611915                  /cvmfs/sft.cern.ch/lcg/releases/ROOT/v6.20.02-10e75/x86_64-centos7-gcc8-opt/lib/_Builtin_stddef_max_align_t.pcm
2b512a2fc000-2b512a2fe000 r-xp 00000000 00:00 0 
2b512a2fe000-2b512a300000 rw-p 00000000 00:00 0 
2b512a300000-2b512a302000 r-xp 00000000 00:00 0 
2b512a302000-2b512a303000 r-xp 00000000 00:00 0 
2b512a303000-2b512a35d000 rw-p 00000000 00:00 0 
2b512a35d000-2b512a370000 r-xp 00000000 00:00 0 
2b512a370000-2b512a371000 rw-p 00000000 00:00 0 
2b512a38e000-2b512a3ea000 rw-p 00000000 00:00 0 
2b512a3ea000-2b512a407000 r--p 00000000 00:3d 136611044                  /cvmfs/sft.cern.ch/lcg/releases/ROOT/v6.20.02-10e75/x86_64-centos7-gcc8-opt/lib/Cling_Runtime.pcm
2b512a407000-2b512a432000 r--p 00000000 00:3d 136611053                  /cvmfs/sft.cern.ch/lcg/releases/ROOT/v6.20.02-10e75/x86_64-centos7-gcc8-opt/lib/Cling_Runtime_Extra.pcm
2b512a432000-2b512a47a000 r--p 00000000 00:3d 136611923                  /cvmfs/sft.cern.ch/lcg/releases/ROOT/v6.20.02-10e75/x86_64-centos7-gcc8-opt/lib/ROOT_Foundation_C.pcm
2b512a47a000-2b512a493000 r--p 00000000 00:3d 136611573                  /cvmfs/sft.cern.ch/lcg/releases/ROOT/v6.20.02-10e75/x86_64-centos7-gcc8-opt/lib/ROOT_Rtypes.pcm
2b512a493000-2b512a4b1000 r--p 00000000 00:3d 136611959                  /cvmfs/sft.cern.ch/lcg/releases/ROOT/v6.20.02-10e75/x86_64-centos7-gcc8-opt/lib/ROOT_Config.pcm
2b512a4d9000-2b512a4da000 r--p 00021000 103:02 6381195                   /usr/lib64/ld-2.17.so
2b512a4da000-2b512a4db000 rw-p 00022000 103:02 6381195                   /usr/lib64/ld-2.17.so
2b512a4db000-2b512a4dc000 rw-p 00000000 00:00 0 
2b512a4dc000-2b512a9ae000 r-xp 00000000 00:3d 136611851                  /cvmfs/sft.cern.ch/lcg/releases/ROOT/v6.20.02-10e75/x86_64-centos7-gcc8-opt/lib/libCore.so
2b512a9ae000-2b512abad000 ---p 004d2000 00:3d 136611851                  /cvmfs/sft.cern.ch/lcg/releases/ROOT/v6.20.02-10e75/x86_64-centos7-gcc8-opt/lib/libCore.so
2b512abad000-2b512abd7000 r--p 004d1000 00:3d 136611851                  /cvmfs/sft.cern.ch/lcg/releases/ROOT/v6.20.02-10e75/x86_64-centos7-gcc8-opt/lib/libCore.so
2b512abd7000-2b512abdd000 rw-p 004fb000 00:3d 136611851                  /cvmfs/sft.cern.ch/lcg/releases/ROOT/v6.20.02-10e75/x86_64-centos7-gcc8-opt/lib/libCore.so
2b512abdd000-2b512ac11000 rw-p 00000000 00:00 0 
2b512ac11000-2b512ac1f000 r-xp 00000000 00:3d 136611134                  /cvmfs/sft.cern.ch/lcg/releases/ROOT/v6.20.02-10e75/x86_64-centos7-gcc8-opt/lib/libImt.so
2b512ac1f000-2b512ae1e000 ---p 0000e000 00:3d 136611134                  /cvmfs/sft.cern.ch/lcg/releases/ROOT/v6.20.02-10e75/x86_64-centos7-gcc8-opt/lib/libImt.so
2b512ae1e000-2b512ae1f000 r--p 0000d000 00:3d 136611134                  /cvmfs/sft.cern.ch/lcg/releases/ROOT/v6.20.02-10e75/x86_64-centos7-gcc8-opt/lib/libImt.so
2b512ae1f000-2b512ae20000 rw-p 0000e000 00:3d 136611134                  /cvmfs/sft.cern.ch/lcg/releases/ROOT/v6.20.02-10e75/x86_64-centos7-gcc8-opt/lib/libImt.so
2b512ae20000-2b512b1b5000 r-xp 00000000 00:3d 136611170                  /cvmfs/sft.cern.ch/lcg/releases/ROOT/v6.20.02-10e75/x86_64-centos7-gcc8-opt/lib/libRIO.so
2b512b1b5000-2b512b3b5000 ---p 00395000 00:3d 136611170                  /cvmfs/sft.cern.ch/lcg/releases/ROOT/v6.20.02-10e75/x86_64-centos7-gcc8-opt/lib/libRIO.so
2b512b3b5000-2b512b3c2000 r--p 00395000 00:3d 136611170                  /cvmfs/sft.cern.ch/lcg/releases/ROOT/v6.20.02-10e75/x86_64-centos7-gcc8-opt/lib/libRIO.so
2b512b3c2000-2b512b3c5000 rw-p 003a2000 00:3d 136611170                  /cvmfs/sft.cern.ch/lcg/releases/ROOT/v6.20.02-10e75/x86_64-centos7-gcc8-opt/lib/libRIO.so
2b512b3c5000-2b512b3c8000 rw-p 00000000 00:00 0 
2b512b3c8000-2b512b493000 r-xp 00000000 00:3d 136611166                  /cvmfs/sft.cern.ch/lcg/releases/ROOT/v6.20.02-10e75/x86_64-centos7-gcc8-opt/lib/libNet.so
2b512b493000-2b512b692000 ---p 000cb000 00:3d 136611166                  /cvmfs/sft.cern.ch/lcg/releases/ROOT/v6.20.02-10e75/x86_64-centos7-gcc8-opt/lib/libNet.so
2b512b692000-2b512b69e000 r--p 000ca000 00:3d 136611166                  /cvmfs/sft.cern.ch/lcg/releases/ROOT/v6.20.02-10e75/x86_64-centos7-gcc8-opt/lib/libNet.so
2b512b69e000-2b512b6a0000 rw-p 000d6000 00:3d 136611166                  /cvmfs/sft.cern.ch/lcg/releases/ROOT/v6.20.02-10e75/x86_64-centos7-gcc8-opt/lib/libNet.so
2b512b6a0000-2b512b6a7000 rw-p 00000000 00:00 0 
2b512b6a7000-2b512ba62000 r-xp 00000000 00:3d 136611911                  /cvmfs/sft.cern.ch/lcg/releases/ROOT/v6.20.02-10e75/x86_64-centos7-gcc8-opt/lib/libHist.so
2b512ba62000-2b512bc62000 ---p 003bb000 00:3d 136611911                  /cvmfs/sft.cern.ch/lcg/releases/ROOT/v6.20.02-10e75/x86_64-centos7-gcc8-opt/lib/libHist.so
2b512bc62000-2b512bc8c000 r--p 003bb000 00:3d 136611911                  /cvmfs/sft.cern.ch/lcg/releases/ROOT/v6.20.02-10e75/x86_64-centos7-gcc8-opt/lib/libHist.so
2b512bc8c000-2b512bc90000 rw-p 003e5000 00:3d 136611911                  /cvmfs/sft.cern.ch/lcg/releases/ROOT/v6.20.02-10e75/x86_64-centos7-gcc8-opt/lib/libHist.so
2b512bc90000-2b512bc9b000 rw-p 00000000 00:00 0 
2b512bc9b000-2b512bde5000 r-xp 00000000 00:3d 136611839                  /cvmfs/sft.cern.ch/lcg/releases/ROOT/v6.20.02-10e75/x86_64-centos7-gcc8-opt/lib/libGraf.so
2b512bde5000-2b512bfe4000 ---p 0014a000 00:3d 136611839                  /cvmfs/sft.cern.ch/lcg/releases/ROOT/v6.20.02-10e75/x86_64-centos7-gcc8-opt/lib/libGraf.so
2b512bfe4000-2b512bff2000 r--p 00149000 00:3d 136611839                  /cvmfs/sft.cern.ch/lcg/releases/ROOT/v6.20.02-10e75/x86_64-centos7-gcc8-opt/lib/libGraf.so
2b512bff2000-2b512bff6000 rw-p 00157000 00:3d 136611839                  /cvmfs/sft.cern.ch/lcg/releases/ROOT/v6.20.02-10e75/x86_64-centos7-gcc8-opt/lib/libGraf.so
2b512bff6000-2b512c004000 rw-p 00000000 00:00 0 
2b512c004000-2b512c0a3000 r-xp 00000000 00:3d 136611204                  /cvmfs/sft.cern.ch/lcg/releases/ROOT/v6.20.02-10e75/x86_64-centos7-gcc8-opt/lib/libGraf3d.so
2b512c0a3000-2b512c2a2000 ---p 0009f000 00:3d 136611204                  /cvmfs/sft.cern.ch/lcg/releases/ROOT/v6.20.02-10e75/x86_64-centos7-gcc8-opt/lib/libGraf3d.so
2b512c2a2000-2b512c2ac000 r--p 0009e000 00:3d 136611204                  /cvmfs/sft.cern.ch/lcg/releases/ROOT/v6.20.02-10e75/x86_64-centos7-gcc8-opt/lib/libGraf3d.so
2b512c2ac000-2b512c2ad000 rw-p 000a8000 00:3d 136611204                  /cvmfs/sft.cern.ch/lcg/releases/ROOT/v6.20.02-10e75/x86_64-centos7-gcc8-opt/lib/libGraf3d.so
2b512c2ad000-2b512c2b1000 rw-p 00000000 00:00 0 
2b512c2b1000-2b512c38c000 r-xp 00000000 00:3d 136611073                  /cvmfs/sft.cern.ch/lcg/releases/ROOT/v6.20.02-10e75/x86_64-centos7-gcc8-opt/lib/libGpad.so
2b512c38c000-2b512c58b000 ---p 000db000 00:3d 136611073                  /cvmfs/sft.cern.ch/lcg/releases/ROOT/v6.20.02-10e75/x86_64-centos7-gcc8-opt/lib/libGpad.so
2b512c58b000-2b512c595000 r--p 000da000 00:3d 136611073                  /cvmfs/sft.cern.ch/lcg/releases/ROOT/v6.20.02-10e75/x86_64-centos7-gcc8-opt/lib/libGpad.so
2b512c595000-2b512c597000 rw-p 000e4000 00:3d 136611073                  /cvmfs/sft.cern.ch/lcg/releases/ROOT/v6.20.02-10e75/x86_64-centos7-gcc8-opt/lib/libGpad.so
2b512c597000-2b512c598000 rw-p 00000000 00:00 0 
2b512c598000-2b512c66c000 r-xp 00000000 00:3d 136611787                  /cvmfs/sft.cern.ch/lcg/releases/ROOT/v6.20.02-10e75/x86_64-centos7-gcc8-opt/lib/libROOTVecOps.so
2b512c66c000-2b512c86b000 ---p 000d4000 00:3d 136611787                  /cvmfs/sft.cern.ch/lcg/releases/ROOT/v6.20.02-10e75/x86_64-centos7-gcc8-opt/lib/libROOTVecOps.so
2b512c86b000-2b512c86d000 r--p 000d3000 00:3d 136611787                  /cvmfs/sft.cern.ch/lcg/releases/ROOT/v6.20.02-10e75/x86_64-centos7-gcc8-opt/lib/libROOTVecOps.so
2b512c86d000-2b512c86e000 rw-p 000d5000 00:3d 136611787                  /cvmfs/sft.cern.ch/lcg/releases/ROOT/v6.20.02-10e75/x86_64-centos7-gcc8-opt/lib/libROOTVecOps.so
2b512c86e000-2b512c870000 rw-p 00000000 00:00 0 
2b512c870000-2b512c9da000 r-xp 00000000 00:3d 136611154                  /cvmfs/sft.cern.ch/lcg/releases/ROOT/v6.20.02-10e75/x86_64-centos7-gcc8-opt/lib/libTree.so
2b512c9da000-2b512cbd9000 ---p 0016a000 00:3d 136611154                  /cvmfs/sft.cern.ch/lcg/releases/ROOT/v6.20.02-10e75/x86_64-centos7-gcc8-opt/lib/libTree.so
2b512cbd9000-2b512cbe9000 r--p 00169000 00:3d 136611154                  /cvmfs/sft.cern.ch/lcg/releases/ROOT/v6.20.02-10e75/x86_64-centos7-gcc8-opt/lib/libTree.so
2b512cbe9000-2b512cbec000 rw-p 00179000 00:3d 136611154                  /cvmfs/sft.cern.ch/lcg/releases/ROOT/v6.20.02-10e75/x86_64-centos7-gcc8-opt/lib/libTree.so
2b512cbec000-2b512cbf0000 rw-p 00000000 00:00 0 
2b512cbf0000-2b512cd61000 r-xp 00000000 00:3d 136611791                  /cvmfs/sft.cern.ch/lcg/releases/ROOT/v6.20.02-10e75/x86_64-centos7-gcc8-opt/lib/libTreePlayer.so
2b512cd61000-2b512cf61000 ---p 00171000 00:3d 136611791                  /cvmfs/sft.cern.ch/lcg/releases/ROOT/v6.20.02-10e75/x86_64-centos7-gcc8-opt/lib/libTreePlayer.so
2b512cf61000-2b512cf6c000 r--p 00171000 00:3d 136611791                  /cvmfs/sft.cern.ch/lcg/releases/ROOT/v6.20.02-10e75/x86_64-centos7-gcc8-opt/lib/libTreePlayer.so
2b512cf6c000-2b512cf6e000 rw-p 0017c000 00:3d 136611791                  /cvmfs/sft.cern.ch/lcg/releases/ROOT/v6.20.02-10e75/x86_64-centos7-gcc8-opt/lib/libTreePlayer.so
2b512cf6e000-2b512cf75000 rw-p 00000000 00:00 0 
2b512cf75000-2b512cf9c000 r-xp 00000000 00:3d 136614246                  /cvmfs/sft.cern.ch/lcg/releases/ROOT/v6.20.02-10e75/x86_64-centos7-gcc8-opt/lib/libRint.so
2b512cf9c000-2b512d19b000 ---p 00027000 00:3d 136614246                  /cvmfs/sft.cern.ch/lcg/releases/ROOT/v6.20.02-10e75/x86_64-centos7-gcc8-opt/lib/libRint.so
2b512d19b000-2b512d19d000 r--p 00026000 00:3d 136614246                  /cvmfs/sft.cern.ch/lcg/releases/ROOT/v6.20.02-10e75/x86_64-centos7-gcc8-opt/lib/libRint.so
2b512d19d000-2b512d19e000 rw-p 00028000 00:3d 136614246                  /cvmfs/sft.cern.ch/lcg/releases/ROOT/v6.20.02-10e75/x86_64-centos7-gcc8-opt/lib/libRint.so
2b512d19e000-2b512d20d000 r-xp 00000000 00:3d 136612001                  /cvmfs/sft.cern.ch/lcg/releases/ROOT/v6.20.02-10e75/x86_64-centos7-gcc8-opt/lib/libPostscript.so
2b512d20d000-2b512d40d000 ---p 0006f000 00:3d 136612001                  /cvmfs/sft.cern.ch/lcg/releases/ROOT/v6.20.02-10e75/x86_64-centos7-gcc8-opt/lib/libPostscript.so
2b512d40d000-2b512d414000 r--p 0006f000 00:3d 136612001                  /cvmfs/sft.cern.ch/lcg/releases/ROOT/v6.20.02-10e75/x86_64-centos7-gcc8-opt/lib/libPostscript.so
2b512d414000-2b512d415000 rw-p 00076000 00:3d 136612001                  /cvmfs/sft.cern.ch/lcg/releases/ROOT/v6.20.02-10e75/x86_64-centos7-gcc8-opt/lib/libPostscript.so
2b512d415000-2b512d416000 rw-p 00000000 00:00 0 
2b512d416000-2b512d581000 r-xp 00000000 00:3d 136612115                  /cvmfs/sft.cern.ch/lcg/releases/ROOT/v6.20.02-10e75/x86_64-centos7-gcc8-opt/lib/libMatrix.so
2b512d581000-2b512d780000 ---p 0016b000 00:3d 136612115                  /cvmfs/sft.cern.ch/lcg/releases/ROOT/v6.20.02-10e75/x86_64-centos7-gcc8-opt/lib/libMatrix.so
2b512d780000-2b512d788000 r--p 0016a000 00:3d 136612115                  /cvmfs/sft.cern.ch/lcg/releases/ROOT/v6.20.02-10e75/x86_64-centos7-gcc8-opt/lib/libMatrix.so
2b512d788000-2b512d78a000 rw-p 00172000 00:3d 136612115                  /cvmfs/sft.cern.ch/lcg/releases/ROOT/v6.20.02-10e75/x86_64-centos7-gcc8-opt/lib/libMatrix.so
2b512d78a000-2b512d78e000 rw-p 00000000 00:00 0 
2b512d78e000-2b512d7d6000 r-xp 00000000 00:3d 136611825                  /cvmfs/sft.cern.ch/lcg/releases/ROOT/v6.20.02-10e75/x86_64-centos7-gcc8-opt/lib/libPhysics.so
2b512d7d6000-2b512d9d6000 ---p 00048000 00:3d 136611825                  /cvmfs/sft.cern.ch/lcg/releases/ROOT/v6.20.02-10e75/x86_64-centos7-gcc8-opt/lib/libPhysics.so
2b512d9d6000-2b512d9d9000 r--p 00048000 00:3d 136611825                  /cvmfs/sft.cern.ch/lcg/releases/ROOT/v6.20.02-10e75/x86_64-centos7-gcc8-opt/lib/libPhysics.so
2b512d9d9000-2b512d9da000 rw-p 0004b000 00:3d 136611825                  /cvmfs/sft.cern.ch/lcg/releases/ROOT/v6.20.02-10e75/x86_64-centos7-gcc8-opt/lib/libPhysics.so
2b512d9da000-2b512d9db000 rw-p 00000000 00:00 0 
2b512d9db000-2b512dbd6000 r-xp 00000000 00:3d 136610999                  /cvmfs/sft.cern.ch/lcg/releases/ROOT/v6.20.02-10e75/x86_64-centos7-gcc8-opt/lib/libMathCore.so
2b512dbd6000-2b512ddd6000 ---p 001fb000 00:3d 136610999                  /cvmfs/sft.cern.ch/lcg/releases/ROOT/v6.20.02-10e75/x86_64-centos7-gcc8-opt/lib/libMathCore.so
2b512ddd6000-2b512dde0000 r--p 001fb000 00:3d 136610999                  /cvmfs/sft.cern.ch/lcg/releases/ROOT/v6.20.02-10e75/x86_64-centos7-gcc8-opt/lib/libMathCore.so
2b512dde0000-2b512dde3000 rw-p 00205000 00:3d 136610999                  /cvmfs/sft.cern.ch/lcg/releases/ROOT/v6.20.02-10e75/x86_64-centos7-gcc8-opt/lib/libMathCore.so
2b512dde3000-2b512ddec000 rw-p 00000000 00:00 0 
2b512ddec000-2b512de3b000 r-xp 00000000 00:3d 136611086                  /cvmfs/sft.cern.ch/lcg/releases/ROOT/v6.20.02-10e75/x86_64-centos7-gcc8-opt/lib/libThread.so
2b512de3b000-2b512e03a000 ---p 0004f000 00:3d 136611086                  /cvmfs/sft.cern.ch/lcg/releases/ROOT/v6.20.02-10e75/x86_64-centos7-gcc8-opt/lib/libThread.so
2b512e03a000-2b512e03e000 r--p 0004e000 00:3d 136611086                  /cvmfs/sft.cern.ch/lcg/releases/ROOT/v6.20.02-10e75/x86_64-centos7-gcc8-opt/lib/libThread.so
2b512e03e000-2b512e03f000 rw-p 00052000 00:3d 136611086                  /cvmfs/sft.cern.ch/lcg/releases/ROOT/v6.20.02-10e75/x86_64-centos7-gcc8-opt/lib/libThread.so
2b512e03f000-2b512e041000 rw-p 00000000 00:00 0 
2b512e041000-2b512e04d000 r-xp 00000000 00:3d 136611088                  /cvmfs/sft.cern.ch/lcg/releases/ROOT/v6.20.02-10e75/x86_64-centos7-gcc8-opt/lib/libMultiProc.so
2b512e04d000-2b512e24c000 ---p 0000c000 00:3d 136611088                  /cvmfs/sft.cern.ch/lcg/releases/ROOT/v6.20.02-10e75/x86_64-centos7-gcc8-opt/lib/libMultiProc.so
2b512e24c000-2b512e24d000 r--p 0000b000 00:3d 136611088                  /cvmfs/sft.cern.ch/lcg/releases/ROOT/v6.20.02-10e75/x86_64-centos7-gcc8-opt/lib/libMultiProc.so
2b512e24d000-2b512e24e000 rw-p 0000c000 00:3d 136611088                  /cvmfs/sft.cern.ch/lcg/releases/ROOT/v6.20.02-10e75/x86_64-centos7-gcc8-opt/lib/libMultiProc.so
2b512e24e000-2b512e300000 r-xp 00000000 00:3d 136611082                  /cvmfs/sft.cern.ch/lcg/releases/ROOT/v6.20.02-10e75/x86_64-centos7-gcc8-opt/lib/libROOTDataFrame.so
2b512e300000-2b512e500000 ---p 000b2000 00:3d 136611082                  /cvmfs/sft.cern.ch/lcg/releases/ROOT/v6.20.02-10e75/x86_64-centos7-gcc8-opt/lib/libROOTDataFrame.so
2b512e500000-2b512e503000 r--p 000b2000 00:3d 136611082                  /cvmfs/sft.cern.ch/lcg/releases/ROOT/v6.20.02-10e75/x86_64-centos7-gcc8-opt/lib/libROOTDataFrame.so
2b512e503000-2b512e505000 rw-p 000b5000 00:3d 136611082                  /cvmfs/sft.cern.ch/lcg/releases/ROOT/v6.20.02-10e75/x86_64-centos7-gcc8-opt/lib/libROOTDataFrame.so
2b512e505000-2b512e508000 rw-p 00000000 00:00 0 
2b512e508000-2b512e50a000 r-xp 00000000 103:02 6381492                   /usr/lib64/libdl-2.17.so
2b512e50a000-2b512e70a000 ---p 00002000 103:02 6381492                   /usr/lib64/libdl-2.17.so
2b512e70a000-2b512e70b000 r--p 00002000 103:02 6381492                   /usr/lib64/libdl-2.17.so
2b512e70b000-2b512e70c000 rw-p 00003000 103:02 6381492                   /usr/lib64/libdl-2.17.so
2b512e70c000-2b512eb6b000 r-xp 00000000 00:3d 136611629                  /cvmfs/sft.cern.ch/lcg/releases/ROOT/v6.20.02-10e75/x86_64-centos7-gcc8-opt/lib/libGui.so
2b512eb6b000-2b512ed6b000 ---p 0045f000 00:3d 136611629                  /cvmfs/sft.cern.ch/lcg/releases/ROOT/v6.20.02-10e75/x86_64-centos7-gcc8-opt/lib/libGui.so
2b512ed6b000-2b512edb7000 r--p 0045f000 00:3d 136611629                  /cvmfs/sft.cern.ch/lcg/releases/ROOT/v6.20.02-10e75/x86_64-centos7-gcc8-opt/lib/libGui.so
2b512edb7000-2b512edbc000 rw-p 004ab000 00:3d 136611629                  /cvmfs/sft.cern.ch/lcg/releases/ROOT/v6.20.02-10e75/x86_64-centos7-gcc8-opt/lib/libGui.so
2b512edbc000-2b512edcd000 rw-p 00000000 00:00 0 
2b512edcd000-2b512eece000 r-xp 00000000 103:02 6381495                   /usr/lib64/libm-2.17.so
2b512eece000-2b512f0cd000 ---p 00101000 103:02 6381495                   /usr/lib64/libm-2.17.so
2b512f0cd000-2b512f0ce000 r--p 00100000 103:02 6381495                   /usr/lib64/libm-2.17.so
2b512f0ce000-2b512f0cf000 rw-p 00101000 103:02 6381495                   /usr/lib64/libm-2.17.so
2b512f0cf000-2b512f143000 r-xp 00000000 00:3d 136611566                  /cvmfs/sft.cern.ch/lcg/releases/ROOT/v6.20.02-10e75/x86_64-centos7-gcc8-opt/lib/libGenVector.so
2b512f143000-2b512f342000 ---p 00074000 00:3d 136611566                  /cvmfs/sft.cern.ch/lcg/releases/ROOT/v6.20.02-10e75/x86_64-centos7-gcc8-opt/lib/libGenVector.so
2b512f342000-2b512f344000 r--p 00073000 00:3d 136611566                  /cvmfs/sft.cern.ch/lcg/releases/ROOT/v6.20.02-10e75/x86_64-centos7-gcc8-opt/lib/libGenVector.so
2b512f344000-2b512f345000 rw-p 00075000 00:3d 136611566                  /cvmfs/sft.cern.ch/lcg/releases/ROOT/v6.20.02-10e75/x86_64-centos7-gcc8-opt/lib/libGenVector.so
2b512f345000-2b512f34d000 rw-p 00000000 00:00 0 
2b512f34d000-2b512f391000 r-xp 00000000 00:3d 136703086                  /cvmfs/sft.cern.ch/lcg/releases/fastjet/3.3.2-c962b/x86_64-centos7-gcc8-opt/lib/libfastjettools.so.0.0.0
2b512f391000-2b512f590000 ---p 00044000 00:3d 136703086                  /cvmfs/sft.cern.ch/lcg/releases/fastjet/3.3.2-c962b/x86_64-centos7-gcc8-opt/lib/libfastjettools.so.0.0.0
2b512f590000-2b512f592000 r--p 00043000 00:3d 136703086                  /cvmfs/sft.cern.ch/lcg/releases/fastjet/3.3.2-c962b/x86_64-centos7-gcc8-opt/lib/libfastjettools.so.0.0.0
2b512f592000-2b512f593000 rw-p 00045000 00:3d 136703086                  /cvmfs/sft.cern.ch/lcg/releases/fastjet/3.3.2-c962b/x86_64-centos7-gcc8-opt/lib/libfastjettools.so.0.0.0
2b512f593000-2b512f620000 r-xp 00000000 00:3d 136703107                  /cvmfs/sft.cern.ch/lcg/releases/fastjet/3.3.2-c962b/x86_64-centos7-gcc8-opt/lib/libfastjet.so.0.0.0
2b512f620000-2b512f81f000 ---p 0008d000 00:3d 136703107                  /cvmfs/sft.cern.ch/lcg/releases/fastjet/3.3.2-c962b/x86_64-centos7-gcc8-opt/lib/libfastjet.so.0.0.0
2b512f81f000-2b512f823000 r--p 0008c000 00:3d 136703107                  /cvmfs/sft.cern.ch/lcg/releases/fastjet/3.3.2-c962b/x86_64-centos7-gcc8-opt/lib/libfastjet.so.0.0.0
2b512f823000-2b512f824000 rw-p 00090000 00:3d 136703107                  /cvmfs/sft.cern.ch/lcg/releases/fastjet/3.3.2-c962b/x86_64-centos7-gcc8-opt/lib/libfastjet.so.0.0.0
2b512f824000-2b512f895000 r-xp 00000000 00:3d 136703087                  /cvmfs/sft.cern.ch/lcg/releases/fastjet/3.3.2-c962b/x86_64-centos7-gcc8-opt/lib/libfastjetplugins.so.0.0.0
2b512f895000-2b512fa94000 ---p 00071000 00:3d 136703087                  /cvmfs/sft.cern.ch/lcg/releases/fastjet/3.3.2-c962b/x86_64-centos7-gcc8-opt/lib/libfastjetplugins.so.0.0.0
2b512fa94000-2b512fa96000 r--p 00070000 00:3d 136703087                  /cvmfs/sft.cern.ch/lcg/releases/fastjet/3.3.2-c962b/x86_64-centos7-gcc8-opt/lib/libfastjetplugins.so.0.0.0
2b512fa96000-2b512fa98000 rw-p 00072000 00:3d 136703087                  /cvmfs/sft.cern.ch/lcg/releases/fastjet/3.3.2-c962b/x86_64-centos7-gcc8-opt/lib/libfastjetplugins.so.0.0.0
2b512fa98000-2b513b9fa000 rw-p 00000000 00:00 0 
2b513b9fa000-2b513ba15000 r-xp 00000000 00:3d 136703078                  /cvmfs/sft.cern.ch/lcg/releases/fastjet/3.3.2-c962b/x86_64-centos7-gcc8-opt/lib/libsiscone_spherical.so.0.0.0
2b513ba15000-2b513bc14000 ---p 0001b000 00:3d 136703078                  /cvmfs/sft.cern.ch/lcg/releases/fastjet/3.3.2-c962b/x86_64-centos7-gcc8-opt/lib/libsiscone_spherical.so.0.0.0
2b513bc14000-2b513bc15000 r--p 0001a000 00:3d 136703078                  /cvmfs/sft.cern.ch/lcg/releases/fastjet/3.3.2-c962b/x86_64-centos7-gcc8-opt/lib/libsiscone_spherical.so.0.0.0
2b513bc15000-2b513bc16000 rw-p 0001b000 00:3d 136703078                  /cvmfs/sft.cern.ch/lcg/releases/fastjet/3.3.2-c962b/x86_64-centos7-gcc8-opt/lib/libsiscone_spherical.so.0.0.0
2b513bc16000-2b513bc32000 r-xp 00000000 00:3d 136703088                  /cvmfs/sft.cern.ch/lcg/releases/fastjet/3.3.2-c962b/x86_64-centos7-gcc8-opt/lib/libsiscone.so.0.0.0
2b513bc32000-2b513be31000 ---p 0001c000 00:3d 136703088                  /cvmfs/sft.cern.ch/lcg/releases/fastjet/3.3.2-c962b/x86_64-centos7-gcc8-opt/lib/libsiscone.so.0.0.0
2b513be31000-2b513be32000 r--p 0001b000 00:3d 136703088                  /cvmfs/sft.cern.ch/lcg/releases/fastjet/3.3.2-c962b/x86_64-centos7-gcc8-opt/lib/libsiscone.so.0.0.0
2b513be32000-2b513be33000 rw-p 0001c000 00:3d 136703088                  /cvmfs/sft.cern.ch/lcg/releases/fastjet/3.3.2-c962b/x86_64-centos7-gcc8-opt/lib/libsiscone.so.0.0.0
2b513be33000-2b513c09f000 r-xp 00000000 00:3d 107301341                  /cvmfs/sft.cern.ch/lcg/releases/gcc/8.3.0-cebb0/x86_64-centos7/lib64/libgfortran.so.5.0.0
2b513c09f000-2b513c29f000 ---p 0026c000 00:3d 107301341                  /cvmfs/sft.cern.ch/lcg/releases/gcc/8.3.0-cebb0/x86_64-centos7/lib64/libgfortran.so.5.0.0
2b513c29f000-2b513c2a0000 r--p 0026c000 00:3d 107301341                  /cvmfs/sft.cern.ch/lcg/releases/gcc/8.3.0-cebb0/x86_64-centos7/lib64/libgfortran.so.5.0.0
2b513c2a0000-2b513c2a2000 rw-p 0026d000 00:3d 107301341                  /cvmfs/sft.cern.ch/lcg/releases/gcc/8.3.0-cebb0/x86_64-centos7/lib64/libgfortran.so.5.0.0
2b513c2a2000-2b513c358000 r-xp 00000000 00:3d 136044103                  /cvmfs/sft.cern.ch/lcg/releases/Boost/1.72.0-d1982/x86_64-centos7-gcc8-opt/lib/libboost_regex.so.1.72.0
2b513c358000-2b513c558000 ---p 000b6000 00:3d 136044103                  /cvmfs/sft.cern.ch/lcg/releases/Boost/1.72.0-d1982/x86_64-centos7-gcc8-opt/lib/libboost_regex.so.1.72.0
2b513c558000-2b513c55c000 r--p 000b6000 00:3d 136044103                  /cvmfs/sft.cern.ch/lcg/releases/Boost/1.72.0-d1982/x86_64-centos7-gcc8-opt/lib/libboost_regex.so.1.72.0
2b513c55c000-2b513c55d000 rw-p 000ba000 00:3d 136044103                  /cvmfs/sft.cern.ch/lcg/releases/Boost/1.72.0-d1982/x86_64-centos7-gcc8-opt/lib/libboost_regex.so.1.72.0
2b513c55d000-2b513c55e000 rw-p 00000000 00:00 0 
2b513c55e000-2b513c5d9000 r-xp 00000000 00:3d 136042739                  /cvmfs/sft.cern.ch/lcg/releases/Boost/1.72.0-d1982/x86_64-centos7-gcc8-opt/lib/libboost_program_options.so.1.72.0
2b513c5d9000-2b513c7d8000 ---p 0007b000 00:3d 136042739                  /cvmfs/sft.cern.ch/lcg/releases/Boost/1.72.0-d1982/x86_64-centos7-gcc8-opt/lib/libboost_program_options.so.1.72.0
2b513c7d8000-2b513c7dd000 r--p 0007a000 00:3d 136042739                  /cvmfs/sft.cern.ch/lcg/releases/Boost/1.72.0-d1982/x86_64-centos7-gcc8-opt/lib/libboost_program_options.so.1.72.0
2b513c7dd000-2b513c7de000 rw-p 0007f000 00:3d 136042739                  /cvmfs/sft.cern.ch/lcg/releases/Boost/1.72.0-d1982/x86_64-centos7-gcc8-opt/lib/libboost_program_options.so.1.72.0
2b513c7de000-2b513c7f9000 r-xp 00000000 00:3d 136042495                  /cvmfs/sft.cern.ch/lcg/releases/Boost/1.72.0-d1982/x86_64-centos7-gcc8-opt/lib/libboost_filesystem.so.1.72.0
2b513c7f9000-2b513c9f9000 ---p 0001b000 00:3d 136042495                  /cvmfs/sft.cern.ch/lcg/releases/Boost/1.72.0-d1982/x86_64-centos7-gcc8-opt/lib/libboost_filesystem.so.1.72.0
2b513c9f9000-2b513c9fa000 r--p 0001b000 00:3d 136042495                  /cvmfs/sft.cern.ch/lcg/releases/Boost/1.72.0-d1982/x86_64-centos7-gcc8-opt/lib/libboost_filesystem.so.1.72.0
2b513c9fa000-2b513c9fb000 rw-p 0001c000 00:3d 136042495                  /cvmfs/sft.cern.ch/lcg/releases/Boost/1.72.0-d1982/x86_64-centos7-gcc8-opt/lib/libboost_filesystem.so.1.72.0
2b513c9fb000-2b513ca44000 r-xp 00000000 00:2a 209596614                  /afs/cern.ch/user/y/yumiao/public/HGCAL_Raw_Data_Handling/CommonModeTB_submission_version/PFCal/PFCalEE/userlib/lib/libPFCalEEuserlib.so
2b513ca44000-2b513cc44000 ---p 00049000 00:2a 209596614                  /afs/cern.ch/user/y/yumiao/public/HGCAL_Raw_Data_Handling/CommonModeTB_submission_version/PFCal/PFCalEE/userlib/lib/libPFCalEEuserlib.so
2b513cc44000-2b513cc46000 r--p 00049000 00:2a 209596614                  /afs/cern.ch/user/y/yumiao/public/HGCAL_Raw_Data_Handling/CommonModeTB_submission_version/PFCal/PFCalEE/userlib/lib/libPFCalEEuserlib.so
2b513cc46000-2b513cc47000 rw-p 0004b000 00:2a 209596614                  /afs/cern.ch/user/y/yumiao/public/HGCAL_Raw_Data_Handling/CommonModeTB_submission_version/PFCal/PFCalEE/userlib/lib/libPFCalEEuserlib.so
2b513cc47000-2b513cc4a000 rw-p 00000000 00:00 0 
2b513cc4a000-2b513cdc3000 r-xp 00000000 00:3d 2809                       /cvmfs/sft.cern.ch/lcg/releases/gcc/8.3.0-cebb0/x86_64-centos7/lib64/libstdc++.so.6.0.25
2b513cdc3000-2b513cfc3000 ---p 00179000 00:3d 2809                       /cvmfs/sft.cern.ch/lcg/releases/gcc/8.3.0-cebb0/x86_64-centos7/lib64/libstdc++.so.6.0.25
2b513cfc3000-2b513cfcd000 r--p 00179000 00:3d 2809                       /cvmfs/sft.cern.ch/lcg/releases/gcc/8.3.0-cebb0/x86_64-centos7/lib64/libstdc++.so.6.0.25
2b513cfcd000-2b513cfcf000 rw-p 00183000 00:3d 2809                       /cvmfs/sft.cern.ch/lcg/releases/gcc/8.3.0-cebb0/x86_64-centos7/lib64/libstdc++.so.6.0.25
2b513cfcf000-2b513cfd3000 rw-p 00000000 00:00 0 
2b513cfd3000-2b513cfea000 r-xp 00000000 00:3d 2635                       /cvmfs/sft.cern.ch/lcg/releases/gcc/8.3.0-cebb0/x86_64-centos7/lib64/libgcc_s.so.1
2b513cfea000-2b513d1e9000 ---p 00017000 00:3d 2635                       /cvmfs/sft.cern.ch/lcg/releases/gcc/8.3.0-cebb0/x86_64-centos7/lib64/libgcc_s.so.1
2b513d1e9000-2b513d1ea000 r--p 00016000 00:3d 2635                       /cvmfs/sft.cern.ch/lcg/releases/gcc/8.3.0-cebb0/x86_64-centos7/lib64/libgcc_s.so.1
2b513d1ea000-2b513d1eb000 rw-p 00017000 00:3d 2635                       /cvmfs/sft.cern.ch/lcg/releases/gcc/8.3.0-cebb0/x86_64-centos7/lib64/libgcc_s.so.1
2b513d1eb000-2b513d202000 r-xp 00000000 103:02 6381518                   /usr/lib64/libpthread-2.17.so
2b513d202000-2b513d401000 ---p 00017000 103:02 6381518                   /usr/lib64/libpthread-2.17.so
2b513d401000-2b513d402000 r--p 00016000 103:02 6381518                   /usr/lib64/libpthread-2.17.so
2b513d402000-2b513d403000 rw-p 00017000 103:02 6381518                   /usr/lib64/libpthread-2.17.so
2b513d403000-2b513d407000 rw-p 00000000 00:00 0 
2b513d407000-2b513d5cb000 r-xp 00000000 103:02 6381483                   /usr/lib64/libc-2.17.so
2b513d5cb000-2b513d7ca000 ---p 001c4000 103:02 6381483                   /usr/lib64/libc-2.17.so
2b513d7ca000-2b513d7ce000 r--p 001c3000 103:02 6381483                   /usr/lib64/libc-2.17.so
2b513d7ce000-2b513d7d0000 rw-p 001c7000 103:02 6381483                   /usr/lib64/libc-2.17.so
2b513d7d0000-2b513d7d5000 rw-p 00000000 00:00 0 
2b513d7d5000-2b513d7fa000 r-xp 00000000 103:02 6382229                   /usr/lib64/liblzma.so.5.2.2
2b513d7fa000-2b513d9f9000 ---p 00025000 103:02 6382229                   /usr/lib64/liblzma.so.5.2.2
2b513d9f9000-2b513d9fa000 r--p 00024000 103:02 6382229                   /usr/lib64/liblzma.so.5.2.2
2b513d9fa000-2b513d9fb000 rw-p 00025000 103:02 6382229                   /usr/lib64/liblzma.so.5.2.2
2b513d9fb000-2b513da14000 r-xp 00000000 00:3d 3794183                    /cvmfs/sft.cern.ch/lcg/releases/zlib/1.2.11-da225/x86_64-centos7-gcc8-opt/lib/libz.so.1.2.11
2b513da14000-2b513dc13000 ---p 00019000 00:3d 3794183                    /cvmfs/sft.cern.ch/lcg/releases/zlib/1.2.11-da225/x86_64-centos7-gcc8-opt/lib/libz.so.1.2.11
2b513dc13000-2b513dc14000 r--p 00018000 00:3d 3794183                    /cvmfs/sft.cern.ch/lcg/releases/zlib/1.2.11-da225/x86_64-centos7-gcc8-opt/lib/libz.so.1.2.11
2b513dc14000-2b513dc15000 rw-p 00019000 00:3d 3794183                    /cvmfs/sft.cern.ch/lcg/releases/zlib/1.2.11-da225/x86_64-centos7-gcc8-opt/lib/libz.so.1.2.11
2b513dc15000-2b513dc53000 r-xp 00000000 00:3d 138071427                  /cvmfs/sft.cern.ch/lcg/releases/tbb/2020_U1-bbcac/x86_64-centos7-gcc8-opt/lib/libtbb.so.2
2b513dc53000-2b513de52000 ---p 0003e000 00:3d 138071427                  /cvmfs/sft.cern.ch/lcg/releases/tbb/2020_U1-bbcac/x86_64-centos7-gcc8-opt/lib/libtbb.so.2
2b513de52000-2b513de54000 r--p 0003d000 00:3d 138071427                  /cvmfs/sft.cern.ch/lcg/releases/tbb/2020_U1-bbcac/x86_64-centos7-gcc8-opt/lib/libtbb.so.2
2b513de54000-2b513de57000 rw-p 0003f000 00:3d 138071427                  /cvmfs/sft.cern.ch/lcg/releases/tbb/2020_U1-bbcac/x86_64-centos7-gcc8-opt/lib/libtbb.so.2
2b513de57000-2b513de59000 rw-p 00000000 00:00 0 
2b513de59000-2b513dec0000 r-xp 00000000 103:02 6387018                   /usr/lib64/libssl.so.1.0.2k
2b513dec0000-2b513e0c0000 ---p 00067000 103:02 6387018                   /usr/lib64/libssl.so.1.0.2k
2b513e0c0000-2b513e0c4000 r--p 00067000 103:02 6387018                   /usr/lib64/libssl.so.1.0.2k
2b513e0c4000-2b513e0cb000 rw-p 0006b000 103:02 6387018                   /usr/lib64/libssl.so.1.0.2k
2b513e0cb000-2b513e302000 r-xp 00000000 103:02 6380735                   /usr/lib64/libcrypto.so.1.0.2k
2b513e302000-2b513e501000 ---p 00237000 103:02 6380735                   /usr/lib64/libcrypto.so.1.0.2k
2b513e501000-2b513e51d000 r--p 00236000 103:02 6380735                   /usr/lib64/libcrypto.so.1.0.2k
2b513e51d000-2b513e52a000 rw-p 00252000 103:02 6380735                   /usr/lib64/libcrypto.so.1.0.2k
2b513e52a000-2b513e52e000 rw-p 00000000 00:00 0 
2b513e52e000-2b513e5c8000 r-xp 00000000 00:3d 136712825                  /cvmfs/sft.cern.ch/lcg/releases/freetype/2.10.0-e0596/x86_64-centos7-gcc8-opt/lib/libfreetype.so.6.17.0
2b513e5c8000-2b513e7c7000 ---p 0009a000 00:3d 136712825                  /cvmfs/sft.cern.ch/lcg/releases/freetype/2.10.0-e0596/x86_64-centos7-gcc8-opt/lib/libfreetype.so.6.17.0
2b513e7c7000-2b513e7ce000 r--p 00099000 00:3d 136712825                  /cvmfs/sft.cern.ch/lcg/releases/freetype/2.10.0-e0596/x86_64-centos7-gcc8-opt/lib/libfreetype.so.6.17.0
2b513e7ce000-2b513e7cf000 rw-p 000a0000 00:3d 136712825                  /cvmfs/sft.cern.ch/lcg/releases/freetype/2.10.0-e0596/x86_64-centos7-gcc8-opt/lib/libfreetype.so.6.17.0
2b513e7cf000-2b513e7da000 r-xp 00000000 00:3d 112674480                  /cvmfs/sft.cern.ch/lcg/releases/vdt/0.4.3-992df/x86_64-centos7-gcc8-opt/lib/libvdt.so
2b513e7da000-2b513e9da000 ---p 0000b000 00:3d 112674480                  /cvmfs/sft.cern.ch/lcg/releases/vdt/0.4.3-992df/x86_64-centos7-gcc8-opt/lib/libvdt.so
2b513e9da000-2b513e9db000 r--p 0000b000 00:3d 112674480                  /cvmfs/sft.cern.ch/lcg/releases/vdt/0.4.3-992df/x86_64-centos7-gcc8-opt/lib/libvdt.so
2b513e9db000-2b513e9dc000 rw-p 0000c000 00:3d 112674480                  /cvmfs/sft.cern.ch/lcg/releases/vdt/0.4.3-992df/x86_64-centos7-gcc8-opt/lib/libvdt.so
2b513e9dc000-2b513ea37000 r-xp 00000000 00:3d 136611823                  /cvmfs/sft.cern.ch/lcg/releases/ROOT/v6.20.02-10e75/x86_64-centos7-gcc8-opt/lib/libROOTNTuple.so
2b513ea37000-2b513ec37000 ---p 0005b000 00:3d 136611823                  /cvmfs/sft.cern.ch/lcg/releases/ROOT/v6.20.02-10e75/x86_64-centos7-gcc8-opt/lib/libROOTNTuple.so
2b513ec37000-2b513ec39000 r--p 0005b000 00:3d 136611823                  /cvmfs/sft.cern.ch/lcg/releases/ROOT/v6.20.02-10e75/x86_64-centos7-gcc8-opt/lib/libROOTNTuple.so
2b513ec39000-2b513ec3a000 rw-p 0005d000 00:3d 136611823                  /cvmfs/sft.cern.ch/lcg/releases/ROOT/v6.20.02-10e75/x86_64-centos7-gcc8-opt/lib/libROOTNTuple.so
2b513ec3a000-2b513ec3b000 rw-p 00000000 00:00 0 
2b513ec3b000-2b513ed45000 r-xp 00000000 00:3d 138008379                  /cvmfs/sft.cern.ch/lcg/releases/sqlite/3280000-472f2/x86_64-centos7-gcc8-opt/lib/libsqlite3.so.0.8.6
2b513ed45000-2b513ef44000 ---p 0010a000 00:3d 138008379                  /cvmfs/sft.cern.ch/lcg/releases/sqlite/3280000-472f2/x86_64-centos7-gcc8-opt/lib/libsqlite3.so.0.8.6
2b513ef44000-2b513ef47000 r--p 00109000 00:3d 138008379                  /cvmfs/sft.cern.ch/lcg/releases/sqlite/3280000-472f2/x86_64-centos7-gcc8-opt/lib/libsqlite3.so.0.8.6
2b513ef47000-2b513ef4a000 rw-p 0010c000 00:3d 138008379                  /cvmfs/sft.cern.ch/lcg/releases/sqlite/3280000-472f2/x86_64-centos7-gcc8-opt/lib/libsqlite3.so.0.8.6
2b513ef4a000-2b513ef4b000 rw-p 00000000 00:00 0 
2b513ef4b000-2b513ef8a000 r-xp 00000000 00:3d 107301640                  /cvmfs/sft.cern.ch/lcg/releases/gcc/8.3.0-cebb0/x86_64-centos7/lib64/libquadmath.so.0.0.0
2b513ef8a000-2b513f189000 ---p 0003f000 00:3d 107301640                  /cvmfs/sft.cern.ch/lcg/releases/gcc/8.3.0-cebb0/x86_64-centos7/lib64/libquadmath.so.0.0.0
2b513f189000-2b513f18a000 r--p 0003e000 00:3d 107301640                  /cvmfs/sft.cern.ch/lcg/releases/gcc/8.3.0-cebb0/x86_64-centos7/lib64/libquadmath.so.0.0.0
2b513f18a000-2b513f18b000 rw-p 0003f000 00:3d 107301640                  /cvmfs/sft.cern.ch/lcg/releases/gcc/8.3.0-cebb0/x86_64-centos7/lib64/libquadmath.so.0.0.0
2b513f18b000-2b513f192000 r-xp 00000000 103:02 7780000                   /usr/lib64/librt-2.17.so
2b513f192000-2b513f391000 ---p 00007000 103:02 7780000                   /usr/lib64/librt-2.17.so
2b513f391000-2b513f392000 r--p 00006000 103:02 7780000                   /usr/lib64/librt-2.17.so
2b513f392000-2b513f393000 rw-p 00007000 103:02 7780000                   /usr/lib64/librt-2.17.so
2b513f393000-2b513f3dd000 r-xp 00000000 103:02 6299553                   /usr/lib64/libgssapi_krb5.so.2.2
2b513f3dd000-2b513f5dd000 ---p 0004a000 103:02 6299553                   /usr/lib64/libgssapi_krb5.so.2.2
2b513f5dd000-2b513f5de000 r--p 0004a000 103:02 6299553                   /usr/lib64/libgssapi_krb5.so.2.2
2b513f5de000-2b513f5e0000 rw-p 0004b000 103:02 6299553                   /usr/lib64/libgssapi_krb5.so.2.2
2b513f5e0000-2b513f6b9000 r-xp 00000000 103:02 6299561                   /usr/lib64/libkrb5.so.3.3
2b513f6b9000-2b513f8b8000 ---p 000d9000 103:02 6299561                   /usr/lib64/libkrb5.so.3.3
2b513f8b8000-2b513f8c6000 r--p 000d8000 103:02 6299561                   /usr/lib64/libkrb5.so.3.3
2b513f8c6000-2b513f8c9000 rw-p 000e6000 103:02 6299561                   /usr/lib64/libkrb5.so.3.3
2b513f8c9000-2b513f8cc000 r-xp 00000000 103:02 6381831                   /usr/lib64/libcom_err.so.2.1
2b513f8cc000-2b513facb000 ---p 00003000 103:02 6381831                   /usr/lib64/libcom_err.so.2.1
2b513facb000-2b513facc000 r--p 00002000 103:02 6381831                   /usr/lib64/libcom_err.so.2.1
2b513facc000-2b513facd000 rw-p 00003000 103:02 6381831                   /usr/lib64/libcom_err.so.2.1
2b513facd000-2b513fafe000 r-xp 00000000 103:02 6299556                   /usr/lib64/libk5crypto.so.3.1
2b513fafe000-2b513fcfd000 ---p 00031000 103:02 6299556                   /usr/lib64/libk5crypto.so.3.1
2b513fcfd000-2b513fcff000 r--p 00030000 103:02 6299556                   /usr/lib64/libk5crypto.so.3.1
2b513fcff000-2b513fd00000 rw-p 00032000 103:02 6299556                   /usr/lib64/libk5crypto.so.3.1
2b513fd00000-2b513fd0e000 r-xp 00000000 103:02 6299563                   /usr/lib64/libkrb5support.so.0.1
2b513fd0e000-2b513ff0e000 ---p 0000e000 103:02 6299563                   /usr/lib64/libkrb5support.so.0.1
2b513ff0e000-2b513ff0f000 r--p 0000e000 103:02 6299563                   /usr/lib64/libkrb5support.so.0.1
2b513ff0f000-2b513ff10000 rw-p 0000f000 103:02 6299563                   /usr/lib64/libkrb5support.so.0.1
2b513ff10000-2b513ff13000 r-xp 00000000 103:02 6382087                   /usr/lib64/libkeyutils.so.1.5
2b513ff13000-2b5140112000 ---p 00003000 103:02 6382087                   /usr/lib64/libkeyutils.so.1.5
2b5140112000-2b5140113000 r--p 00002000 103:02 6382087                   /usr/lib64/libkeyutils.so.1.5
2b5140113000-2b5140114000 rw-p 00003000 103:02 6382087                   /usr/lib64/libkeyutils.so.1.5
2b5140114000-2b514012a000 r-xp 00000000 103:02 7228826                   /usr/lib64/libresolv-2.17.so
2b514012a000-2b514032a000 ---p 00016000 103:02 7228826                   /usr/lib64/libresolv-2.17.so
2b514032a000-2b514032b000 r--p 00016000 103:02 7228826                   /usr/lib64/libresolv-2.17.so
2b514032b000-2b514032c000 rw-p 00017000 103:02 7228826                   /usr/lib64/libresolv-2.17.so
2b514032c000-2b514032e000 rw-p 00000000 00:00 0 
2b514032e000-2b5140352000 r-xp 00000000 103:02 6382103                   /usr/lib64/libselinux.so.1
2b5140352000-2b5140551000 ---p 00024000 103:02 6382103                   /usr/lib64/libselinux.so.1
2b5140551000-2b5140552000 r--p 00023000 103:02 6382103                   /usr/lib64/libselinux.so.1
2b5140552000-2b5140553000 rw-p 00024000 103:02 6382103                   /usr/lib64/libselinux.so.1
2b5140553000-2b5140555000 rw-p 00000000 00:00 0 
2b5140555000-2b51405c4000 r-xp 00000000 00:3d 105713502                  /cvmfs/sft.cern.ch/lcg/releases/pcre/8.43-5c0c1/x86_64-centos7-gcc8-opt/lib/libpcre.so.1.2.11
2b51405c4000-2b51407c4000 ---p 0006f000 00:3d 105713502                  /cvmfs/sft.cern.ch/lcg/releases/pcre/8.43-5c0c1/x86_64-centos7-gcc8-opt/lib/libpcre.so.1.2.11
2b51407c4000-2b51407c5000 r--p 0006f000 00:3d 105713502                  /cvmfs/sft.cern.ch/lcg/releases/pcre/8.43-5c0c1/x86_64-centos7-gcc8-opt/lib/libpcre.so.1.2.11
2b51407c5000-2b51407c6000 rw-p 00070000 00:3d 105713502                  /cvmfs/sft.cern.ch/lcg/releases/pcre/8.43-5c0c1/x86_64-centos7-gcc8-opt/lib/libpcre.so.1.2.11
2b51407c6000-2b51407d2000 r-xp 00000000 103:02 6381509                   /usr/lib64/libnss_files-2.17.so
2b51407d2000-2b51409d1000 ---p 0000c000 103:02 6381509                   /usr/lib64/libnss_files-2.17.so
2b51409d1000-2b51409d2000 r--p 0000b000 103:02 6381509                   /usr/lib64/libnss_files-2.17.so
2b51409d2000-2b51409d3000 rw-p 0000c000 103:02 6381509                   /usr/lib64/libnss_files-2.17.so
2b51409d3000-2b51409d9000 rw-p 00000000 00:00 0 
2b51409d9000-2b51409e1000 r-xp 00000000 103:02 6402903                   /usr/lib64/libnss_sss.so.2
2b51409e1000-2b5140be0000 ---p 00008000 103:02 6402903                   /usr/lib64/libnss_sss.so.2
2b5140be0000-2b5140be1000 r--p 00007000 103:02 6402903                   /usr/lib64/libnss_sss.so.2
2b5140be1000-2b5140be2000 rw-p 00008000 103:02 6402903                   /usr/lib64/libnss_sss.so.2
2b5140be2000-2b514144d000 r--s 00000000 103:02 553649496                 /var/lib/sss/mc/passwd
2b514144d000-2b5144334000 r-xp 00000000 00:3d 136611344                  /cvmfs/sft.cern.ch/lcg/releases/ROOT/v6.20.02-10e75/x86_64-centos7-gcc8-opt/lib/libCling.so
2b5144334000-2b5144534000 ---p 02ee7000 00:3d 136611344                  /cvmfs/sft.cern.ch/lcg/releases/ROOT/v6.20.02-10e75/x86_64-centos7-gcc8-opt/lib/libCling.so
2b5144534000-2b5144746000 r--p 02ee7000 00:3d 136611344                  /cvmfs/sft.cern.ch/lcg/releases/ROOT/v6.20.02-10e75/x86_64-centos7-gcc8-opt/lib/libCling.so
2b5144746000-2b5144751000 rw-p 030f9000 00:3d 136611344                  /cvmfs/sft.cern.ch/lcg/releases/ROOT/v6.20.02-10e75/x86_64-centos7-gcc8-opt/lib/libCling.so
2b5144751000-2b514477e000 rw-p 00000000 00:00 0 
2b514477e000-2b51447a3000 r-xp 00000000 103:02 6382059                   /usr/lib64/libtinfo.so.5.9
2b51447a3000-2b51449a3000 ---p 00025000 103:02 6382059                   /usr/lib64/libtinfo.so.5.9
2b51449a3000-2b51449a7000 r--p 00025000 103:02 6382059                   /usr/lib64/libtinfo.so.5.9
2b51449a7000-2b51449a8000 rw-p 00029000 103:02 6382059                   /usr/lib64/libtinfo.so.5.9
2b51449a8000-2b5145cdc000 r--p 00000000 00:3d 136611872                  /cvmfs/sft.cern.ch/lcg/releases/ROOT/v6.20.02-10e75/x86_64-centos7-gcc8-opt/lib/std.pcm
2b5145cdc000-2b5145e1c000 r--p 00000000 00:3d 136611034                  /cvmfs/sft.cern.ch/lcg/releases/ROOT/v6.20.02-10e75/x86_64-centos7-gcc8-opt/lib/libc.pcm
2b5145e1c000-2b5145eb2000 r--p 00000000 00:3d 136611866                  /cvmfs/sft.cern.ch/lcg/releases/ROOT/v6.20.02-10e75/x86_64-centos7-gcc8-opt/lib/RDAVIX.pcm
2b5145eb2000-2b5145f2b000 r--p 00000000 00:3d 136611921                  /cvmfs/sft.cern.ch/lcg/releases/ROOT/v6.20.02-10e75/x86_64-centos7-gcc8-opt/lib/Genetic.pcm
2b5145f30000-2b5145fbc000 r--p 00000000 00:3d 136611046                  /cvmfs/sft.cern.ch/lcg/releases/ROOT/v6.20.02-10e75/x86_64-centos7-gcc8-opt/lib/Unfold.pcm
2b5145fbc000-2b5146027000 r--p 00000000 00:3d 136611023                  /cvmfs/sft.cern.ch/lcg/releases/ROOT/v6.20.02-10e75/x86_64-centos7-gcc8-opt/lib/RHTTPSniff.pcm
2b5146030000-2b5146424000 r--p 00000000 00:3d 136611100                  /cvmfs/sft.cern.ch/lcg/releases/ROOT/v6.20.02-10e75/x86_64-centos7-gcc8-opt/lib/_Builtin_intrinsics.pcm
2b5146424000-2b51464d5000 r--p 00000000 00:3d 136614145                  /cvmfs/sft.cern.ch/lcg/releases/ROOT/v6.20.02-10e75/x86_64-centos7-gcc8-opt/lib/ROOT_Foundation_Stage1_NoRTTI.pcm
2b51464d5000-2b5146dfc000 r--p 00000000 00:3d 136611055                  /cvmfs/sft.cern.ch/lcg/releases/ROOT/v6.20.02-10e75/x86_64-centos7-gcc8-opt/lib/Core.pcm
2b5146dfc000-2b5146e7f000 r--p 00000000 00:3d 136611843                  /cvmfs/sft.cern.ch/lcg/releases/ROOT/v6.20.02-10e75/x86_64-centos7-gcc8-opt/lib/GeomPainter.pcm
2b5146e7f000-2b5146f2e000 r--p 00000000 00:3d 136611650                  /cvmfs/sft.cern.ch/lcg/releases/ROOT/v6.20.02-10e75/x86_64-centos7-gcc8-opt/lib/TreeViewer.pcm
2b5146f2e000-2b5146faf000 r--p 00000000 00:3d 136611160                  /cvmfs/sft.cern.ch/lcg/releases/ROOT/v6.20.02-10e75/x86_64-centos7-gcc8-opt/lib/Foam.pcm
2b5146faf000-2b514703f000 r--p 00000000 00:3d 136611361                  /cvmfs/sft.cern.ch/lcg/releases/ROOT/v6.20.02-10e75/x86_64-centos7-gcc8-opt/lib/Spectrum.pcm
2b51470a0000-2b5147380000 r--p 00000000 00:3d 136611799                  /cvmfs/sft.cern.ch/lcg/releases/ROOT/v6.20.02-10e75/x86_64-centos7-gcc8-opt/lib/RIO.pcm
2b5147380000-2b5147510000 r--p 00000000 00:3d 136611132                  /cvmfs/sft.cern.ch/lcg/releases/ROOT/v6.20.02-10e75/x86_64-centos7-gcc8-opt/lib/Thread.pcm
2b5147510000-2b5147953000 r--p 00000000 00:3d 136611796                  /cvmfs/sft.cern.ch/lcg/releases/ROOT/v6.20.02-10e75/x86_64-centos7-gcc8-opt/lib/Hist.pcm
2b5147953000-2b5148143000 r--p 00000000 00:3d 136612025                  /cvmfs/sft.cern.ch/lcg/releases/ROOT/v6.20.02-10e75/x86_64-centos7-gcc8-opt/lib/MathCore.pcm
2b5148143000-2b5148208000 r--p 00000000 00:3d 136611285                  /cvmfs/sft.cern.ch/lcg/releases/ROOT/v6.20.02-10e75/x86_64-centos7-gcc8-opt/lib/Imt.pcm
2b5148208000-2b5148383000 r--p 00000000 00:3d 136611200                  /cvmfs/sft.cern.ch/lcg/releases/ROOT/v6.20.02-10e75/x86_64-centos7-gcc8-opt/lib/Matrix.pcm
2b5148383000-2b51483f9000 r--p 00000000 00:3d 136611637                  /cvmfs/sft.cern.ch/lcg/releases/ROOT/v6.20.02-10e75/x86_64-centos7-gcc8-opt/lib/XMLParser.pcm
2b51483f9000-2b5148526000 r--p 00000000 00:3d 136611864                  /cvmfs/sft.cern.ch/lcg/releases/ROOT/v6.20.02-10e75/x86_64-centos7-gcc8-opt/lib/RHTTP.pcm
2b5148526000-2b51485b1000 r--p 00000000 00:3d 136611845                  /cvmfs/sft.cern.ch/lcg/releases/ROOT/v6.20.02-10e75/x86_64-centos7-gcc8-opt/lib/HistPainter.pcm
2b51485b1000-2b51486ac000 r--p 00000000 00:3d 136611557                  /cvmfs/sft.cern.ch/lcg/releases/ROOT/v6.20.02-10e75/x86_64-centos7-gcc8-opt/lib/Graf.pcm
2b51486ac000-2b514873b000 r--p 00000000 00:3d 136611746                  /cvmfs/sft.cern.ch/lcg/releases/ROOT/v6.20.02-10e75/x86_64-centos7-gcc8-opt/lib/PyMVA.pcm
2b514873b000-2b514971c000 r--p 00000000 00:3d 136611006                  /cvmfs/sft.cern.ch/lcg/releases/ROOT/v6.20.02-10e75/x86_64-centos7-gcc8-opt/lib/TMVA.pcm
2b514971c000-2b514997e000 r--p 00000000 00:3d 136612116                  /cvmfs/sft.cern.ch/lcg/releases/ROOT/v6.20.02-10e75/x86_64-centos7-gcc8-opt/lib/Tree.pcm
2b514997e000-2b5149a89000 r--p 00000000 00:3d 136611868                  /cvmfs/sft.cern.ch/lcg/releases/ROOT/v6.20.02-10e75/x86_64-centos7-gcc8-opt/lib/Net.pcm
2b5149a89000-2b5149b9a000 r--p 00000000 00:3d 136611106                  /cvmfs/sft.cern.ch/lcg/releases/ROOT/v6.20.02-10e75/x86_64-centos7-gcc8-opt/lib/MultiProc.pcm
2b5149b9a000-2b5149c8f000 r--p 00000000 00:3d 136611730                  /cvmfs/sft.cern.ch/lcg/releases/ROOT/v6.20.02-10e75/x86_64-centos7-gcc8-opt/lib/XMLIO.pcm
2b5149c8f000-2b514a016000 r--p 00000000 00:3d 136611032                  /cvmfs/sft.cern.ch/lcg/releases/ROOT/v6.20.02-10e75/x86_64-centos7-gcc8-opt/lib/TreePlayer.pcm
2b514a016000-2b514a0e7000 r--p 00000000 00:3d 136611291                  /cvmfs/sft.cern.ch/lcg/releases/ROOT/v6.20.02-10e75/x86_64-centos7-gcc8-opt/lib/Gpad.pcm
2b514a0e7000-2b514a172000 r--p 00000000 00:3d 136611795                  /cvmfs/sft.cern.ch/lcg/releases/ROOT/v6.20.02-10e75/x86_64-centos7-gcc8-opt/lib/Minuit.pcm
2b514a172000-2b514acd6000 r--p 00000000 00:3d 136611583                  /cvmfs/sft.cern.ch/lcg/releases/ROOT/v6.20.02-10e75/x86_64-centos7-gcc8-opt/lib/ROOTDataFrame.pcm
2b514acd6000-2b514af6f000 r--p 00000000 00:3d 136611172                  /cvmfs/sft.cern.ch/lcg/releases/ROOT/v6.20.02-10e75/x86_64-centos7-gcc8-opt/lib/ROOTVecOps.pcm
2b514af6f000-2b514affc000 r--p 00000000 00:3d 136611152                  /cvmfs/sft.cern.ch/lcg/releases/ROOT/v6.20.02-10e75/x86_64-centos7-gcc8-opt/lib/Recorder.pcm
2b514b012000-2b514b113000 rw-p 00000000 00:00 0 
2b514b113000-2b514b1b7000 r--p 00000000 00:3d 136611030                  /cvmfs/sft.cern.ch/lcg/releases/ROOT/v6.20.02-10e75/x86_64-centos7-gcc8-opt/lib/FitPanel.pcm
2b514b1b7000-2b514b4e4000 r--p 00000000 00:3d 136611878                  /cvmfs/sft.cern.ch/lcg/releases/ROOT/v6.20.02-10e75/x86_64-centos7-gcc8-opt/lib/Gui.pcm
2b514b4e4000-2b514b5b1000 r--p 00000000 00:3d 136612071                  /cvmfs/sft.cern.ch/lcg/releases/ROOT/v6.20.02-10e75/x86_64-centos7-gcc8-opt/lib/ProofDraw.pcm
2b514b5b1000-2b514b69c000 r--p 00000000 00:3d 136611937                  /cvmfs/sft.cern.ch/lcg/releases/ROOT/v6.20.02-10e75/x86_64-centos7-gcc8-opt/lib/RMySQL.pcm
2b514b69c000-2b514b748000 r--p 00000000 00:3d 136611768                  /cvmfs/sft.cern.ch/lcg/releases/ROOT/v6.20.02-10e75/x86_64-centos7-gcc8-opt/lib/Unuran.pcm
2b514b748000-2b514b7df000 r--p 00000000 00:3d 136611834                  /cvmfs/sft.cern.ch/lcg/releases/ROOT/v6.20.02-10e75/x86_64-centos7-gcc8-opt/lib/Quadp.pcm
2b514b7df000-2b514be67000 r--p 00000000 00:3d 136611793                  /cvmfs/sft.cern.ch/lcg/releases/ROOT/v6.20.02-10e75/x86_64-centos7-gcc8-opt/lib/ROOTNTuple.pcm
2b514be67000-2b514c37e000 r--p 00000000 00:3d 136612044                  /cvmfs/sft.cern.ch/lcg/releases/ROOT/v6.20.02-10e75/x86_64-centos7-gcc8-opt/lib/Eve.pcm
2b514c37e000-2b514c46d000 r--p 00000000 00:3d 136612157                  /cvmfs/sft.cern.ch/lcg/releases/ROOT/v6.20.02-10e75/x86_64-centos7-gcc8-opt/lib/Ged.pcm
2b514c46d000-2b514c94d000 r--p 00000000 00:3d 136611098                  /cvmfs/sft.cern.ch/lcg/releases/ROOT/v6.20.02-10e75/x86_64-centos7-gcc8-opt/lib/RGL.pcm
2b514c94d000-2b514c9b5000 r--p 00000000 00:3d 136611336                  /cvmfs/sft.cern.ch/lcg/releases/ROOT/v6.20.02-10e75/x86_64-centos7-gcc8-opt/lib/RCsg.pcm
2b514c9b5000-2b514ca6c000 r--p 00000000 00:3d 136611168                  /cvmfs/sft.cern.ch/lcg/releases/ROOT/v6.20.02-10e75/x86_64-centos7-gcc8-opt/lib/Physics.pcm
2b514ca6c000-2b514caff000 r--p 00000000 00:3d 136611797                  /cvmfs/sft.cern.ch/lcg/releases/ROOT/v6.20.02-10e75/x86_64-centos7-gcc8-opt/lib/EG.pcm
2b514caff000-2b514cbd1000 r--p 00000000 00:3d 136611811                  /cvmfs/sft.cern.ch/lcg/releases/ROOT/v6.20.02-10e75/x86_64-centos7-gcc8-opt/lib/Graf3d.pcm
2b514cbd1000-2b514cec3000 r--p 00000000 00:3d 136611017                  /cvmfs/sft.cern.ch/lcg/releases/ROOT/v6.20.02-10e75/x86_64-centos7-gcc8-opt/lib/Geom.pcm
2b514cec3000-2b514d40a000 rw-p 00000000 00:00 0 
2b514d40a000-2b514d706000 r--p 00000000 00:3d 136611080                  /cvmfs/sft.cern.ch/lcg/releases/ROOT/v6.20.02-10e75/x86_64-centos7-gcc8-opt/lib/HistFactory.pcm
2b514d706000-2b514e5a9000 r--p 00000000 00:3d 136611929                  /cvmfs/sft.cern.ch/lcg/releases/ROOT/v6.20.02-10e75/x86_64-centos7-gcc8-opt/lib/RooFitCore.pcm
2b514e5a9000-2b514e754000 r--p 00000000 00:3d 136611886                  /cvmfs/sft.cern.ch/lcg/releases/ROOT/v6.20.02-10e75/x86_64-centos7-gcc8-opt/lib/Html.pcm
2b514e754000-2b514e7c8000 r--p 00000000 00:3d 136611084                  /cvmfs/sft.cern.ch/lcg/releases/ROOT/v6.20.02-10e75/x86_64-centos7-gcc8-opt/lib/DCache.pcm
2b514e7c8000-2b514e860000 r--p 00000000 00:3d 136611945                  /cvmfs/sft.cern.ch/lcg/releases/ROOT/v6.20.02-10e75/x86_64-centos7-gcc8-opt/lib/GuiHtml.pcm
2b514e860000-2b514e8f7000 r--p 00000000 00:3d 136611127                  /cvmfs/sft.cern.ch/lcg/releases/ROOT/v6.20.02-10e75/x86_64-centos7-gcc8-opt/lib/TMVAGui.pcm
2b514e8f7000-2b514e980000 r--p 00000000 00:3d 136612012                  /cvmfs/sft.cern.ch/lcg/releases/ROOT/v6.20.02-10e75/x86_64-centos7-gcc8-opt/lib/Postscript.pcm
2b514e980000-2b514eea4000 r--p 00000000 00:3d 136611632                  /cvmfs/sft.cern.ch/lcg/releases/ROOT/v6.20.02-10e75/x86_64-centos7-gcc8-opt/lib/ROOTEve.pcm
2b514eea4000-2b514f030000 r--p 00000000 00:3d 136611028                  /cvmfs/sft.cern.ch/lcg/releases/ROOT/v6.20.02-10e75/x86_64-centos7-gcc8-opt/lib/ROOTWebDisplay.pcm
2b514f030000-2b514f0a4000 r--p 00000000 00:3d 136611782                  /cvmfs/sft.cern.ch/lcg/releases/ROOT/v6.20.02-10e75/x86_64-centos7-gcc8-opt/lib/Fumili.pcm
2b514f0a4000-2b514f123000 r--p 00000000 00:3d 136611162                  /cvmfs/sft.cern.ch/lcg/releases/ROOT/v6.20.02-10e75/x86_64-centos7-gcc8-opt/lib/RooFitMore.pcm
2b514f123000-2b514f67e000 r--p 00000000 00:3d 136612141                  /cvmfs/sft.cern.ch/lcg/releases/ROOT/v6.20.02-10e75/x86_64-centos7-gcc8-opt/lib/ROOTGpadv7.pcm
2b514f67e000-2b514f6f0000 r--p 00000000 00:3d 136611804                  /cvmfs/sft.cern.ch/lcg/releases/ROOT/v6.20.02-10e75/x86_64-centos7-gcc8-opt/lib/X3d.pcm
2b514f6f0000-2b514f75d000 r--p 00000000 00:3d 136611880                  /cvmfs/sft.cern.ch/lcg/releases/ROOT/v6.20.02-10e75/x86_64-centos7-gcc8-opt/lib/SPlot.pcm
2b514f75d000-2b514f7cf000 r--p 00000000 00:3d 136611104                  /cvmfs/sft.cern.ch/lcg/releases/ROOT/v6.20.02-10e75/x86_64-centos7-gcc8-opt/lib/Hbook.pcm
2b514f7cf000-2b515052a000 r--p 00000000 00:3d 136611789                  /cvmfs/sft.cern.ch/lcg/releases/ROOT/v6.20.02-10e75/x86_64-centos7-gcc8-opt/lib/RooFit.pcm
2b515052a000-2b51509e4000 r--p 00000000 00:3d 136611695                  /cvmfs/sft.cern.ch/lcg/releases/ROOT/v6.20.02-10e75/x86_64-centos7-gcc8-opt/lib/Oracle.pcm
2b51509e4000-2b5150a51000 r--p 00000000 00:3d 136610980                  /cvmfs/sft.cern.ch/lcg/releases/ROOT/v6.20.02-10e75/x86_64-centos7-gcc8-opt/lib/GFAL.pcm
2b5150a51000-2b5150ac2000 r--p 00000000 00:3d 136610970                  /cvmfs/sft.cern.ch/lcg/releases/ROOT/v6.20.02-10e75/x86_64-centos7-gcc8-opt/lib/Rint.pcm
2b5150ac2000-2b5150e0e000 r--p 00000000 00:3d 136610879                  /cvmfs/sft.cern.ch/lcg/releases/ROOT/v6.20.02-10e75/x86_64-centos7-gcc8-opt/lib/RooStats.pcm
2b5150e0e000-2b5150ee7000 r--p 00000000 00:3d 136611817                  /cvmfs/sft.cern.ch/lcg/releases/ROOT/v6.20.02-10e75/x86_64-centos7-gcc8-opt/lib/GeomBuilder.pcm
2b5150ee7000-2b515102b000 rw-p 00000000 00:00 0 
2b515102b000-2b51511a5000 r--p 00000000 00:3d 136611784                  /cvmfs/sft.cern.ch/lcg/releases/ROOT/v6.20.02-10e75/x86_64-centos7-gcc8-opt/lib/Proof.pcm
2b51511a5000-2b515121a000 r--p 00000000 00:3d 136611809                  /cvmfs/sft.cern.ch/lcg/releases/ROOT/v6.20.02-10e75/x86_64-centos7-gcc8-opt/lib/FFTW.pcm
2b515121a000-2b51512a7000 r--p 00000000 00:3d 136610774                  /cvmfs/sft.cern.ch/lcg/releases/ROOT/v6.20.02-10e75/x86_64-centos7-gcc8-opt/lib/GuiBld.pcm
2b51512a7000-2b5151347000 r--p 00000000 00:3d 136611452                  /cvmfs/sft.cern.ch/lcg/releases/ROOT/v6.20.02-10e75/x86_64-centos7-gcc8-opt/lib/SQLIO.pcm
2b5151347000-2b51516c3000 r--p 00000000 00:3d 136611927                  /cvmfs/sft.cern.ch/lcg/releases/ROOT/v6.20.02-10e75/x86_64-centos7-gcc8-opt/lib/ROOTHistDraw.pcm
2b51516c3000-2b5151959000 r--p 00000000 00:3d 136610804                  /cvmfs/sft.cern.ch/lcg/releases/ROOT/v6.20.02-10e75/x86_64-centos7-gcc8-opt/lib/ROOTHist.pcm
2b5151959000-2b51519c7000 r--p 00000000 00:3d 136611319                  /cvmfs/sft.cern.ch/lcg/releases/ROOT/v6.20.02-10e75/x86_64-centos7-gcc8-opt/lib/GX11TTF.pcm
2b51519c7000-2b5151a3e000 r--p 00000000 00:3d 136611932                  /cvmfs/sft.cern.ch/lcg/releases/ROOT/v6.20.02-10e75/x86_64-centos7-gcc8-opt/lib/GX11.pcm
2b5151a3e000-2b5151aff000 r--p 00000000 00:3d 136611021                  /cvmfs/sft.cern.ch/lcg/releases/ROOT/v6.20.02-10e75/x86_64-centos7-gcc8-opt/lib/ProofPlayer.pcm
2b5151aff000-2b5151b7a000 r--p 00000000 00:3d 136611778                  /cvmfs/sft.cern.ch/lcg/releases/ROOT/v6.20.02-10e75/x86_64-centos7-gcc8-opt/lib/ASImage.pcm
2b5151b7a000-2b5151caa000 r--p 00000000 00:3d 136611164                  /cvmfs/sft.cern.ch/lcg/releases/ROOT/v6.20.02-10e75/x86_64-centos7-gcc8-opt/lib/MathMore.pcm
2b5151caa000-2b5151d51000 r--p 00000000 00:3d 136611016                  /cvmfs/sft.cern.ch/lcg/releases/ROOT/v6.20.02-10e75/x86_64-centos7-gcc8-opt/lib/Proofx.pcm
2b5151d51000-2b5151dc4000 r--p 00000000 00:3d 136611736                  /cvmfs/sft.cern.ch/lcg/releases/ROOT/v6.20.02-10e75/x86_64-centos7-gcc8-opt/lib/Netx.pcm
2b5151dc4000-2b5151e35000 r--p 00000000 00:3d 136611931                  /cvmfs/sft.cern.ch/lcg/releases/ROOT/v6.20.02-10e75/x86_64-centos7-gcc8-opt/lib/SpectrumPainter.pcm
2b5151e35000-2b51520d8000 r--p 00000000 00:3d 136611042                  /cvmfs/sft.cern.ch/lcg/releases/ROOT/v6.20.02-10e75/x86_64-centos7-gcc8-opt/lib/Minuit2.pcm
2b51520d8000-2b5152152000 r--p 00000000 00:3d 136611243                  /cvmfs/sft.cern.ch/lcg/releases/ROOT/v6.20.02-10e75/x86_64-centos7-gcc8-opt/lib/MLP.pcm
2b5152152000-2b51523f6000 r--p 00000000 00:3d 136611896                  /cvmfs/sft.cern.ch/lcg/releases/ROOT/v6.20.02-10e75/x86_64-centos7-gcc8-opt/lib/GenVector.pcm
2b51523f6000-2b5152480000 r--p 00000000 00:3d 136611766                  /cvmfs/sft.cern.ch/lcg/releases/ROOT/v6.20.02-10e75/x86_64-centos7-gcc8-opt/lib/NetxNG.pcm
2b5152480000-2b5152626000 r--p 00000000 00:3d 136612027                  /cvmfs/sft.cern.ch/lcg/releases/ROOT/v6.20.02-10e75/x86_64-centos7-gcc8-opt/lib/ROOTBrowserv7.pcm
2b5152626000-2b51526a1000 r--p 00000000 00:3d 136611139                  /cvmfs/sft.cern.ch/lcg/releases/ROOT/v6.20.02-10e75/x86_64-centos7-gcc8-opt/lib/RootAuth.pcm
2b51526a1000-2b5152712000 r--p 00000000 00:3d 136611005                  /cvmfs/sft.cern.ch/lcg/releases/ROOT/v6.20.02-10e75/x86_64-centos7-gcc8-opt/lib/ASImageGui.pcm
2b5152712000-2b515283a000 r--p 00000000 00:3d 136611305                  /cvmfs/sft.cern.ch/lcg/releases/ROOT/v6.20.02-10e75/x86_64-centos7-gcc8-opt/lib/Gdml.pcm
2b515283a000-2b51528c8000 r--p 00000000 00:3d 136611047                  /cvmfs/sft.cern.ch/lcg/releases/ROOT/v6.20.02-10e75/x86_64-centos7-gcc8-opt/lib/ProofBench.pcm
2b51528c8000-2b515294a000 r--p 00000000 00:3d 136611150                  /cvmfs/sft.cern.ch/lcg/releases/ROOT/v6.20.02-10e75/x86_64-centos7-gcc8-opt/lib/Gviz3d.pcm
2b515294a000-2b5152aa7000 r--p 00000000 00:3d 136611742                  /cvmfs/sft.cern.ch/lcg/releases/ROOT/v6.20.02-10e75/x86_64-centos7-gcc8-opt/lib/WebGui6.pcm
2b5152aa7000-2b5152b3d000 r--p 00000000 00:3d 136611754                  /cvmfs/sft.cern.ch/lcg/releases/ROOT/v6.20.02-10e75/x86_64-centos7-gcc8-opt/lib/ROOTGraphicsPrimitives.pcm
2b5152b3d000-2b5152c4f000 r--p 00000000 00:3d 136611882                  /cvmfs/sft.cern.ch/lcg/releases/ROOT/v6.20.02-10e75/x86_64-centos7-gcc8-opt/lib/ROOTFitPanelv7.pcm
2b5152c4f000-2b5152f06000 r--p 00000000 00:3d 136611892                  /cvmfs/sft.cern.ch/lcg/releases/ROOT/v6.20.02-10e75/x86_64-centos7-gcc8-opt/lib/Smatrix.pcm
2b5152f06000-2b5152f8a000 r--p 00000000 00:3d 136611074                  /cvmfs/sft.cern.ch/lcg/releases/ROOT/v6.20.02-10e75/x86_64-centos7-gcc8-opt/lib/PyROOT.pcm
2b5152f8a000-2b5153031000 r--p 00000000 00:3d 136611094                  /cvmfs/sft.cern.ch/lcg/releases/ROOT/v6.20.02-10e75/x86_64-centos7-gcc8-opt/lib/SessionViewer.pcm
2b5153031000-2b5153053000 r-xp 00000000 103:02 6381195                   /usr/lib64/ld-2.17.so
2b5153053000-2b5153252000 ---p 00022000 103:02 6381195                   /usr/lib64/ld-2.17.so
2b5153252000-2b5153253000 r--p 00021000 103:02 6381195                   /usr/lib64/ld-2.17.so
2b5153253000-2b5153254000 rw-p 00022000 103:02 6381195                   /usr/lib64/ld-2.17.so
2b5153254000-2b516b082000 rw-p 00000000 00:00 0 
2b516c000000-2b516c021000 rw-p 00000000 00:00 0 
2b516c021000-2b5170000000 ---p 00000000 00:00 0 
7ffca58b1000-7ffca58d5000 rw-p 00000000 00:00 0                          [stack]
7ffca59ed000-7ffca59ef000 r-xp 00000000 00:00 0                          [vdso]
ffffffffff600000-ffffffffff601000 r-xp 00000000 00:00 0                  [vsyscall]
condor_exec.exe: line 48:   407 Aborted                 (core dumped) /afs/cern.ch/user/y/yumiao/public/HGCAL_Raw_Data_Handling/CommonModeTB_submission_version/PFCal/PFCalEE/userlib/bin/digitizer -c /afs/cern.ch/user/y/yumiao/public/HGCAL_Raw_Data_Handling/CommonModeTB_submission_version/PFCal/PFCalEE/userlib/DigiConfig.cfg -n 0 -i /afs/cern.ch/user/y/yumiao/public/HGCAL_Raw_Data_Handling/CommonModeTB_submission_version/PFCal/PFCalEE/git2022Sep10_c2c1571/version_120/model_0/e-/BOFF/200u/HGcal_version120_model0_BOFF_en${ENERGY}_eta${ETA}_run${Step}.root -o $localdir/ --granulStr=0-1:1 --noiseStr=0-1:0.15 --threshStr=0-1:5 --interCalib=${IC} --nSiLayers=3 --nPU=${NPUVTX} --puPath=root://eoscms//eos/cms/store/cmst3/group/hgcal/Standalone/V12/MinBias/ -a false
error: unable to create directory (errc=1) (Operation not permitted)
[eos-cp] copied 1/1 files and 801 B in 0.04 seconds with 19.76 kB/s
Unable to stat /afs/cern.ch/user/y/yumiao/public/HGCAL_Raw_Data_Handling/CommonModeTB_submission_version/PFCal/PFCalEE/git2022Sep10_c2c1571/version_120/model_0/e-/BOFF/200u/Digi_300uversion120_model0_BOFF_npuvtx0_ic3_en150_eta500_run3.root; No such file or directory (errc=2) (No such file or directory)
condor_exec.exe: line 61: [: !=: unary operator expected
