000 (1834095.003.000) 07/19 10:48:19 Job submitted from host: <188.185.125.71:9618?addrs=188.185.125.71-9618+[2001-1458-d00-4a--100-15e]-9618&alias=bigbird28.cern.ch&noUDP&sock=schedd_1933_74a8>
...
040 (1834095.003.000) 07/19 10:51:24 Started transferring input files
	Transferring to host: <128.142.192.144:9618?addrs=128.142.192.144-9618+[2001-1458-301-56--100-c]-9618&alias=b7g18p1641.cern.ch&noUDP&sock=slot1_7_47953_f9f7_40232>
...
040 (1834095.003.000) 07/19 10:51:24 Finished transferring input files
...
001 (1834095.003.000) 07/19 10:51:25 Job executing on host: <128.142.192.144:9618?addrs=128.142.192.144-9618+[2001-1458-301-56--100-c]-9618&alias=b7g18p1641.cern.ch&noUDP&sock=startd_47901_ae24>
...
006 (1834095.003.000) 07/19 10:51:34 Image size of job updated: 3196
	4  -  MemoryUsage of job (MB)
	3192  -  ResidentSetSize of job (KB)
...
006 (1834095.003.000) 07/19 10:51:46 Image size of job updated: 716196
	4  -  MemoryUsage of job (MB)
	3192  -  ResidentSetSize of job (KB)
...
040 (1834095.003.000) 07/19 10:51:46 Started transferring output files
...
040 (1834095.003.000) 07/19 10:51:46 Finished transferring output files
...
005 (1834095.003.000) 07/19 10:51:46 Job terminated.
	(1) Normal termination (return value 0)
		Usr 0 00:00:02, Sys 0 00:00:02  -  Run Remote Usage
		Usr 0 00:00:00, Sys 0 00:00:00  -  Run Local Usage
		Usr 0 00:00:02, Sys 0 00:00:02  -  Total Remote Usage
		Usr 0 00:00:00, Sys 0 00:00:00  -  Total Local Usage
	10274  -  Run Bytes Sent By Job
	2611  -  Run Bytes Received By Job
	10274  -  Total Bytes Sent By Job
	2611  -  Total Bytes Received By Job
	Partitionable Resources :    Usage  Request Allocated 
	   Cpus                 :                 1         1 
	   Disk (KB)            :       26        3   3024222 
	   Memory (MB)          :        4     2000      2000 

	Job terminated of its own accord at 2023-07-19T08:51:46Z.
...
